0000000 317 372 355 376  \a  \0  \0 001 003  \0  \0  \0 002  \0  \0  \0
0000010 025  \0  \0  \0 250  \t  \0  \0 205  \0      \0  \0  \0  \0  \0
0000020 031  \0  \0  \0   H  \0  \0  \0   _   _   P   A   G   E   Z   E
0000030   R   O  \0  \0  \0  \0  \0  \0  \0  \0  \0  \0  \0  \0  \0  \0
0000040  \0  \0  \0  \0 001  \0  \0  \0  \0  \0  \0  \0  \0  \0  \0  \0
0000050  \0  \0  \0  \0  \0  \0  \0  \0  \0  \0  \0  \0  \0  \0  \0  \0
0000060  \0  \0  \0  \0  \0  \0  \0  \0 031  \0  \0  \0 310 002  \0  \0
0000070   _   _   T   E   X   T  \0  \0  \0  \0  \0  \0  \0  \0  \0  \0
0000080  \0  \0  \0  \0 001  \0  \0  \0  \0   @  \0  \0  \0  \0  \0  \0
0000090  \0  \0  \0  \0  \0  \0  \0  \0  \0   @  \0  \0  \0  \0  \0  \0
00000a0 005  \0  \0  \0 005  \0  \0  \0  \b  \0  \0  \0  \0  \0  \0  \0
00000b0   _   _   t   e   x   t  \0  \0  \0  \0  \0  \0  \0  \0  \0  \0
00000c0   _   _   T   E   X   T  \0  \0  \0  \0  \0  \0  \0  \0  \0  \0
00000d0 240   2  \0  \0 001  \0  \0  \0   ] 001  \0  \0  \0  \0  \0  \0
00000e0 240   2  \0  \0 004  \0  \0  \0  \0  \0  \0  \0  \0  \0  \0  \0
00000f0  \0 004  \0 200  \0  \0  \0  \0  \0  \0  \0  \0  \0  \0  \0  \0
0000100   _   _   s   t   u   b   s  \0  \0  \0  \0  \0  \0  \0  \0  \0
0000110   _   _   T   E   X   T  \0  \0  \0  \0  \0  \0  \0  \0  \0  \0
0000120 376   3  \0  \0 001  \0  \0  \0 036  \0  \0  \0  \0  \0  \0  \0
0000130 376   3  \0  \0 001  \0  \0  \0  \0  \0  \0  \0  \0  \0  \0  \0
0000140  \b 004  \0 200  \0  \0  \0  \0 006  \0  \0  \0  \0  \0  \0  \0
0000150   _   _   s   t   u   b   _   h   e   l   p   e   r  \0  \0  \0
0000160   _   _   T   E   X   T  \0  \0  \0  \0  \0  \0  \0  \0  \0  \0
0000170 034   4  \0  \0 001  \0  \0  \0   B  \0  \0  \0  \0  \0  \0  \0
0000180 034   4  \0  \0 002  \0  \0  \0  \0  \0  \0  \0  \0  \0  \0  \0
0000190  \0 004  \0 200  \0  \0  \0  \0  \0  \0  \0  \0  \0  \0  \0  \0
00001a0   _   _   o   b   j   c   _   m   e   t   h   n   a   m   e  \0
00001b0   _   _   T   E   X   T  \0  \0  \0  \0  \0  \0  \0  \0  \0  \0
00001c0   ^   4  \0  \0 001  \0  \0  \0 212 006  \0  \0  \0  \0  \0  \0
00001d0   ^   4  \0  \0  \0  \0  \0  \0  \0  \0  \0  \0  \0  \0  \0  \0
00001e0 002  \0  \0  \0  \0  \0  \0  \0  \0  \0  \0  \0  \0  \0  \0  \0
00001f0   _   _   o   b   j   c   _   c   l   a   s   s   n   a   m   e
0000200   _   _   T   E   X   T  \0  \0  \0  \0  \0  \0  \0  \0  \0  \0
0000210 350   :  \0  \0 001  \0  \0  \0   :  \0  \0  \0  \0  \0  \0  \0
0000220 350   :  \0  \0  \0  \0  \0  \0  \0  \0  \0  \0  \0  \0  \0  \0
0000230 002  \0  \0  \0  \0  \0  \0  \0  \0  \0  \0  \0  \0  \0  \0  \0
0000240   _   _   c   s   t   r   i   n   g  \0  \0  \0  \0  \0  \0  \0
0000250   _   _   T   E   X   T  \0  \0  \0  \0  \0  \0  \0  \0  \0  \0
0000260   "   ;  \0  \0 001  \0  \0  \0   }  \0  \0  \0  \0  \0  \0  \0
0000270   "   ;  \0  \0  \0  \0  \0  \0  \0  \0  \0  \0  \0  \0  \0  \0
0000280 002  \0  \0  \0  \0  \0  \0  \0  \0  \0  \0  \0  \0  \0  \0  \0
0000290   _   _   o   b   j   c   _   m   e   t   h   t   y   p   e  \0
00002a0   _   _   T   E   X   T  \0  \0  \0  \0  \0  \0  \0  \0  \0  \0
00002b0 237   ;  \0  \0 001  \0  \0  \0  \v 004  \0  \0  \0  \0  \0  \0
00002c0 237   ;  \0  \0  \0  \0  \0  \0  \0  \0  \0  \0  \0  \0  \0  \0
00002d0 002  \0  \0  \0  \0  \0  \0  \0  \0  \0  \0  \0  \0  \0  \0  \0
00002e0   _   _   u   n   w   i   n   d   _   i   n   f   o  \0  \0  \0
00002f0   _   _   T   E   X   T  \0  \0  \0  \0  \0  \0  \0  \0  \0  \0
0000300 254   ?  \0  \0 001  \0  \0  \0   H  \0  \0  \0  \0  \0  \0  \0
0000310 254   ?  \0  \0 002  \0  \0  \0  \0  \0  \0  \0  \0  \0  \0  \0
0000320  \0  \0  \0  \0  \0  \0  \0  \0  \0  \0  \0  \0  \0  \0  \0  \0
0000330 031  \0  \0  \0 210 001  \0  \0   _   _   D   A   T   A   _   C
0000340   O   N   S   T  \0  \0  \0  \0  \0   @  \0  \0 001  \0  \0  \0
0000350  \0   @  \0  \0  \0  \0  \0  \0  \0   @  \0  \0  \0  \0  \0  \0
0000360  \0   @  \0  \0  \0  \0  \0  \0 003  \0  \0  \0 003  \0  \0  \0
0000370 004  \0  \0  \0 020  \0  \0  \0   _   _   g   o   t  \0  \0  \0
0000380  \0  \0  \0  \0  \0  \0  \0  \0   _   _   D   A   T   A   _   C
0000390   O   N   S   T  \0  \0  \0  \0  \0   @  \0  \0 001  \0  \0  \0
00003a0  \b  \0  \0  \0  \0  \0  \0  \0  \0   @  \0  \0 003  \0  \0  \0
00003b0  \0  \0  \0  \0  \0  \0  \0  \0 006  \0  \0  \0 005  \0  \0  \0
00003c0  \0  \0  \0  \0  \0  \0  \0  \0   _   _   o   b   j   c   _   c
00003d0   l   a   s   s   l   i   s   t   _   _   D   A   T   A   _   C
00003e0   O   N   S   T  \0  \0  \0  \0  \b   @  \0  \0 001  \0  \0  \0
00003f0 020  \0  \0  \0  \0  \0  \0  \0  \b   @  \0  \0 003  \0  \0  \0
0000400  \0  \0  \0  \0  \0  \0  \0  \0  \0  \0  \0 020  \0  \0  \0  \0
0000410  \0  \0  \0  \0  \0  \0  \0  \0   _   _   o   b   j   c   _   p
0000420   r   o   t   o   l   i   s   t   _   _   D   A   T   A   _   C
0000430   O   N   S   T  \0  \0  \0  \0 030   @  \0  \0 001  \0  \0  \0
0000440 020  \0  \0  \0  \0  \0  \0  \0 030   @  \0  \0 003  \0  \0  \0
0000450  \0  \0  \0  \0  \0  \0  \0  \0  \0  \0  \0  \0  \0  \0  \0  \0
0000460  \0  \0  \0  \0  \0  \0  \0  \0   _   _   o   b   j   c   _   i
0000470   m   a   g   e   i   n   f   o   _   _   D   A   T   A   _   C
0000480   O   N   S   T  \0  \0  \0  \0   (   @  \0  \0 001  \0  \0  \0
0000490  \b  \0  \0  \0  \0  \0  \0  \0   (   @  \0  \0 002  \0  \0  \0
00004a0  \0  \0  \0  \0  \0  \0  \0  \0  \0  \0  \0  \0  \0  \0  \0  \0
00004b0  \0  \0  \0  \0  \0  \0  \0  \0 031  \0  \0  \0   ( 002  \0  \0
00004c0   _   _   D   A   T   A  \0  \0  \0  \0  \0  \0  \0  \0  \0  \0
00004d0  \0 200  \0  \0 001  \0  \0  \0  \0   @  \0  \0  \0  \0  \0  \0
00004e0  \0 200  \0  \0  \0  \0  \0  \0  \0   @  \0  \0  \0  \0  \0  \0
00004f0 003  \0  \0  \0 003  \0  \0  \0 006  \0  \0  \0  \0  \0  \0  \0
0000500   _   _   l   a   _   s   y   m   b   o   l   _   p   t   r  \0
0000510   _   _   D   A   T   A  \0  \0  \0  \0  \0  \0  \0  \0  \0  \0
0000520  \0 200  \0  \0 001  \0  \0  \0   (  \0  \0  \0  \0  \0  \0  \0
0000530  \0 200  \0  \0 003  \0  \0  \0  \0  \0  \0  \0  \0  \0  \0  \0
0000540  \a  \0  \0  \0 006  \0  \0  \0  \0  \0  \0  \0  \0  \0  \0  \0
0000550   _   _   o   b   j   c   _   c   o   n   s   t  \0  \0  \0  \0
0000560   _   _   D   A   T   A  \0  \0  \0  \0  \0  \0  \0  \0  \0  \0
0000570   ( 200  \0  \0 001  \0  \0  \0 020  \n  \0  \0  \0  \0  \0  \0
0000580   ( 200  \0  \0 003  \0  \0  \0  \0  \0  \0  \0  \0  \0  \0  \0
0000590  \0  \0  \0  \0  \0  \0  \0  \0  \0  \0  \0  \0  \0  \0  \0  \0
00005a0   _   _   o   b   j   c   _   s   e   l   r   e   f   s  \0  \0
00005b0   _   _   D   A   T   A  \0  \0  \0  \0  \0  \0  \0  \0  \0  \0
00005c0   8 212  \0  \0 001  \0  \0  \0 020  \0  \0  \0  \0  \0  \0  \0
00005d0   8 212  \0  \0 003  \0  \0  \0  \0  \0  \0  \0  \0  \0  \0  \0
00005e0 005  \0  \0 020  \0  \0  \0  \0  \0  \0  \0  \0  \0  \0  \0  \0
00005f0   _   _   o   b   j   c   _   s   u   p   e   r   r   e   f   s
0000600   _   _   D   A   T   A  \0  \0  \0  \0  \0  \0  \0  \0  \0  \0
0000610   H 212  \0  \0 001  \0  \0  \0  \b  \0  \0  \0  \0  \0  \0  \0
0000620   H 212  \0  \0 003  \0  \0  \0  \0  \0  \0  \0  \0  \0  \0  \0
0000630  \0  \0  \0 020  \0  \0  \0  \0  \0  \0  \0  \0  \0  \0  \0  \0
0000640   _   _   o   b   j   c   _   d   a   t   a  \0  \0  \0  \0  \0
0000650   _   _   D   A   T   A  \0  \0  \0  \0  \0  \0  \0  \0  \0  \0
0000660   P 212  \0  \0 001  \0  \0  \0 240  \0  \0  \0  \0  \0  \0  \0
0000670   P 212  \0  \0 003  \0  \0  \0  \0  \0  \0  \0  \0  \0  \0  \0
0000680  \0  \0  \0  \0  \0  \0  \0  \0  \0  \0  \0  \0  \0  \0  \0  \0
0000690   _   _   d   a   t   a  \0  \0  \0  \0  \0  \0  \0  \0  \0  \0
00006a0   _   _   D   A   T   A  \0  \0  \0  \0  \0  \0  \0  \0  \0  \0
00006b0 360 212  \0  \0 001  \0  \0  \0 310  \0  \0  \0  \0  \0  \0  \0
00006c0 360 212  \0  \0 003  \0  \0  \0  \0  \0  \0  \0  \0  \0  \0  \0
00006d0  \0  \0  \0  \0  \0  \0  \0  \0  \0  \0  \0  \0  \0  \0  \0  \0
00006e0 031  \0  \0  \0   H  \0  \0  \0   _   _   L   I   N   K   E   D
00006f0   I   T  \0  \0  \0  \0  \0  \0  \0 300  \0  \0 001  \0  \0  \0
0000700  \0 200  \0  \0  \0  \0  \0  \0  \0 300  \0  \0  \0  \0  \0  \0
0000710   `   `  \0  \0  \0  \0  \0  \0 001  \0  \0  \0 001  \0  \0  \0
0000720  \0  \0  \0  \0  \0  \0  \0  \0   "  \0  \0 200   0  \0  \0  \0
0000730  \0 300  \0  \0 270  \0  \0  \0 270 300  \0  \0 320  \0  \0  \0
0000740  \0  \0  \0  \0  \0  \0  \0  \0 210 301  \0  \0 220  \0  \0  \0
0000750 030 302  \0  \0 250  \0  \0  \0 002  \0  \0  \0 030  \0  \0  \0
0000760 310 302  \0  \0   b  \0  \0  \0 030 311  \0  \0 200  \v  \0  \0
0000770  \v  \0  \0  \0   P  \0  \0  \0  \0  \0  \0  \0   Q  \0  \0  \0
0000780   Q  \0  \0  \0 006  \0  \0  \0   W  \0  \0  \0  \v  \0  \0  \0
0000790  \0  \0  \0  \0  \0  \0  \0  \0  \0  \0  \0  \0  \0  \0  \0  \0
00007a0  \0  \0  \0  \0  \0  \0  \0  \0 350 310  \0  \0  \v  \0  \0  \0
00007b0  \0  \0  \0  \0  \0  \0  \0  \0  \0  \0  \0  \0  \0  \0  \0  \0
00007c0 016  \0  \0  \0      \0  \0  \0  \f  \0  \0  \0   /   u   s   r
00007d0   /   l   i   b   /   d   y   l   d  \0  \0  \0  \0  \0  \0  \0
00007e0 033  \0  \0  \0 030  \0  \0  \0 251   E  \n   w   3   g   9 331
00007f0 243   %   O   b 270   }   b 225   2  \0  \0  \0      \0  \0  \0
0000800 001  \0  \0  \0  \0 017  \n  \0  \0 001  \v  \0 001  \0  \0  \0
0000810 003  \0  \0  \0  \0  \b   a 002   *  \0  \0  \0 020  \0  \0  \0
0000820  \0  \0  \0  \0  \0  \0  \0  \0   (  \0  \0 200 030  \0  \0  \0
0000830   @   3  \0  \0  \0  \0  \0  \0  \0  \0  \0  \0  \0  \0  \0  \0
0000840  \f  \0  \0  \0   `  \0  \0  \0 030  \0  \0  \0 002  \0  \0  \0
0000850  \0 377 352 006  \0  \0   , 001   /   S   y   s   t   e   m   /
0000860   L   i   b   r   a   r   y   /   F   r   a   m   e   w   o   r
0000870   k   s   /   F   o   u   n   d   a   t   i   o   n   .   f   r
0000880   a   m   e   w   o   r   k   /   V   e   r   s   i   o   n   s
0000890   /   C   /   F   o   u   n   d   a   t   i   o   n  \0  \0  \0
00008a0  \f  \0  \0  \0   8  \0  \0  \0 030  \0  \0  \0 002  \0  \0  \0
00008b0  \0  \0 344  \0  \0  \0 001  \0   /   u   s   r   /   l   i   b
00008c0   /   l   i   b   o   b   j   c   .   A   .   d   y   l   i   b
00008d0  \0  \0  \0  \0  \0  \0  \0  \0  \f  \0  \0  \0   8  \0  \0  \0
00008e0 030  \0  \0  \0 002  \0  \0  \0 001   <  \f 005  \0  \0 001  \0
00008f0   /   u   s   r   /   l   i   b   /   l   i   b   S   y   s   t
0000900   e   m   .   B   .   d   y   l   i   b  \0  \0  \0  \0  \0  \0
0000910  \f  \0  \0  \0   X  \0  \0  \0 030  \0  \0  \0 002  \0  \0  \0
0000920   u 024 346  \a  \0  \0   -  \0   /   S   y   s   t   e   m   /
0000930   L   i   b   r   a   r   y   /   F   r   a   m   e   w   o   r
0000940   k   s   /   A   p   p   K   i   t   .   f   r   a   m   e   w
0000950   o   r   k   /   V   e   r   s   i   o   n   s   /   C   /   A
0000960   p   p   K   i   t  \0  \0  \0 034  \0  \0 200   0  \0  \0  \0
0000970  \f  \0  \0  \0   @   e   x   e   c   u   t   a   b   l   e   _
0000980   p   a   t   h   /   .   .   /   F   r   a   m   e   w   o   r
0000990   k   s  \0  \0  \0  \0  \0  \0   &  \0  \0  \0 020  \0  \0  \0
00009a0 300 302  \0  \0  \b  \0  \0  \0   )  \0  \0  \0 020  \0  \0  \0
00009b0 310 302  \0  \0  \0  \0  \0  \0 035  \0  \0  \0 020  \0  \0  \0
00009c0 240 324  \0  \0 300   K  \0  \0  \0  \0  \0  \0  \0  \0  \0  \0
00009d0  \0  \0  \0  \0  \0  \0  \0  \0  \0  \0  \0  \0  \0  \0  \0  \0
*
00032a0   U   H 211 345   H 203 354       H 211   } 370   H 211   u 360
00032b0   H 213   E 370   H 211   E 340   H 213 005 211   W  \0  \0   H
00032c0 211   E 350   H 213   5   n   W  \0  \0   H 215   } 340 350   =
00032d0 001  \0  \0   H 203 304       ] 303 017 037 200  \0  \0  \0  \0
00032e0   U   H 211 345   H 203 354   0   H 211   } 370   H 211   u 360
00032f0   H 307   E 350  \0  \0  \0  \0   H 215   } 350   H 211 326 350
0003300 022 001  \0  \0   H 213   E 370   H 213   U 350   H 211   E 330
0003310   H 213 005   1   W  \0  \0   H 211   E 340   H 213   5 036   W
0003320  \0  \0   H 215   } 330 350 345  \0  \0  \0   1 311 211 316   H
0003330 215   } 350 350 336  \0  \0  \0   H 203 304   0   ] 303 220 220
0003340   U   H 211 345   H 203 354 020 307   E 374  \0  \0  \0  \0 211
0003350   } 370   H 211   u 360 350 257  \0  \0  \0   H 211 307 350 241
0003360  \0  \0  \0 213   } 370   H 213   u 360 350 217  \0  \0  \0   H
0003370 203 304 020   ] 303 220 220 220 220 220 220 220 220 220 220 220
0003380   U   H 211 345   H 203 354       H 211   } 370   H 211   u 360
0003390   H 307   E 350  \0  \0  \0  \0   H 215   E 350   H 211 307   H
00033a0 211 326 350   o  \0  \0  \0   1 311 211 316   H 215   E 350   H
00033b0 211 307 350   _  \0  \0  \0   H 203 304       ] 303 017 037  \0
00033c0   U   H 211 345   H 203 354       H 211   } 370   H 211   u 360
00033d0   H 307   E 350  \0  \0  \0  \0   H 215   E 350   H 211 307   H
00033e0 211 326 350   /  \0  \0  \0   1 311 211 316   H 215   E 350   H
00033f0 211 307 350 037  \0  \0  \0   H 203 304       ] 303 220 377   %
0003400 374   K  \0  \0 377   % 376   K  \0  \0 377   %  \0   L  \0  \0
0003410 377   % 002   L  \0  \0 377   % 004   L  \0  \0   L 215 035 315
0003420   V  \0  \0   A   S 377   % 325  \v  \0  \0 220   h 031  \0  \0
0003430  \0 351 346 377 377 377   h   8  \0  \0  \0 351 334 377 377 377
0003440   h   X  \0  \0  \0 351 322 377 377 377   h   r  \0  \0  \0 351
0003450 310 377 377 377   h  \0  \0  \0  \0 351 276 377 377 377   v   i
0003460   e   w   D   i   d   L   o   a   d  \0   s   e   t   R   e   p
0003470   r   e   s   e   n   t   e   d   O   b   j   e   c   t   :  \0
0003480   i   s   E   q   u   a   l   :  \0   c   l   a   s   s  \0   s
0003490   e   l   f  \0   p   e   r   f   o   r   m   S   e   l   e   c
00034a0   t   o   r   :  \0   p   e   r   f   o   r   m   S   e   l   e
00034b0   c   t   o   r   :   w   i   t   h   O   b   j   e   c   t   :
00034c0  \0   p   e   r   f   o   r   m   S   e   l   e   c   t   o   r
00034d0   :   w   i   t   h   O   b   j   e   c   t   :   w   i   t   h
00034e0   O   b   j   e   c   t   :  \0   i   s   P   r   o   x   y  \0
00034f0   i   s   K   i   n   d   O   f   C   l   a   s   s   :  \0   i
0003500   s   M   e   m   b   e   r   O   f   C   l   a   s   s   :  \0
0003510   c   o   n   f   o   r   m   s   T   o   P   r   o   t   o   c
0003520   o   l   :  \0   r   e   s   p   o   n   d   s   T   o   S   e
0003530   l   e   c   t   o   r   :  \0   r   e   t   a   i   n  \0   r
0003540   e   l   e   a   s   e  \0   a   u   t   o   r   e   l   e   a
0003550   s   e  \0   r   e   t   a   i   n   C   o   u   n   t  \0   z
0003560   o   n   e  \0   h   a   s   h  \0   s   u   p   e   r   c   l
0003570   a   s   s  \0   d   e   s   c   r   i   p   t   i   o   n  \0
0003580   d   e   b   u   g   D   e   s   c   r   i   p   t   i   o   n
0003590  \0   a   p   p   l   i   c   a   t   i   o   n   S   h   o   u
00035a0   l   d   T   e   r   m   i   n   a   t   e   :  \0   a   p   p
00035b0   l   i   c   a   t   i   o   n   :   o   p   e   n   U   R   L
00035c0   s   :  \0   a   p   p   l   i   c   a   t   i   o   n   :   o
00035d0   p   e   n   F   i   l   e   :  \0   a   p   p   l   i   c   a
00035e0   t   i   o   n   :   o   p   e   n   F   i   l   e   s   :  \0
00035f0   a   p   p   l   i   c   a   t   i   o   n   :   o   p   e   n
0003600   T   e   m   p   F   i   l   e   :  \0   a   p   p   l   i   c
0003610   a   t   i   o   n   S   h   o   u   l   d   O   p   e   n   U
0003620   n   t   i   t   l   e   d   F   i   l   e   :  \0   a   p   p
0003630   l   i   c   a   t   i   o   n   O   p   e   n   U   n   t   i
0003640   t   l   e   d   F   i   l   e   :  \0   a   p   p   l   i   c
0003650   a   t   i   o   n   :   o   p   e   n   F   i   l   e   W   i
0003660   t   h   o   u   t   U   I   :  \0   a   p   p   l   i   c   a
0003670   t   i   o   n   :   p   r   i   n   t   F   i   l   e   :  \0
0003680   a   p   p   l   i   c   a   t   i   o   n   :   p   r   i   n
0003690   t   F   i   l   e   s   :   w   i   t   h   S   e   t   t   i
00036a0   n   g   s   :   s   h   o   w   P   r   i   n   t   P   a   n
00036b0   e   l   s   :  \0   a   p   p   l   i   c   a   t   i   o   n
00036c0   S   h   o   u   l   d   T   e   r   m   i   n   a   t   e   A
00036d0   f   t   e   r   L   a   s   t   W   i   n   d   o   w   C   l
00036e0   o   s   e   d   :  \0   a   p   p   l   i   c   a   t   i   o
00036f0   n   S   h   o   u   l   d   H   a   n   d   l   e   R   e   o
0003700   p   e   n   :   h   a   s   V   i   s   i   b   l   e   W   i
0003710   n   d   o   w   s   :  \0   a   p   p   l   i   c   a   t   i
0003720   o   n   D   o   c   k   M   e   n   u   :  \0   a   p   p   l
0003730   i   c   a   t   i   o   n   :   w   i   l   l   P   r   e   s
0003740   e   n   t   E   r   r   o   r   :  \0   a   p   p   l   i   c
0003750   a   t   i   o   n   :   d   i   d   R   e   g   i   s   t   e
0003760   r   F   o   r   R   e   m   o   t   e   N   o   t   i   f   i
0003770   c   a   t   i   o   n   s   W   i   t   h   D   e   v   i   c
0003780   e   T   o   k   e   n   :  \0   a   p   p   l   i   c   a   t
0003790   i   o   n   :   d   i   d   F   a   i   l   T   o   R   e   g
00037a0   i   s   t   e   r   F   o   r   R   e   m   o   t   e   N   o
00037b0   t   i   f   i   c   a   t   i   o   n   s   W   i   t   h   E
00037c0   r   r   o   r   :  \0   a   p   p   l   i   c   a   t   i   o
00037d0   n   :   d   i   d   R   e   c   e   i   v   e   R   e   m   o
00037e0   t   e   N   o   t   i   f   i   c   a   t   i   o   n   :  \0
00037f0   a   p   p   l   i   c   a   t   i   o   n   :   w   i   l   l
0003800   E   n   c   o   d   e   R   e   s   t   o   r   a   b   l   e
0003810   S   t   a   t   e   :  \0   a   p   p   l   i   c   a   t   i
0003820   o   n   :   d   i   d   D   e   c   o   d   e   R   e   s   t
0003830   o   r   a   b   l   e   S   t   a   t   e   :  \0   a   p   p
0003840   l   i   c   a   t   i   o   n   :   w   i   l   l   C   o   n
0003850   t   i   n   u   e   U   s   e   r   A   c   t   i   v   i   t
0003860   y   W   i   t   h   T   y   p   e   :  \0   a   p   p   l   i
0003870   c   a   t   i   o   n   :   c   o   n   t   i   n   u   e   U
0003880   s   e   r   A   c   t   i   v   i   t   y   :   r   e   s   t
0003890   o   r   a   t   i   o   n   H   a   n   d   l   e   r   :  \0
00038a0   a   p   p   l   i   c   a   t   i   o   n   :   d   i   d   F
00038b0   a   i   l   T   o   C   o   n   t   i   n   u   e   U   s   e
00038c0   r   A   c   t   i   v   i   t   y   W   i   t   h   T   y   p
00038d0   e   :   e   r   r   o   r   :  \0   a   p   p   l   i   c   a
00038e0   t   i   o   n   :   d   i   d   U   p   d   a   t   e   U   s
00038f0   e   r   A   c   t   i   v   i   t   y   :  \0   a   p   p   l
0003900   i   c   a   t   i   o   n   :   u   s   e   r   D   i   d   A
0003910   c   c   e   p   t   C   l   o   u   d   K   i   t   S   h   a
0003920   r   e   W   i   t   h   M   e   t   a   d   a   t   a   :  \0
0003930   a   p   p   l   i   c   a   t   i   o   n   :   d   e   l   e
0003940   g   a   t   e   H   a   n   d   l   e   s   K   e   y   :  \0
0003950   a   p   p   l   i   c   a   t   i   o   n   W   i   l   l   F
0003960   i   n   i   s   h   L   a   u   n   c   h   i   n   g   :  \0
0003970   a   p   p   l   i   c   a   t   i   o   n   D   i   d   F   i
0003980   n   i   s   h   L   a   u   n   c   h   i   n   g   :  \0   a
0003990   p   p   l   i   c   a   t   i   o   n   W   i   l   l   H   i
00039a0   d   e   :  \0   a   p   p   l   i   c   a   t   i   o   n   D
00039b0   i   d   H   i   d   e   :  \0   a   p   p   l   i   c   a   t
00039c0   i   o   n   W   i   l   l   U   n   h   i   d   e   :  \0   a
00039d0   p   p   l   i   c   a   t   i   o   n   D   i   d   U   n   h
00039e0   i   d   e   :  \0   a   p   p   l   i   c   a   t   i   o   n
00039f0   W   i   l   l   B   e   c   o   m   e   A   c   t   i   v   e
0003a00   :  \0   a   p   p   l   i   c   a   t   i   o   n   D   i   d
0003a10   B   e   c   o   m   e   A   c   t   i   v   e   :  \0   a   p
0003a20   p   l   i   c   a   t   i   o   n   W   i   l   l   R   e   s
0003a30   i   g   n   A   c   t   i   v   e   :  \0   a   p   p   l   i
0003a40   c   a   t   i   o   n   D   i   d   R   e   s   i   g   n   A
0003a50   c   t   i   v   e   :  \0   a   p   p   l   i   c   a   t   i
0003a60   o   n   W   i   l   l   U   p   d   a   t   e   :  \0   a   p
0003a70   p   l   i   c   a   t   i   o   n   D   i   d   U   p   d   a
0003a80   t   e   :  \0   a   p   p   l   i   c   a   t   i   o   n   W
0003a90   i   l   l   T   e   r   m   i   n   a   t   e   :  \0   a   p
0003aa0   p   l   i   c   a   t   i   o   n   D   i   d   C   h   a   n
0003ab0   g   e   S   c   r   e   e   n   P   a   r   a   m   e   t   e
0003ac0   r   s   :  \0   a   p   p   l   i   c   a   t   i   o   n   D
0003ad0   i   d   C   h   a   n   g   e   O   c   c   l   u   s   i   o
0003ae0   n   S   t   a   t   e   :  \0   V   i   e   w   C   o   n   t
0003af0   r   o   l   l   e   r  \0   A   p   p   D   e   l   e   g   a
0003b00   t   e  \0   N   S   A   p   p   l   i   c   a   t   i   o   n
0003b10   D   e   l   e   g   a   t   e  \0   N   S   O   b   j   e   c
0003b20   t  \0   m   a   i   n   B   u   n   d   l   e  \0   T   @   "
0003b30   N   S   B   u   n   d   l   e   "   ,   R  \0   a   l   l   B
0003b40   u   n   d   l   e   s  \0   T   @   "   N   S   A   r   r   a
0003b50   y   "   ,   R   ,   C  \0   h   a   s   h  \0   T   Q   ,   R
0003b60  \0   s   u   p   e   r   c   l   a   s   s  \0   T   #   ,   R
0003b70  \0   d   e   s   c   r   i   p   t   i   o   n  \0   T   @   "
0003b80   N   S   S   t   r   i   n   g   "   ,   R   ,   C  \0   d   e
0003b90   b   u   g   D   e   s   c   r   i   p   t   i   o   n  \0   v
0003ba0   1   6   @   0   :   8  \0   v   2   4   @   0   :   8   @   1
0003bb0   6  \0   c   2   4   @   0   :   8   @   1   6  \0   #   1   6
0003bc0   @   0   :   8  \0   @   1   6   @   0   :   8  \0   @   2   4
0003bd0   @   0   :   8   :   1   6  \0   @   3   2   @   0   :   8   :
0003be0   1   6   @   2   4  \0   @   4   0   @   0   :   8   :   1   6
0003bf0   @   2   4   @   3   2  \0   c   1   6   @   0   :   8  \0   c
0003c00   2   4   @   0   :   8   #   1   6  \0   c   2   4   @   0   :
0003c10   8   :   1   6  \0   V   v   1   6   @   0   :   8  \0   Q   1
0003c20   6   @   0   :   8  \0   ^   {   _   N   S   Z   o   n   e   =
0003c30   }   1   6   @   0   :   8  \0   c   2   4   @   0   :   8   @
0003c40   "   P   r   o   t   o   c   o   l   "   1   6  \0   @   "   N
0003c50   S   S   t   r   i   n   g   "   1   6   @   0   :   8  \0   Q
0003c60   2   4   @   0   :   8   @   1   6  \0   v   3   2   @   0   :
0003c70   8   @   1   6   @   2   4  \0   c   3   2   @   0   :   8   @
0003c80   1   6   @   2   4  \0   Q   4   4   @   0   :   8   @   1   6
0003c90   @   2   4   @   3   2   c   4   0  \0   c   2   8   @   0   :
0003ca0   8   @   1   6   c   2   4  \0   @   2   4   @   0   :   8   @
0003cb0   1   6  \0   @   3   2   @   0   :   8   @   1   6   @   2   4
0003cc0  \0   c   4   0   @   0   :   8   @   1   6   @   2   4   @   ?
0003cd0   3   2  \0   v   4   0   @   0   :   8   @   1   6   @   2   4
0003ce0   @   3   2  \0   Q   2   4   @   0   :   8   @   "   N   S   A
0003cf0   p   p   l   i   c   a   t   i   o   n   "   1   6  \0   v   3
0003d00   2   @   0   :   8   @   "   N   S   A   p   p   l   i   c   a
0003d10   t   i   o   n   "   1   6   @   "   N   S   A   r   r   a   y
0003d20   "   2   4  \0   c   3   2   @   0   :   8   @   "   N   S   A
0003d30   p   p   l   i   c   a   t   i   o   n   "   1   6   @   "   N
0003d40   S   S   t   r   i   n   g   "   2   4  \0   c   2   4   @   0
0003d50   :   8   @   "   N   S   A   p   p   l   i   c   a   t   i   o
0003d60   n   "   1   6  \0   c   3   2   @   0   :   8   @   1   6   @
0003d70   "   N   S   S   t   r   i   n   g   "   2   4  \0   Q   4   4
0003d80   @   0   :   8   @   "   N   S   A   p   p   l   i   c   a   t
0003d90   i   o   n   "   1   6   @   "   N   S   A   r   r   a   y   "
0003da0   2   4   @   "   N   S   D   i   c   t   i   o   n   a   r   y
0003db0   "   3   2   c   4   0  \0   c   2   8   @   0   :   8   @   "
0003dc0   N   S   A   p   p   l   i   c   a   t   i   o   n   "   1   6
0003dd0   c   2   4  \0   @   "   N   S   M   e   n   u   "   2   4   @
0003de0   0   :   8   @   "   N   S   A   p   p   l   i   c   a   t   i
0003df0   o   n   "   1   6  \0   @   "   N   S   E   r   r   o   r   "
0003e00   3   2   @   0   :   8   @   "   N   S   A   p   p   l   i   c
0003e10   a   t   i   o   n   "   1   6   @   "   N   S   E   r   r   o
0003e20   r   "   2   4  \0   v   3   2   @   0   :   8   @   "   N   S
0003e30   A   p   p   l   i   c   a   t   i   o   n   "   1   6   @   "
0003e40   N   S   D   a   t   a   "   2   4  \0   v   3   2   @   0   :
0003e50   8   @   "   N   S   A   p   p   l   i   c   a   t   i   o   n
0003e60   "   1   6   @   "   N   S   E   r   r   o   r   "   2   4  \0
0003e70   v   3   2   @   0   :   8   @   "   N   S   A   p   p   l   i
0003e80   c   a   t   i   o   n   "   1   6   @   "   N   S   D   i   c
0003e90   t   i   o   n   a   r   y   "   2   4  \0   v   3   2   @   0
0003ea0   :   8   @   "   N   S   A   p   p   l   i   c   a   t   i   o
0003eb0   n   "   1   6   @   "   N   S   C   o   d   e   r   "   2   4
0003ec0  \0   c   4   0   @   0   :   8   @   "   N   S   A   p   p   l
0003ed0   i   c   a   t   i   o   n   "   1   6   @   "   N   S   U   s
0003ee0   e   r   A   c   t   i   v   i   t   y   "   2   4   @   ?   <
0003ef0   v   @   ?   @   "   N   S   A   r   r   a   y   "   >   3   2
0003f00  \0   v   4   0   @   0   :   8   @   "   N   S   A   p   p   l
0003f10   i   c   a   t   i   o   n   "   1   6   @   "   N   S   S   t
0003f20   r   i   n   g   "   2   4   @   "   N   S   E   r   r   o   r
0003f30   "   3   2  \0   v   3   2   @   0   :   8   @   "   N   S   A
0003f40   p   p   l   i   c   a   t   i   o   n   "   1   6   @   "   N
0003f50   S   U   s   e   r   A   c   t   i   v   i   t   y   "   2   4
0003f60  \0   v   3   2   @   0   :   8   @   "   N   S   A   p   p   l
0003f70   i   c   a   t   i   o   n   "   1   6   @   "   C   K   S   h
0003f80   a   r   e   M   e   t   a   d   a   t   a   "   2   4  \0   v
0003f90   2   4   @   0   :   8   @   "   N   S   N   o   t   i   f   i
0003fa0   c   a   t   i   o   n   "   1   6  \0  \0  \0 001  \0  \0  \0
0003fb0 034  \0  \0  \0  \0  \0  \0  \0 034  \0  \0  \0  \0  \0  \0  \0
0003fc0 034  \0  \0  \0 002  \0  \0  \0 240   2  \0  \0   4  \0  \0  \0
0003fd0   4  \0  \0  \0 376   3  \0  \0  \0  \0  \0  \0   4  \0  \0  \0
0003fe0 003  \0  \0  \0  \f  \0 001  \0 020  \0 001  \0  \0  \0  \0  \0
0003ff0  \0  \0  \0 001  \0  \0  \0  \0  \0  \0  \0  \0  \0  \0  \0  \0
0004000  \0  \0  \0  \0  \0  \0  \0  \0   P 212  \0  \0 001  \0  \0  \0
0004010 310 212  \0  \0 001  \0  \0  \0 370 212  \0  \0 001  \0  \0  \0
0004020   X 213  \0  \0 001  \0  \0  \0  \0  \0  \0  \0   @  \0  \0  \0
0004030  \0  \0  \0  \0  \0  \0  \0  \0  \0  \0  \0  \0  \0  \0  \0  \0
*
0008000   T   4  \0  \0 001  \0  \0  \0   ,   4  \0  \0 001  \0  \0  \0
0008010   6   4  \0  \0 001  \0  \0  \0   @   4  \0  \0 001  \0  \0  \0
0008020   J   4  \0  \0 001  \0  \0  \0 020  \0  \0  \0 002  \0  \0  \0
0008030   "   ;  \0  \0 001  \0  \0  \0   -   ;  \0  \0 001  \0  \0  \0
0008040   <   ;  \0  \0 001  \0  \0  \0   G   ;  \0  \0 001  \0  \0  \0
0008050 201  \0  \0  \0   (  \0  \0  \0   (  \0  \0  \0  \0  \0  \0  \0
0008060  \0  \0  \0  \0  \0  \0  \0  \0 350   :  \0  \0 001  \0  \0  \0
0008070  \0  \0  \0  \0  \0  \0  \0  \0  \0  \0  \0  \0  \0  \0  \0  \0
*
0008090   ( 200  \0  \0 001  \0  \0  \0 030  \0  \0  \0 002  \0  \0  \0
00080a0   ^   4  \0  \0 001  \0  \0  \0 237   ;  \0  \0 001  \0  \0  \0
00080b0 240   2  \0  \0 001  \0  \0  \0   j   4  \0  \0 001  \0  \0  \0
00080c0 247   ;  \0  \0 001  \0  \0  \0 340   2  \0  \0 001  \0  \0  \0
00080d0 200  \0  \0  \0  \b  \0  \0  \0  \b  \0  \0  \0  \0  \0  \0  \0
00080e0  \0  \0  \0  \0  \0  \0  \0  \0 350   :  \0  \0 001  \0  \0  \0
00080f0 230 200  \0  \0 001  \0  \0  \0  \0  \0  \0  \0  \0  \0  \0  \0
0008100  \0  \0  \0  \0  \0  \0  \0  \0  \0  \0  \0  \0  \0  \0  \0  \0
0008110  \0  \0  \0  \0  \0  \0  \0  \0 030  \0  \0  \0 023  \0  \0  \0
0008120 200   4  \0  \0 001  \0  \0  \0 262   ;  \0  \0 001  \0  \0  \0
0008130  \0  \0  \0  \0  \0  \0  \0  \0 211   4  \0  \0 001  \0  \0  \0
0008140 275   ;  \0  \0 001  \0  \0  \0  \0  \0  \0  \0  \0  \0  \0  \0
0008150 217   4  \0  \0 001  \0  \0  \0 305   ;  \0  \0 001  \0  \0  \0
0008160  \0  \0  \0  \0  \0  \0  \0  \0 224   4  \0  \0 001  \0  \0  \0
0008170 315   ;  \0  \0 001  \0  \0  \0  \0  \0  \0  \0  \0  \0  \0  \0
0008180 245   4  \0  \0 001  \0  \0  \0 330   ;  \0  \0 001  \0  \0  \0
0008190  \0  \0  \0  \0  \0  \0  \0  \0 301   4  \0  \0 001  \0  \0  \0
00081a0 346   ;  \0  \0 001  \0  \0  \0  \0  \0  \0  \0  \0  \0  \0  \0
00081b0 350   4  \0  \0 001  \0  \0  \0 367   ;  \0  \0 001  \0  \0  \0
00081c0  \0  \0  \0  \0  \0  \0  \0  \0 360   4  \0  \0 001  \0  \0  \0
00081d0 377   ;  \0  \0 001  \0  \0  \0  \0  \0  \0  \0  \0  \0  \0  \0
00081e0 377   4  \0  \0 001  \0  \0  \0 377   ;  \0  \0 001  \0  \0  \0
00081f0  \0  \0  \0  \0  \0  \0  \0  \0 020   5  \0  \0 001  \0  \0  \0
0008200 262   ;  \0  \0 001  \0  \0  \0  \0  \0  \0  \0  \0  \0  \0  \0
0008210   $   5  \0  \0 001  \0  \0  \0  \n   <  \0  \0 001  \0  \0  \0
0008220  \0  \0  \0  \0  \0  \0  \0  \0   8   5  \0  \0 001  \0  \0  \0
0008230 305   ;  \0  \0 001  \0  \0  \0  \0  \0  \0  \0  \0  \0  \0  \0
0008240   ?   5  \0  \0 001  \0  \0  \0 025   <  \0  \0 001  \0  \0  \0
0008250  \0  \0  \0  \0  \0  \0  \0  \0   G   5  \0  \0 001  \0  \0  \0
0008260 305   ;  \0  \0 001  \0  \0  \0  \0  \0  \0  \0  \0  \0  \0  \0
0008270   S   5  \0  \0 001  \0  \0  \0 036   <  \0  \0 001  \0  \0  \0
0008280  \0  \0  \0  \0  \0  \0  \0  \0   _   5  \0  \0 001  \0  \0  \0
0008290   &   <  \0  \0 001  \0  \0  \0  \0  \0  \0  \0  \0  \0  \0  \0
00082a0   d   5  \0  \0 001  \0  \0  \0 036   <  \0  \0 001  \0  \0  \0
00082b0  \0  \0  \0  \0  \0  \0  \0  \0   i   5  \0  \0 001  \0  \0  \0
00082c0 275   ;  \0  \0 001  \0  \0  \0  \0  \0  \0  \0  \0  \0  \0  \0
00082d0   t   5  \0  \0 001  \0  \0  \0 305   ;  \0  \0 001  \0  \0  \0
00082e0  \0  \0  \0  \0  \0  \0  \0  \0 030  \0  \0  \0 001  \0  \0  \0
00082f0 200   5  \0  \0 001  \0  \0  \0 305   ;  \0  \0 001  \0  \0  \0
0008300  \0  \0  \0  \0  \0  \0  \0  \0 020  \0  \0  \0 004  \0  \0  \0
0008310   W   ;  \0  \0 001  \0  \0  \0   \   ;  \0  \0 001  \0  \0  \0
0008320   a   ;  \0  \0 001  \0  \0  \0   l   ;  \0  \0 001  \0  \0  \0
0008330   q   ;  \0  \0 001  \0  \0  \0   }   ;  \0  \0 001  \0  \0  \0
0008340 216   ;  \0  \0 001  \0  \0  \0   }   ;  \0  \0 001  \0  \0  \0
0008350 262   ;  \0  \0 001  \0  \0  \0 275   ;  \0  \0 001  \0  \0  \0
0008360 305   ;  \0  \0 001  \0  \0  \0 315   ;  \0  \0 001  \0  \0  \0
0008370 330   ;  \0  \0 001  \0  \0  \0 346   ;  \0  \0 001  \0  \0  \0
0008380 367   ;  \0  \0 001  \0  \0  \0 377   ;  \0  \0 001  \0  \0  \0
0008390 377   ;  \0  \0 001  \0  \0  \0   8   <  \0  \0 001  \0  \0  \0
00083a0  \n   <  \0  \0 001  \0  \0  \0 305   ;  \0  \0 001  \0  \0  \0
00083b0 025   <  \0  \0 001  \0  \0  \0 305   ;  \0  \0 001  \0  \0  \0
00083c0 036   <  \0  \0 001  \0  \0  \0   &   <  \0  \0 001  \0  \0  \0
00083d0 036   <  \0  \0 001  \0  \0  \0 275   ;  \0  \0 001  \0  \0  \0
00083e0   M   <  \0  \0 001  \0  \0  \0   M   <  \0  \0 001  \0  \0  \0
00083f0 001  \0  \0  \0  \0  \0  \0  \0 370 212  \0  \0 001  \0  \0  \0
0008400  \0  \0  \0  \0  \0  \0  \0  \0 030  \0  \0  \0   (  \0  \0  \0
0008410 221   5  \0  \0 001  \0  \0  \0   _   <  \0  \0 001  \0  \0  \0
0008420  \0  \0  \0  \0  \0  \0  \0  \0 255   5  \0  \0 001  \0  \0  \0
0008430   j   <  \0  \0 001  \0  \0  \0  \0  \0  \0  \0  \0  \0  \0  \0
0008440 303   5  \0  \0 001  \0  \0  \0   x   <  \0  \0 001  \0  \0  \0
0008450  \0  \0  \0  \0  \0  \0  \0  \0 331   5  \0  \0 001  \0  \0  \0
0008460   j   <  \0  \0 001  \0  \0  \0  \0  \0  \0  \0  \0  \0  \0  \0
0008470 360   5  \0  \0 001  \0  \0  \0   x   <  \0  \0 001  \0  \0  \0
0008480  \0  \0  \0  \0  \0  \0  \0  \0  \n   6  \0  \0 001  \0  \0  \0
0008490 262   ;  \0  \0 001  \0  \0  \0  \0  \0  \0  \0  \0  \0  \0  \0
00084a0   -   6  \0  \0 001  \0  \0  \0 262   ;  \0  \0 001  \0  \0  \0
00084b0  \0  \0  \0  \0  \0  \0  \0  \0   J   6  \0  \0 001  \0  \0  \0
00084c0   x   <  \0  \0 001  \0  \0  \0  \0  \0  \0  \0  \0  \0  \0  \0
00084d0   i   6  \0  \0 001  \0  \0  \0   x   <  \0  \0 001  \0  \0  \0
00084e0  \0  \0  \0  \0  \0  \0  \0  \0 200   6  \0  \0 001  \0  \0  \0
00084f0 206   <  \0  \0 001  \0  \0  \0  \0  \0  \0  \0  \0  \0  \0  \0
0008500 265   6  \0  \0 001  \0  \0  \0 262   ;  \0  \0 001  \0  \0  \0
0008510  \0  \0  \0  \0  \0  \0  \0  \0 346   6  \0  \0 001  \0  \0  \0
0008520 232   <  \0  \0 001  \0  \0  \0  \0  \0  \0  \0  \0  \0  \0  \0
0008530 027   7  \0  \0 001  \0  \0  \0 250   <  \0  \0 001  \0  \0  \0
0008540  \0  \0  \0  \0  \0  \0  \0  \0   ,   7  \0  \0 001  \0  \0  \0
0008550 263   <  \0  \0 001  \0  \0  \0  \0  \0  \0  \0  \0  \0  \0  \0
0008560   J   7  \0  \0 001  \0  \0  \0   j   <  \0  \0 001  \0  \0  \0
0008570  \0  \0  \0  \0  \0  \0  \0  \0 210   7  \0  \0 001  \0  \0  \0
0008580   j   <  \0  \0 001  \0  \0  \0  \0  \0  \0  \0  \0  \0  \0  \0
0008590 306   7  \0  \0 001  \0  \0  \0   j   <  \0  \0 001  \0  \0  \0
00085a0  \0  \0  \0  \0  \0  \0  \0  \0 360   7  \0  \0 001  \0  \0  \0
00085b0   j   <  \0  \0 001  \0  \0  \0  \0  \0  \0  \0  \0  \0  \0  \0
00085c0 027   8  \0  \0 001  \0  \0  \0   j   <  \0  \0 001  \0  \0  \0
00085d0  \0  \0  \0  \0  \0  \0  \0  \0   =   8  \0  \0 001  \0  \0  \0
00085e0   x   <  \0  \0 001  \0  \0  \0  \0  \0  \0  \0  \0  \0  \0  \0
00085f0   k   8  \0  \0 001  \0  \0  \0 301   <  \0  \0 001  \0  \0  \0
0008600  \0  \0  \0  \0  \0  \0  \0  \0 240   8  \0  \0 001  \0  \0  \0
0008610 323   <  \0  \0 001  \0  \0  \0  \0  \0  \0  \0  \0  \0  \0  \0
0008620 331   8  \0  \0 001  \0  \0  \0   j   <  \0  \0 001  \0  \0  \0
0008630  \0  \0  \0  \0  \0  \0  \0  \0 374   8  \0  \0 001  \0  \0  \0
0008640   j   <  \0  \0 001  \0  \0  \0  \0  \0  \0  \0  \0  \0  \0  \0
0008650   0   9  \0  \0 001  \0  \0  \0   x   <  \0  \0 001  \0  \0  \0
0008660  \0  \0  \0  \0  \0  \0  \0  \0   P   9  \0  \0 001  \0  \0  \0
0008670 247   ;  \0  \0 001  \0  \0  \0  \0  \0  \0  \0  \0  \0  \0  \0
0008680   p   9  \0  \0 001  \0  \0  \0 247   ;  \0  \0 001  \0  \0  \0
0008690  \0  \0  \0  \0  \0  \0  \0  \0 217   9  \0  \0 001  \0  \0  \0
00086a0 247   ;  \0  \0 001  \0  \0  \0  \0  \0  \0  \0  \0  \0  \0  \0
00086b0 244   9  \0  \0 001  \0  \0  \0 247   ;  \0  \0 001  \0  \0  \0
00086c0  \0  \0  \0  \0  \0  \0  \0  \0 270   9  \0  \0 001  \0  \0  \0
00086d0 247   ;  \0  \0 001  \0  \0  \0  \0  \0  \0  \0  \0  \0  \0  \0
00086e0 317   9  \0  \0 001  \0  \0  \0 247   ;  \0  \0 001  \0  \0  \0
00086f0  \0  \0  \0  \0  \0  \0  \0  \0 345   9  \0  \0 001  \0  \0  \0
0008700 247   ;  \0  \0 001  \0  \0  \0  \0  \0  \0  \0  \0  \0  \0  \0
0008710 002   :  \0  \0 001  \0  \0  \0 247   ;  \0  \0 001  \0  \0  \0
0008720  \0  \0  \0  \0  \0  \0  \0  \0 036   :  \0  \0 001  \0  \0  \0
0008730 247   ;  \0  \0 001  \0  \0  \0  \0  \0  \0  \0  \0  \0  \0  \0
0008740   ;   :  \0  \0 001  \0  \0  \0 247   ;  \0  \0 001  \0  \0  \0
0008750  \0  \0  \0  \0  \0  \0  \0  \0   W   :  \0  \0 001  \0  \0  \0
0008760 247   ;  \0  \0 001  \0  \0  \0  \0  \0  \0  \0  \0  \0  \0  \0
0008770   n   :  \0  \0 001  \0  \0  \0 247   ;  \0  \0 001  \0  \0  \0
0008780  \0  \0  \0  \0  \0  \0  \0  \0 204   :  \0  \0 001  \0  \0  \0
0008790 247   ;  \0  \0 001  \0  \0  \0  \0  \0  \0  \0  \0  \0  \0  \0
00087a0 236   :  \0  \0 001  \0  \0  \0 247   ;  \0  \0 001  \0  \0  \0
00087b0  \0  \0  \0  \0  \0  \0  \0  \0 304   :  \0  \0 001  \0  \0  \0
00087c0 247   ;  \0  \0 001  \0  \0  \0  \0  \0  \0  \0  \0  \0  \0  \0
00087d0 344   <  \0  \0 001  \0  \0  \0 376   <  \0  \0 001  \0  \0  \0
00087e0   $   =  \0  \0 001  \0  \0  \0 376   <  \0  \0 001  \0  \0  \0
00087f0   $   =  \0  \0 001  \0  \0  \0   K   =  \0  \0 001  \0  \0  \0
0008800   K   =  \0  \0 001  \0  \0  \0   e   =  \0  \0 001  \0  \0  \0
0008810   $   =  \0  \0 001  \0  \0  \0   }   =  \0  \0 001  \0  \0  \0
0008820   K   =  \0  \0 001  \0  \0  \0 267   =  \0  \0 001  \0  \0  \0
0008830 324   =  \0  \0 001  \0  \0  \0 366   =  \0  \0 001  \0  \0  \0
0008840   %   >  \0  \0 001  \0  \0  \0   J   >  \0  \0 001  \0  \0  \0
0008850   p   >  \0  \0 001  \0  \0  \0 233   >  \0  \0 001  \0  \0  \0
0008860 233   >  \0  \0 001  \0  \0  \0   $   =  \0  \0 001  \0  \0  \0
0008870 301   >  \0  \0 001  \0  \0  \0 001   ?  \0  \0 001  \0  \0  \0
0008880   4   ?  \0  \0 001  \0  \0  \0   a   ?  \0  \0 001  \0  \0  \0
0008890   $   =  \0  \0 001  \0  \0  \0 217   ?  \0  \0 001  \0  \0  \0
00088a0 217   ?  \0  \0 001  \0  \0  \0 217   ?  \0  \0 001  \0  \0  \0
*
0008910 001  \0  \0  \0  \0  \0  \0  \0   X 213  \0  \0 001  \0  \0  \0
0008920  \0  \0  \0  \0  \0  \0  \0  \0 201  \0  \0  \0   (  \0  \0  \0
0008930   (  \0  \0  \0  \0  \0  \0  \0  \0  \0  \0  \0  \0  \0  \0  \0
0008940 367   :  \0  \0 001  \0  \0  \0  \0  \0  \0  \0  \0  \0  \0  \0
0008950 020 211  \0  \0 001  \0  \0  \0  \0  \0  \0  \0  \0  \0  \0  \0
0008960  \0  \0  \0  \0  \0  \0  \0  \0  \0  \0  \0  \0  \0  \0  \0  \0
0008970 030  \0  \0  \0 002  \0  \0  \0   p   9  \0  \0 001  \0  \0  \0
0008980 247   ;  \0  \0 001  \0  \0  \0 200   3  \0  \0 001  \0  \0  \0
0008990 204   :  \0  \0 001  \0  \0  \0 247   ;  \0  \0 001  \0  \0  \0
00089a0 300   3  \0  \0 001  \0  \0  \0 020  \0  \0  \0 004  \0  \0  \0
00089b0   W   ;  \0  \0 001  \0  \0  \0   \   ;  \0  \0 001  \0  \0  \0
00089c0   a   ;  \0  \0 001  \0  \0  \0   l   ;  \0  \0 001  \0  \0  \0
00089d0   q   ;  \0  \0 001  \0  \0  \0   }   ;  \0  \0 001  \0  \0  \0
00089e0 216   ;  \0  \0 001  \0  \0  \0   }   ;  \0  \0 001  \0  \0  \0
00089f0 200  \0  \0  \0  \b  \0  \0  \0  \b  \0  \0  \0  \0  \0  \0  \0
0008a00  \0  \0  \0  \0  \0  \0  \0  \0 367   :  \0  \0 001  \0  \0  \0
0008a10   p 211  \0  \0 001  \0  \0  \0 020 211  \0  \0 001  \0  \0  \0
0008a20  \0  \0  \0  \0  \0  \0  \0  \0  \0  \0  \0  \0  \0  \0  \0  \0
0008a30 250 211  \0  \0 001  \0  \0  \0   ^   4  \0  \0 001  \0  \0  \0
0008a40   j   4  \0  \0 001  \0  \0  \0   P 212  \0  \0 001  \0  \0  \0
0008a50   x 212  \0  \0 001  \0  \0  \0  \0  \0  \0  \0  \0  \0  \0  \0
0008a60  \0  \0  \0  \0  \0  \0  \0  \0  \0  \0  \0  \0  \0  \0  \0  \0
0008a70 320 200  \0  \0 001  \0  \0  \0  \0  \0  \0  \0  \0  \0  \0  \0
0008a80  \0  \0  \0  \0  \0  \0  \0  \0  \0  \0  \0  \0  \0  \0  \0  \0
0008a90  \0  \0  \0  \0  \0  \0  \0  \0   P 200  \0  \0 001  \0  \0  \0
0008aa0  \0  \0  \0  \0  \0  \0  \0  \0  \0  \0  \0  \0  \0  \0  \0  \0
*
0008ac0   ( 211  \0  \0 001  \0  \0  \0 240 212  \0  \0 001  \0  \0  \0
0008ad0  \0  \0  \0  \0  \0  \0  \0  \0  \0  \0  \0  \0  \0  \0  \0  \0
0008ae0  \0  \0  \0  \0  \0  \0  \0  \0 360 211  \0  \0 001  \0  \0  \0
0008af0  \0  \0  \0  \0  \0  \0  \0  \0  \0  \0  \0  \0  \0  \0  \0  \0
0008b00 031   ;  \0  \0 001  \0  \0  \0  \0  \0  \0  \0  \0  \0  \0  \0
0008b10 030 201  \0  \0 001  \0  \0  \0  \0  \0  \0  \0  \0  \0  \0  \0
0008b20 350 202  \0  \0 001  \0  \0  \0  \0  \0  \0  \0  \0  \0  \0  \0
0008b30  \b 203  \0  \0 001  \0  \0  \0   `  \0  \0  \0  \0  \0  \0  \0
0008b40   P 203  \0  \0 001  \0  \0  \0  \0  \0  \0  \0  \0  \0  \0  \0
0008b50  \0  \0  \0  \0  \0  \0  \0  \0  \0  \0  \0  \0  \0  \0  \0  \0
0008b60 003   ;  \0  \0 001  \0  \0  \0 360 203  \0  \0 001  \0  \0  \0
0008b70  \0  \0  \0  \0  \0  \0  \0  \0  \0  \0  \0  \0  \0  \0  \0  \0
0008b80  \b 204  \0  \0 001  \0  \0  \0  \0  \0  \0  \0  \0  \0  \0  \0
0008b90  \0  \0  \0  \0  \0  \0  \0  \0   `  \0  \0  \0  \0  \0  \0  \0
0008ba0 320 207  \0  \0 001  \0  \0  \0  \0  \0  \0  \0  \0  \0  \0  \0
0008bb0  \0  \0  \0  \0  \0  \0  \0  \0  \0  \0  \0  \0  \0  \0  \0  \0
*
000c000 021   "  \b   T   #  \0   U   A   T   C   p       p  \b   V   C
000c010   R   E   R   A   R   A   R   A   R   A   R   A   R   A   R   A
000c020   R   A   R   A   R   A   R   A   R   A   R   A   R   A   R   A
000c030   R   A   R   A   R   A   R   B   R   B   ` 034   A   p 020   R
000c040   A   R   A   R   A   R   A   R   A   R   A   R   A   R   A   R
*
000c080   A   R   A   R   A   R   A   R   A   R   A   R   A   R   A   `
000c090   (   A   p       p  \b   p       V   A   X   C   S   B   U   C
000c0a0   p       p       R   C   p 020 200 004  \b   p 030   R   B   p
000c0b0 030   Q  \0  \0  \0  \0  \0  \0 022   @   _   O   B   J   C   _
000c0c0   C   L   A   S   S   _   $   _   N   S   O   b   j   e   c   t
000c0d0  \0   Q   s 320 025 220   @   _   O   B   J   C   _   M   E   T
000c0e0   A   C   L   A   S   S   _   $   _   N   S   O   b   j   e   c
000c0f0   t  \0 200 240 377 377 377 377 377 377 377 377 001 264 220 220
000c100   @   _   _   o   b   j   c   _   e   m   p   t   y   _   c   a
000c110   c   h   e  \0 200 260 377 377 377 377 377 377 377 377 001 300
000c120 003     220 023   @   d   y   l   d   _   s   t   u   b   _   b
000c130   i   n   d   e   r  \0   r  \0 220 024   @   _   O   B   J   C
000c140   _   C   L   A   S   S   _   $   _   N   S   V   i   e   w   C
000c150   o   n   t   r   o   l   l   e   r  \0   s 330 024 220   @   _
000c160   O   B   J   C   _   M   E   T   A   C   L   A   S   S   _   $
000c170   _   N   S   V   i   e   w   C   o   n   t   r   o   l   l   e
000c180   r  \0 200     220  \0  \0  \0   s  \0 024   @   _   N   S   A
000c190   p   p   l   i   c   a   t   i   o   n   M   a   i   n  \0 220
000c1a0  \0   s  \b 022   @   _   o   b   j   c   _   a   u   t   o   r
000c1b0   e   l   e   a   s   e   P   o   o   l   P   o   p  \0 220  \0
000c1c0   s 020 022   @   _   o   b   j   c   _   a   u   t   o   r   e
000c1d0   l   e   a   s   e   P   o   o   l   P   u   s   h  \0 220  \0
000c1e0   s 030 022   @   _   o   b   j   c   _   m   s   g   S   e   n
000c1f0   d   S   u   p   e   r   2  \0 220  \0   s     022   @   _   o
000c200   b   j   c   _   s   t   o   r   e   S   t   r   o   n   g  \0
000c210 220  \0  \0  \0  \0  \0  \0  \0  \0 001   _  \0 005  \0 003   _
000c220   m   h   _   e   x   e   c   u   t   e   _   h   e   a   d   e
000c230   r  \0   (   m   a   i   n  \0   ,   O   B   J   C   _  \0   1
000c240 002  \0  \0  \0 003  \0 300   f  \0  \0 002   C   L   A   S   S
000c250   _   $   _  \0   K   M   E   T   A   C   L   A   S   S   _   $
000c260   _  \0   q  \0 002   V   i   e   w   C   o   n   t   r   o   l
000c270   l   e   r  \0   k   A   p   p   D   e   l   e   g   a   t   e
000c280  \0 236 001 004  \0 320 224 002  \0  \0 002   V   i   e   w   C
000c290   o   n   t   r   o   l   l   e   r  \0 222 001   A   p   p   D
000c2a0   e   l   e   g   a   t   e  \0 230 001 004  \0 370 224 002  \0
000c2b0 004  \0 240 225 002  \0 004  \0 310 225 002  \0  \0  \0  \0  \0
000c2c0 240   e   @   `   @   @  \0  \0 226 001  \0  \0 016 001  \0  \0
000c2d0 240   2  \0  \0 001  \0  \0  \0 264 001  \0  \0 016 001  \0  \0
000c2e0 340   2  \0  \0 001  \0  \0  \0 334 001  \0  \0 016 001  \0  \0
000c2f0 200   3  \0  \0 001  \0  \0  \0  \n 002  \0  \0 016 001  \0  \0
000c300 300   3  \0  \0 001  \0  \0  \0   3 002  \0  \0 036  \v 200  \0
000c310 030   @  \0  \0 001  \0  \0  \0   T 002  \0  \0 036  \v 200  \0
000c320       @  \0  \0 001  \0  \0  \0 202 002  \0  \0 016 016  \0  \0
000c330   ( 200  \0  \0 001  \0  \0  \0 252 002  \0  \0 016 016  \0  \0
000c340   P 200  \0  \0 001  \0  \0  \0 317 002  \0  \0 016 016  \0  \0
000c350 230 200  \0  \0 001  \0  \0  \0 370 002  \0  \0 016 016  \0  \0
000c360 320 200  \0  \0 001  \0  \0  \0 031 003  \0  \0 016 016  \0  \0
000c370 030 201  \0  \0 001  \0  \0  \0   E 003  \0  \0 016 016  \0  \0
000c380 350 202  \0  \0 001  \0  \0  \0   u 003  \0  \0 016 016  \0  \0
000c390  \b 203  \0  \0 001  \0  \0  \0 221 003  \0  \0 016 016  \0  \0
000c3a0   P 203  \0  \0 001  \0  \0  \0 271 003  \0  \0 016 016  \0  \0
000c3b0 360 203  \0  \0 001  \0  \0  \0 346 003  \0  \0 016 016  \0  \0
000c3c0  \b 204  \0  \0 001  \0  \0  \0   # 004  \0  \0 016 016  \0  \0
000c3d0 320 207  \0  \0 001  \0  \0  \0   X 004  \0  \0 016 016  \0  \0
000c3e0 020 211  \0  \0 001  \0  \0  \0   } 004  \0  \0 016 016  \0  \0
000c3f0   ( 211  \0  \0 001  \0  \0  \0 237 004  \0  \0 016 016  \0  \0
000c400   p 211  \0  \0 001  \0  \0  \0 305 004  \0  \0 016 016  \0  \0
000c410 250 211  \0  \0 001  \0  \0  \0 344 004  \0  \0 016 016  \0  \0
000c420 360 211  \0  \0 001  \0  \0  \0 002 005  \0  \0 016 022  \0  \0
000c430 360 212  \0  \0 001  \0  \0  \0 021 005  \0  \0 036 022 200  \0
000c440 370 212  \0  \0 001  \0  \0  \0   , 005  \0  \0 036 022 200  \0
000c450   X 213  \0  \0 001  \0  \0  \0   T 005  \0  \0   d  \0  \0  \0
000c460  \0  \0  \0  \0  \0  \0  \0  \0 205 005  \0  \0   d  \0  \0  \0
000c470  \0  \0  \0  \0  \0  \0  \0  \0 226 005  \0  \0   f 003 001  \0
000c480 236 342   c   d  \0  \0  \0  \0 001  \0  \0  \0   . 001  \0  \0
000c490 240   2  \0  \0 001  \0  \0  \0   ' 006  \0  \0   $ 001  \0  \0
000c4a0 240   2  \0  \0 001  \0  \0  \0 001  \0  \0  \0   $  \0  \0  \0
000c4b0   @  \0  \0  \0  \0  \0  \0  \0 001  \0  \0  \0   N 001  \0  \0
000c4c0   @  \0  \0  \0  \0  \0  \0  \0 001  \0  \0  \0   . 001  \0  \0
000c4d0 340   2  \0  \0 001  \0  \0  \0   E 006  \0  \0   $ 001  \0  \0
000c4e0 340   2  \0  \0 001  \0  \0  \0 001  \0  \0  \0   $  \0  \0  \0
000c4f0   ^  \0  \0  \0  \0  \0  \0  \0 001  \0  \0  \0   N 001  \0  \0
000c500   ^  \0  \0  \0  \0  \0  \0  \0   m 006  \0  \0   & 016  \0  \0
000c510   ( 200  \0  \0 001  \0  \0  \0 225 006  \0  \0   & 016  \0  \0
000c520   P 200  \0  \0 001  \0  \0  \0 272 006  \0  \0   & 016  \0  \0
000c530 230 200  \0  \0 001  \0  \0  \0 343 006  \0  \0   & 016  \0  \0
000c540 320 200  \0  \0 001  \0  \0  \0 004  \a  \0  \0      \0  \0  \0
000c550  \0  \0  \0  \0  \0  \0  \0  \0   !  \a  \0  \0      \0  \0  \0
000c560  \0  \0  \0  \0  \0  \0  \0  \0 001  \0  \0  \0   d 001  \0  \0
000c570  \0  \0  \0  \0  \0  \0  \0  \0   T 005  \0  \0   d  \0  \0  \0
000c580  \0  \0  \0  \0  \0  \0  \0  \0   B  \a  \0  \0   d  \0  \0  \0
000c590  \0  \0  \0  \0  \0  \0  \0  \0   I  \a  \0  \0   f 003 001  \0
000c5a0   + 342   c   d  \0  \0  \0  \0 001  \0  \0  \0   . 001  \0  \0
000c5b0   @   3  \0  \0 001  \0  \0  \0 320  \a  \0  \0   $ 001  \0  \0
000c5c0   @   3  \0  \0 001  \0  \0  \0 001  \0  \0  \0   $  \0  \0  \0
000c5d0   5  \0  \0  \0  \0  \0  \0  \0 001  \0  \0  \0   N 001  \0  \0
000c5e0   5  \0  \0  \0  \0  \0  \0  \0 001  \0  \0  \0   d 001  \0  \0
000c5f0  \0  \0  \0  \0  \0  \0  \0  \0   T 005  \0  \0   d  \0  \0  \0
000c600  \0  \0  \0  \0  \0  \0  \0  \0 326  \a  \0  \0   d  \0  \0  \0
000c610  \0  \0  \0  \0  \0  \0  \0  \0 344  \a  \0  \0   f 003 001  \0
000c620   e 342   c   d  \0  \0  \0  \0 001  \0  \0  \0   . 001  \0  \0
000c630 200   3  \0  \0 001  \0  \0  \0   r  \b  \0  \0   $ 001  \0  \0
000c640 200   3  \0  \0 001  \0  \0  \0 001  \0  \0  \0   $  \0  \0  \0
000c650   @  \0  \0  \0  \0  \0  \0  \0 001  \0  \0  \0   N 001  \0  \0
000c660   @  \0  \0  \0  \0  \0  \0  \0 001  \0  \0  \0   . 001  \0  \0
000c670 300   3  \0  \0 001  \0  \0  \0 240  \b  \0  \0   $ 001  \0  \0
000c680 300   3  \0  \0 001  \0  \0  \0 001  \0  \0  \0   $  \0  \0  \0
000c690   =  \0  \0  \0  \0  \0  \0  \0 001  \0  \0  \0   N 001  \0  \0
000c6a0   =  \0  \0  \0  \0  \0  \0  \0 311  \b  \0  \0      \0  \0  \0
000c6b0  \0  \0  \0  \0  \0  \0  \0  \0 352  \b  \0  \0      \0  \0  \0
000c6c0  \0  \0  \0  \0  \0  \0  \0  \0 030  \t  \0  \0   & 016  \0  \0
000c6d0 030 201  \0  \0 001  \0  \0  \0   D  \t  \0  \0   & 016  \0  \0
000c6e0 350 202  \0  \0 001  \0  \0  \0   t  \t  \0  \0   & 016  \0  \0
000c6f0  \b 203  \0  \0 001  \0  \0  \0 220  \t  \0  \0   & 016  \0  \0
000c700   P 203  \0  \0 001  \0  \0  \0 270  \t  \0  \0   & 016  \0  \0
000c710 360 203  \0  \0 001  \0  \0  \0 345  \t  \0  \0   & 016  \0  \0
000c720  \b 204  \0  \0 001  \0  \0  \0   "  \n  \0  \0   & 016  \0  \0
000c730 320 207  \0  \0 001  \0  \0  \0   W  \n  \0  \0   & 016  \0  \0
000c740 020 211  \0  \0 001  \0  \0  \0   |  \n  \0  \0   & 016  \0  \0
000c750   ( 211  \0  \0 001  \0  \0  \0 236  \n  \0  \0   & 016  \0  \0
000c760   p 211  \0  \0 001  \0  \0  \0 304  \n  \0  \0   & 016  \0  \0
000c770 250 211  \0  \0 001  \0  \0  \0 343  \n  \0  \0   & 016  \0  \0
000c780 360 211  \0  \0 001  \0  \0  \0 001  \v  \0  \0      \0  \0  \0
000c790  \0  \0  \0  \0  \0  \0  \0  \0 037  \v  \0  \0      \0  \0  \0
000c7a0  \0  \0  \0  \0  \0  \0  \0  \0   9  \v  \0  \0      \0  \0  \0
000c7b0  \0  \0  \0  \0  \0  \0  \0  \0   T  \v  \0  \0      \0  \0  \0
000c7c0  \0  \0  \0  \0  \0  \0  \0  \0 001  \0  \0  \0   d 001  \0  \0
000c7d0  \0  \0  \0  \0  \0  \0  \0  \0 002  \0  \0  \0 017 021  \0  \0
000c7e0 310 212  \0  \0 001  \0  \0  \0 034  \0  \0  \0 017 021  \0  \0
000c7f0   P 212  \0  \0 001  \0  \0  \0   9  \0  \0  \0 017 021  \0  \0
000c800 240 212  \0  \0 001  \0  \0  \0   W  \0  \0  \0 017 021  \0  \0
000c810   x 212  \0  \0 001  \0  \0  \0   x  \0  \0  \0 017 001 020  \0
000c820  \0  \0  \0  \0 001  \0  \0  \0 214  \0  \0  \0 017 001  \0  \0
000c830   @   3  \0  \0 001  \0  \0  \0 222  \0  \0  \0 001  \0  \0 004
000c840  \0  \0  \0  \0  \0  \0  \0  \0 245  \0  \0  \0 001  \0  \0 002
000c850  \0  \0  \0  \0  \0  \0  \0  \0 274  \0  \0  \0 001  \0  \0 004
000c860  \0  \0  \0  \0  \0  \0  \0  \0 333  \0  \0  \0 001  \0  \0 002
000c870  \0  \0  \0  \0  \0  \0  \0  \0 366  \0  \0  \0 001  \0  \0 004
000c880  \0  \0  \0  \0  \0  \0  \0  \0 031 001  \0  \0 001  \0  \0 002
000c890  \0  \0  \0  \0  \0  \0  \0  \0   , 001  \0  \0 001  \0  \0 002
000c8a0  \0  \0  \0  \0  \0  \0  \0  \0   E 001  \0  \0 001  \0  \0 002
000c8b0  \0  \0  \0  \0  \0  \0  \0  \0   _ 001  \0  \0 001  \0  \0 002
000c8c0  \0  \0  \0  \0  \0  \0  \0  \0   s 001  \0  \0 001  \0  \0 002
000c8d0  \0  \0  \0  \0  \0  \0  \0  \0 205 001  \0  \0 001  \0  \0 003
000c8e0  \0  \0  \0  \0  \0  \0  \0  \0   W  \0  \0  \0   ]  \0  \0  \0
000c8f0   ^  \0  \0  \0   _  \0  \0  \0   `  \0  \0  \0   a  \0  \0  \0
000c900   W  \0  \0  \0   ]  \0  \0  \0   ^  \0  \0  \0   _  \0  \0  \0
000c910   `  \0  \0  \0  \0  \0  \0  \0      \0   _   O   B   J   C   _
000c920   C   L   A   S   S   _   $   _   A   p   p   D   e   l   e   g
000c930   a   t   e  \0   _   O   B   J   C   _   C   L   A   S   S   _
000c940   $   _   V   i   e   w   C   o   n   t   r   o   l   l   e   r
000c950  \0   _   O   B   J   C   _   M   E   T   A   C   L   A   S   S
000c960   _   $   _   A   p   p   D   e   l   e   g   a   t   e  \0   _
000c970   O   B   J   C   _   M   E   T   A   C   L   A   S   S   _   $
000c980   _   V   i   e   w   C   o   n   t   r   o   l   l   e   r  \0
000c990   _   _   m   h   _   e   x   e   c   u   t   e   _   h   e   a
000c9a0   d   e   r  \0   _   m   a   i   n  \0   _   N   S   A   p   p
000c9b0   l   i   c   a   t   i   o   n   M   a   i   n  \0   _   O   B
000c9c0   J   C   _   C   L   A   S   S   _   $   _   N   S   O   b   j
000c9d0   e   c   t  \0   _   O   B   J   C   _   C   L   A   S   S   _
000c9e0   $   _   N   S   V   i   e   w   C   o   n   t   r   o   l   l
000c9f0   e   r  \0   _   O   B   J   C   _   M   E   T   A   C   L   A
000ca00   S   S   _   $   _   N   S   O   b   j   e   c   t  \0   _   O
000ca10   B   J   C   _   M   E   T   A   C   L   A   S   S   _   $   _
000ca20   N   S   V   i   e   w   C   o   n   t   r   o   l   l   e   r
000ca30  \0   _   _   o   b   j   c   _   e   m   p   t   y   _   c   a
000ca40   c   h   e  \0   _   o   b   j   c   _   a   u   t   o   r   e
000ca50   l   e   a   s   e   P   o   o   l   P   o   p  \0   _   o   b
000ca60   j   c   _   a   u   t   o   r   e   l   e   a   s   e   P   o
000ca70   o   l   P   u   s   h  \0   _   o   b   j   c   _   m   s   g
000ca80   S   e   n   d   S   u   p   e   r   2  \0   _   o   b   j   c
000ca90   _   s   t   o   r   e   S   t   r   o   n   g  \0   d   y   l
000caa0   d   _   s   t   u   b   _   b   i   n   d   e   r  \0   -   [
000cab0   V   i   e   w   C   o   n   t   r   o   l   l   e   r       v
000cac0   i   e   w   D   i   d   L   o   a   d   ]  \0   -   [   V   i
000cad0   e   w   C   o   n   t   r   o   l   l   e   r       s   e   t
000cae0   R   e   p   r   e   s   e   n   t   e   d   O   b   j   e   c
000caf0   t   :   ]  \0   -   [   A   p   p   D   e   l   e   g   a   t
000cb00   e       a   p   p   l   i   c   a   t   i   o   n   D   i   d
000cb10   F   i   n   i   s   h   L   a   u   n   c   h   i   n   g   :
000cb20   ]  \0   -   [   A   p   p   D   e   l   e   g   a   t   e    
000cb30   a   p   p   l   i   c   a   t   i   o   n   W   i   l   l   T
000cb40   e   r   m   i   n   a   t   e   :   ]  \0   _   _   O   B   J
000cb50   C   _   L   A   B   E   L   _   P   R   O   T   O   C   O   L
000cb60   _   $   _   N   S   O   b   j   e   c   t  \0   _   _   O   B
000cb70   J   C   _   L   A   B   E   L   _   P   R   O   T   O   C   O
000cb80   L   _   $   _   N   S   A   p   p   l   i   c   a   t   i   o
000cb90   n   D   e   l   e   g   a   t   e  \0   _   _   O   B   J   C
000cba0   _   $   _   C   L   A   S   S   _   P   R   O   P   _   L   I
000cbb0   S   T   _   V   i   e   w   C   o   n   t   r   o   l   l   e
000cbc0   r  \0   _   _   O   B   J   C   _   M   E   T   A   C   L   A
000cbd0   S   S   _   R   O   _   $   _   V   i   e   w   C   o   n   t
000cbe0   r   o   l   l   e   r  \0   _   _   O   B   J   C   _   $   _
000cbf0   I   N   S   T   A   N   C   E   _   M   E   T   H   O   D   S
000cc00   _   V   i   e   w   C   o   n   t   r   o   l   l   e   r  \0
000cc10   _   _   O   B   J   C   _   C   L   A   S   S   _   R   O   _
000cc20   $   _   V   i   e   w   C   o   n   t   r   o   l   l   e   r
000cc30  \0   _   _   O   B   J   C   _   $   _   P   R   O   T   O   C
000cc40   O   L   _   I   N   S   T   A   N   C   E   _   M   E   T   H
000cc50   O   D   S   _   N   S   O   b   j   e   c   t  \0   _   _   O
000cc60   B   J   C   _   $   _   P   R   O   T   O   C   O   L   _   I
000cc70   N   S   T   A   N   C   E   _   M   E   T   H   O   D   S   _
000cc80   O   P   T   _   N   S   O   b   j   e   c   t  \0   _   _   O
000cc90   B   J   C   _   $   _   P   R   O   P   _   L   I   S   T   _
000cca0   N   S   O   b   j   e   c   t  \0   _   _   O   B   J   C   _
000ccb0   $   _   P   R   O   T   O   C   O   L   _   M   E   T   H   O
000ccc0   D   _   T   Y   P   E   S   _   N   S   O   b   j   e   c   t
000ccd0  \0   _   _   O   B   J   C   _   $   _   P   R   O   T   O   C
000cce0   O   L   _   R   E   F   S   _   N   S   A   p   p   l   i   c
000ccf0   a   t   i   o   n   D   e   l   e   g   a   t   e  \0   _   _
000cd00   O   B   J   C   _   $   _   P   R   O   T   O   C   O   L   _
000cd10   I   N   S   T   A   N   C   E   _   M   E   T   H   O   D   S
000cd20   _   O   P   T   _   N   S   A   p   p   l   i   c   a   t   i
000cd30   o   n   D   e   l   e   g   a   t   e  \0   _   _   O   B   J
000cd40   C   _   $   _   P   R   O   T   O   C   O   L   _   M   E   T
000cd50   H   O   D   _   T   Y   P   E   S   _   N   S   A   p   p   l
000cd60   i   c   a   t   i   o   n   D   e   l   e   g   a   t   e  \0
000cd70   _   _   O   B   J   C   _   C   L   A   S   S   _   P   R   O
000cd80   T   O   C   O   L   S   _   $   _   A   p   p   D   e   l   e
000cd90   g   a   t   e  \0   _   _   O   B   J   C   _   M   E   T   A
000cda0   C   L   A   S   S   _   R   O   _   $   _   A   p   p   D   e
000cdb0   l   e   g   a   t   e  \0   _   _   O   B   J   C   _   $   _
000cdc0   I   N   S   T   A   N   C   E   _   M   E   T   H   O   D   S
000cdd0   _   A   p   p   D   e   l   e   g   a   t   e  \0   _   _   O
000cde0   B   J   C   _   $   _   P   R   O   P   _   L   I   S   T   _
000cdf0   A   p   p   D   e   l   e   g   a   t   e  \0   _   _   O   B
000ce00   J   C   _   C   L   A   S   S   _   R   O   _   $   _   A   p
000ce10   p   D   e   l   e   g   a   t   e  \0   _   _   d   y   l   d
000ce20   _   p   r   i   v   a   t   e  \0   _   _   O   B   J   C   _
000ce30   P   R   O   T   O   C   O   L   _   $   _   N   S   O   b   j
000ce40   e   c   t  \0   _   _   O   B   J   C   _   P   R   O   T   O
000ce50   C   O   L   _   $   _   N   S   A   p   p   l   i   c   a   t
000ce60   i   o   n   D   e   l   e   g   a   t   e  \0   /   V   o   l
000ce70   u   m   e   s   /   g   i   t   /   L   e   d   g   e   r   L
000ce80   i   v   e   /   A   p   p   W   i   t   h   T   o   o   l   /
000ce90   A   p   p   W   i   t   h   T   o   o   l   /  \0   V   i   e
000cea0   w   C   o   n   t   r   o   l   l   e   r   .   m  \0   /   V
000ceb0   o   l   u   m   e   s   /   g   i   t   /   L   e   d   g   e
000cec0   r   L   i   v   e   /   A   p   p   W   i   t   h   T   o   o
000ced0   l   /   B   u   i   l   d   /   I   n   t   e   r   m   e   d
000cee0   i   a   t   e   s   .   n   o   i   n   d   e   x   /   A   p
000cef0   p   W   i   t   h   T   o   o   l   .   b   u   i   l   d   /
000cf00   D   e   b   u   g   /   A   p   p   W   i   t   h   T   o   o
000cf10   l   .   b   u   i   l   d   /   O   b   j   e   c   t   s   -
000cf20   n   o   r   m   a   l   /   x   8   6   _   6   4   /   V   i
000cf30   e   w   C   o   n   t   r   o   l   l   e   r   .   o  \0   -
000cf40   [   V   i   e   w   C   o   n   t   r   o   l   l   e   r    
000cf50   v   i   e   w   D   i   d   L   o   a   d   ]  \0   -   [   V
000cf60   i   e   w   C   o   n   t   r   o   l   l   e   r       s   e
000cf70   t   R   e   p   r   e   s   e   n   t   e   d   O   b   j   e
000cf80   c   t   :   ]  \0   _   _   O   B   J   C   _   $   _   C   L
000cf90   A   S   S   _   P   R   O   P   _   L   I   S   T   _   V   i
000cfa0   e   w   C   o   n   t   r   o   l   l   e   r  \0   _   _   O
000cfb0   B   J   C   _   M   E   T   A   C   L   A   S   S   _   R   O
000cfc0   _   $   _   V   i   e   w   C   o   n   t   r   o   l   l   e
000cfd0   r  \0   _   _   O   B   J   C   _   $   _   I   N   S   T   A
000cfe0   N   C   E   _   M   E   T   H   O   D   S   _   V   i   e   w
000cff0   C   o   n   t   r   o   l   l   e   r  \0   _   _   O   B   J
000d000   C   _   C   L   A   S   S   _   R   O   _   $   _   V   i   e
000d010   w   C   o   n   t   r   o   l   l   e   r  \0   _   O   B   J
000d020   C   _   C   L   A   S   S   _   $   _   V   i   e   w   C   o
000d030   n   t   r   o   l   l   e   r  \0   _   O   B   J   C   _   M
000d040   E   T   A   C   L   A   S   S   _   $   _   V   i   e   w   C
000d050   o   n   t   r   o   l   l   e   r  \0   m   a   i   n   .   m
000d060  \0   /   V   o   l   u   m   e   s   /   g   i   t   /   L   e
000d070   d   g   e   r   L   i   v   e   /   A   p   p   W   i   t   h
000d080   T   o   o   l   /   B   u   i   l   d   /   I   n   t   e   r
000d090   m   e   d   i   a   t   e   s   .   n   o   i   n   d   e   x
000d0a0   /   A   p   p   W   i   t   h   T   o   o   l   .   b   u   i
000d0b0   l   d   /   D   e   b   u   g   /   A   p   p   W   i   t   h
000d0c0   T   o   o   l   .   b   u   i   l   d   /   O   b   j   e   c
000d0d0   t   s   -   n   o   r   m   a   l   /   x   8   6   _   6   4
000d0e0   /   m   a   i   n   .   o  \0   _   m   a   i   n  \0   A   p
000d0f0   p   D   e   l   e   g   a   t   e   .   m  \0   /   V   o   l
000d100   u   m   e   s   /   g   i   t   /   L   e   d   g   e   r   L
000d110   i   v   e   /   A   p   p   W   i   t   h   T   o   o   l   /
000d120   B   u   i   l   d   /   I   n   t   e   r   m   e   d   i   a
000d130   t   e   s   .   n   o   i   n   d   e   x   /   A   p   p   W
000d140   i   t   h   T   o   o   l   .   b   u   i   l   d   /   D   e
000d150   b   u   g   /   A   p   p   W   i   t   h   T   o   o   l   .
000d160   b   u   i   l   d   /   O   b   j   e   c   t   s   -   n   o
000d170   r   m   a   l   /   x   8   6   _   6   4   /   A   p   p   D
000d180   e   l   e   g   a   t   e   .   o  \0   -   [   A   p   p   D
000d190   e   l   e   g   a   t   e       a   p   p   l   i   c   a   t
000d1a0   i   o   n   D   i   d   F   i   n   i   s   h   L   a   u   n
000d1b0   c   h   i   n   g   :   ]  \0   -   [   A   p   p   D   e   l
000d1c0   e   g   a   t   e       a   p   p   l   i   c   a   t   i   o
000d1d0   n   W   i   l   l   T   e   r   m   i   n   a   t   e   :   ]
000d1e0  \0   _   _   O   B   J   C   _   L   A   B   E   L   _   P   R
000d1f0   O   T   O   C   O   L   _   $   _   N   S   O   b   j   e   c
000d200   t  \0   _   _   O   B   J   C   _   L   A   B   E   L   _   P
000d210   R   O   T   O   C   O   L   _   $   _   N   S   A   p   p   l
000d220   i   c   a   t   i   o   n   D   e   l   e   g   a   t   e  \0
000d230   _   _   O   B   J   C   _   $   _   P   R   O   T   O   C   O
000d240   L   _   I   N   S   T   A   N   C   E   _   M   E   T   H   O
000d250   D   S   _   N   S   O   b   j   e   c   t  \0   _   _   O   B
000d260   J   C   _   $   _   P   R   O   T   O   C   O   L   _   I   N
000d270   S   T   A   N   C   E   _   M   E   T   H   O   D   S   _   O
000d280   P   T   _   N   S   O   b   j   e   c   t  \0   _   _   O   B
000d290   J   C   _   $   _   P   R   O   P   _   L   I   S   T   _   N
000d2a0   S   O   b   j   e   c   t  \0   _   _   O   B   J   C   _   $
000d2b0   _   P   R   O   T   O   C   O   L   _   M   E   T   H   O   D
000d2c0   _   T   Y   P   E   S   _   N   S   O   b   j   e   c   t  \0
000d2d0   _   _   O   B   J   C   _   $   _   P   R   O   T   O   C   O
000d2e0   L   _   R   E   F   S   _   N   S   A   p   p   l   i   c   a
000d2f0   t   i   o   n   D   e   l   e   g   a   t   e  \0   _   _   O
000d300   B   J   C   _   $   _   P   R   O   T   O   C   O   L   _   I
000d310   N   S   T   A   N   C   E   _   M   E   T   H   O   D   S   _
000d320   O   P   T   _   N   S   A   p   p   l   i   c   a   t   i   o
000d330   n   D   e   l   e   g   a   t   e  \0   _   _   O   B   J   C
000d340   _   $   _   P   R   O   T   O   C   O   L   _   M   E   T   H
000d350   O   D   _   T   Y   P   E   S   _   N   S   A   p   p   l   i
000d360   c   a   t   i   o   n   D   e   l   e   g   a   t   e  \0   _
000d370   _   O   B   J   C   _   C   L   A   S   S   _   P   R   O   T
000d380   O   C   O   L   S   _   $   _   A   p   p   D   e   l   e   g
000d390   a   t   e  \0   _   _   O   B   J   C   _   M   E   T   A   C
000d3a0   L   A   S   S   _   R   O   _   $   _   A   p   p   D   e   l
000d3b0   e   g   a   t   e  \0   _   _   O   B   J   C   _   $   _   I
000d3c0   N   S   T   A   N   C   E   _   M   E   T   H   O   D   S   _
000d3d0   A   p   p   D   e   l   e   g   a   t   e  \0   _   _   O   B
000d3e0   J   C   _   $   _   P   R   O   P   _   L   I   S   T   _   A
000d3f0   p   p   D   e   l   e   g   a   t   e  \0   _   _   O   B   J
000d400   C   _   C   L   A   S   S   _   R   O   _   $   _   A   p   p
000d410   D   e   l   e   g   a   t   e  \0   _   O   B   J   C   _   M
000d420   E   T   A   C   L   A   S   S   _   $   _   A   p   p   D   e
000d430   l   e   g   a   t   e  \0   _   O   B   J   C   _   C   L   A
000d440   S   S   _   $   _   A   p   p   D   e   l   e   g   a   t   e
000d450  \0   _   _   O   B   J   C   _   P   R   O   T   O   C   O   L
000d460   _   $   _   N   S   O   b   j   e   c   t  \0   _   _   O   B
000d470   J   C   _   P   R   O   T   O   C   O   L   _   $   _   N   S
000d480   A   p   p   l   i   c   a   t   i   o   n   D   e   l   e   g
000d490   a   t   e  \0  \0  \0  \0  \0  \0  \0  \0  \0  \0  \0  \0  \0
000d4a0 372 336  \f 300  \0  \0 030   /  \0  \0  \0 004  \0  \0  \0  \0
000d4b0  \0  \0  \0   ,  \0  \0  \0 002  \0  \0 003   !  \0  \0  \0 005
000d4c0  \0  \0 003 371  \0 001  \0  \0  \0  \0 005   n 372 336  \f 002
000d4d0  \0  \0 002 365  \0 002 005  \0  \0 001  \0  \0  \0  \0 001   5
000d4e0  \0  \0  \0   `  \0  \0  \0 005  \0  \0  \0 016  \0  \0 324 240
000d4f0     002  \0  \f  \0  \0  \0  \0  \0  \0  \0  \0  \0  \0  \0 212
000d500  \0  \0  \0  \0  \0  \0  \0  \0  \0  \0  \0  \0  \0  \0  \0  \0
*
000d520  \0  \0  \0 001  \0  \v 001  \0  \0  \0  \0  \0   d   e   v   .
000d530   b   i   t   c   o   i   n   c   o   r   e   .   a   p   p   -
000d540   w   i   t   h   -   t   o   o   l   .   A   p   p   W   i   t
000d550   h   T   o   o   l  \0   Q   P   9   M   S   C   9   X   7   4
000d560  \0 256 310   : 340   ]  \f 203   a 300 345   u 364 375 005   ?
000d570   6 243 337 310   : 037   &   i   4 245 243 223   p 241   Y   N
000d580 217  \0  \0  \0  \0  \0  \0  \0  \0  \0  \0  \0  \0  \0  \0  \0
000d590  \0  \0  \0  \0  \0  \0  \0  \0  \0  \0  \0  \0  \0  \0  \0  \0
000d5a0  \0 312 037 263 222 025   = 302   r 016 241   C 304 241   |   )
000d5b0 321 031 347 002   e 250 201   8   : 241  \f 332   I 353 231   {
000d5c0 023   ;   Y   H 354 335 037  \0   j   + 374 327 323   0   P 376
000d5d0 035   Y 207 306 353   I   ) 360 334 336   I   B   . 262   C 016
000d5e0 326   =   \ 253 331   G   H 334 273   > 036   b   f 242 022 211
000d5f0 363 344 341 021 035 315 255   F   x 217 355   P   \   j 201 352
000d600   %   1   < 211 177   l 207 374 247   r 211 234   L 034 345 032
000d610   /   a 216 274 365 204 224   k 224 274 361 004 257 222 243   G
000d620 313 255 177 254 262   X   o 306 351   f 300 004 327 321 321   k
000d630 002   O   X 005 377   | 264   |   z 205 332 275 213   H 211   ,
000d640 247 255 177 254 262   X   o 306 351   f 300 004 327 321 321   k
000d650 002   O   X 005 377   | 264   |   z 205 332 275 213   H 211   ,
000d660 247 232   !   E 323 244   2   a 025 267 322 360 310 351 210 363
000d670 277 252 335   y 363 177   ( 034   e 266 030   e 273 360   P 312
000d680 331 331 177 252 020 253 215 224 255   l   $ 177   = 211 345 032
000d690 377 305 242 303 026   t 216 334   6   D 316 340   9 274   q 270
000d6a0   R 255 177 254 262   X   o 306 351   f 300 004 327 321 321   k
000d6b0 002   O   X 005 377   | 264   |   z 205 332 275 213   H 211   ,
000d6c0 247 255 177 254 262   X   o 306 351   f 300 004 327 321 321   k
000d6d0 002   O   X 005 377   | 264   |   z 205 332 275 213   H 211   ,
000d6e0 247 255 177 254 262   X   o 306 351   f 300 004 327 321 321   k
000d6f0 002   O   X 005 377   | 264   |   z 205 332 275 213   H 211   ,
000d700 247 370 305 250   ) 342 262 025   @   Y   X 347 276 251  \b 234
000d710   3 032   F 250 332   9 260   \  \r 361   .   6 327 227 353 223
000d720 024 255 177 254 262   X   o 306 351   f 300 004 327 321 321   k
000d730 002   O   X 005 377   | 264   |   z 205 332 275 213   H 211   ,
000d740 247 255 177 254 262   X   o 306 351   f 300 004 327 321 321   k
000d750 002   O   X 005 377   | 264   |   z 205 332 275 213   H 211   ,
000d760 247 255 177 254 262   X   o 306 351   f 300 004 327 321 321   k
000d770 002   O   X 005 377   | 264   |   z 205 332 275 213   H 211   ,
000d780 247 305  \0 213 251   ]   A 377 246 207 272   w 274   9   p 224
000d790   M   q 223 034   O 344 240   n 204 312 277   F   "  \n  \t   ?
000d7a0 003 307 203 364 036 320 312 226   %   #   | 335 345 200 207   X
000d7b0 313 337   C 257   "   I 244   $ 340 260 307 225 251 301 324 245
000d7c0     372 336  \f 001  \0  \0  \0 330  \0  \0  \0 001  \0  \0  \0
000d7d0 003  \0  \0  \0 024 372 336  \f  \0  \0  \0  \0 304  \0  \0  \0
000d7e0 001  \0  \0  \0 006  \0  \0  \0 002  \0  \0  \0   )   d   e   v
000d7f0   .   b   i   t   c   o   i   n   c   o   r   e   .   a   p   p
000d800   -   w   i   t   h   -   t   o   o   l   .   A   p   p   W   i
000d810   t   h   T   o   o   l  \0  \0  \0  \0  \0  \0 006  \0  \0  \0
000d820 017  \0  \0  \0 006  \0  \0  \0  \v  \0  \0  \0  \0  \0  \0  \0
000d830  \n   s   u   b   j   e   c   t   .   C   N  \0  \0  \0  \0  \0
000d840 001  \0  \0  \0   6   A   p   p   l   e       D   e   v   e   l
000d850   o   p   m   e   n   t   :       r   a   n   d   y   m   c   m
000d860   i   l   l   a   n   1   @   m   a   c   .   c   o   m       (
000d870   6   F   E   9   9   W   6   T   E   3   )  \0  \0  \0  \0  \0
000d880 016  \0  \0  \0 001  \0  \0  \0  \n   * 206   H 206 367   c   d
000d890 006 002 001  \0  \0  \0  \0  \0  \0 372 336   q   q  \0  \0 001
000d8a0   u   <   ?   x   m   l       v   e   r   s   i   o   n   =   "
000d8b0   1   .   0   "       e   n   c   o   d   i   n   g   =   "   U
000d8c0   T   F   -   8   "   ?   >  \n   <   !   D   O   C   T   Y   P
000d8d0   E       p   l   i   s   t       P   U   B   L   I   C       "
000d8e0   -   /   /   A   p   p   l   e   /   /   D   T   D       P   L
000d8f0   I   S   T       1   .   0   /   /   E   N   "       "   h   t
000d900   t   p   :   /   /   w   w   w   .   a   p   p   l   e   .   c
000d910   o   m   /   D   T   D   s   /   P   r   o   p   e   r   t   y
000d920   L   i   s   t   -   1   .   0   .   d   t   d   "   >  \n   <
000d930   p   l   i   s   t       v   e   r   s   i   o   n   =   "   1
000d940   .   0   "   >  \n   <   d   i   c   t   >  \n  \t   <   k   e
000d950   y   >   c   o   m   .   a   p   p   l   e   .   s   e   c   u
000d960   r   i   t   y   .   a   p   p   -   s   a   n   d   b   o   x
000d970   <   /   k   e   y   >  \n  \t   <   t   r   u   e   /   >  \n
000d980  \t   <   k   e   y   >   c   o   m   .   a   p   p   l   e   .
000d990   s   e   c   u   r   i   t   y   .   f   i   l   e   s   .   u
000d9a0   s   e   r   -   s   e   l   e   c   t   e   d   .   r   e   a
000d9b0   d   -   o   n   l   y   <   /   k   e   y   >  \n  \t   <   t
000d9c0   r   u   e   /   >  \n  \t   <   k   e   y   >   c   o   m   .
000d9d0   a   p   p   l   e   .   s   e   c   u   r   i   t   y   .   g
000d9e0   e   t   -   t   a   s   k   -   a   l   l   o   w   <   /   k
000d9f0   e   y   >  \n  \t   <   t   r   u   e   /   >  \n   <   /   d
000da00   i   c   t   >  \n   <   /   p   l   i   s   t   >  \n 372 336
000da10  \v 001  \0  \0 022 301   0 200 006  \t   * 206   H 206 367  \r
000da20 001  \a 002 240 200   0 200 002 001 001   1 017   0  \r 006  \t
000da30   ` 206   H 001   e 003 004 002 001 005  \0   0 200 006  \t   *
000da40 206   H 206 367  \r 001  \a 001  \0  \0 240 202 016 352   0 202
000da50 004   Q   0 202 003   9 240 003 002 001 002 002 020   | 257   i
000da60  \n   % 267   9 376   { 233   D   z 301   x 305 356   0  \r 006
000da70  \t   * 206   H 206 367  \r 001 001  \v 005  \0   0   b   1  \v
000da80   0  \t 006 003   U 004 006 023 002   U   S   1 023   0 021 006
000da90 003   U 004  \n 023  \n   A   p   p   l   e       I   n   c   .
000daa0   1   &   0   $ 006 003   U 004  \v 023 035   A   p   p   l   e
000dab0       C   e   r   t   i   f   i   c   a   t   i   o   n       A
000dac0   u   t   h   o   r   i   t   y   1 026   0 024 006 003   U 004
000dad0 003 023  \r   A   p   p   l   e       R   o   o   t       C   A
000dae0   0 036 027  \r   2   0   0   2   1   9   1   8   1   3   4   7
000daf0   Z 027  \r   3   0   0   2   2   0   0   0   0   0   0   0   Z
000db00   0   u   1   D   0   B 006 003   U 004 003  \f   ;   A   p   p
000db10   l   e       W   o   r   l   d   w   i   d   e       D   e   v
000db20   e   l   o   p   e   r       R   e   l   a   t   i   o   n   s
000db30       C   e   r   t   i   f   i   c   a   t   i   o   n       A
000db40   u   t   h   o   r   i   t   y   1  \v   0  \t 006 003   U 004
000db50  \v  \f 002   G   3   1 023   0 021 006 003   U 004  \n  \f  \n
000db60   A   p   p   l   e       I   n   c   .   1  \v   0  \t 006 003
000db70   U 004 006 023 002   U   S   0 202 001   "   0  \r 006  \t   *
000db80 206   H 206 367  \r 001 001 001 005  \0 003 202 001 017  \0   0
000db90 202 001  \n 002 202 001 001  \0 330 365 211 374 250   Y  \v 207
000dba0 307   L 221   .   -   V 220 323   x 035 244   0 351 245   H 357
000dbb0  \v   C 277   - 204 373   $   ]   E 033 345 353   Y   6 022   \
000dbc0   T   d 236   l   b   - 264 306 227 312 314   < 366 326 006 221
000dbd0 374 345 002 246 034   j 264   y 325   g 313 254 351   ?  \a 021
000dbe0 341 204 274   G 035   f 216   9 242 350 264   I 355   : 322 341
000dbf0 020   `   z 216 223 214 312 300 332  \f 300 203 320 343 371 221
000dc00 326 247 214 310 301   s 342 256   F 321   b 235 222 250 220   `
000dc10   7   }   h 226 315 215 340 374 233 372   x 273 343   { 257   -
000dc20 027 335   [ 376 200   Y   #   u 027 270 022 301 355 033 345   4
000dc30 316 376   " 265 236   I 260 345   U 277 217 204 242   < 250 272
000dc40 305 206 225 026 344  \0 311 237 003 320 314 263   : 026   { 326
000dc50 005   \ 235 353   G 256  \r 265   - 214 016   i   M   @ 320   K
000dc60   L   ; 004 236 215   ! 261 254   .   C   T   0 316 301 212 206
000dc70 224 230   K 337   j  \r   ? 376 373 034 256 227 027 302   x  \n
000dc80   0 340   _ 037   T   ;   I 267   %  \0 032   7 202 322   V 227
000dc90 245   R   I   |   `   8 233 357 002 003 001  \0 001 243 201 357
000dca0   0 201 354   0 022 006 003   U 035 023 001 001 377 004  \b   0
000dcb0 006 001 001 377 002 001  \0   0 037 006 003   U 035   # 004 030
000dcc0   0 026 200 024   + 320   i   G 224   v  \t 376 364   k 215   .
000dcd0   @ 246 367   G   M 177  \b   ^   0   D 006  \b   + 006 001 005
000dce0 005  \a 001 001 004   8   0   6   0   4 006  \b   + 006 001 005
000dcf0 005  \a   0 001 206   (   h   t   t   p   :   /   /   o   c   s
000dd00   p   .   a   p   p   l   e   .   c   o   m   /   o   c   s   p
000dd10   0   3   -   a   p   p   l   e   r   o   o   t   c   a   0   .
000dd20 006 003   U 035 037 004   '   0   %   0   # 240   ! 240 037 206
000dd30 035   h   t   t   p   :   /   /   c   r   l   .   a   p   p   l
000dd40   e   .   c   o   m   /   r   o   o   t   .   c   r   l   0 035
000dd50 006 003   U 035 016 004 026 004 024  \t 376 300 025 220 371 257
000dd60   d  \n 222 022 271   &   (   c  \f 227 354 247 262   0 016 006
000dd70 003   U 035 017 001 001 377 004 004 003 002 001 006   0 020 006
000dd80  \n   * 206   H 206 367   c   d 006 002 001 004 002 005  \0   0
000dd90  \r 006  \t   * 206   H 206 367  \r 001 001  \v 005  \0 003 202
000dda0 001 001  \0 255   e 023 350 366 340 201   w   D 002   G   B 276
000ddb0   _ 245   9     352   b 251 375 305 220 311   s 023 325 236 233
000ddc0 320 252 017 215 215 313 355 001 317   l   (   @   [ 307   U   $
000ddd0   A 370 374 317 301 265   # 351 334 354 361   o 312 200 035   w
000dde0 302 304   a   I   %   g 257 017 312   9   % 255 323 343   z 314
000ddf0   3   (  \r 016   . 241   W   @   s 372 346   \ 256 006   Q   )
000de00 355 343 205  \f   O   a 334   2 026 213   w 320   D 312   ]   r
000de10 003   1   F 234 256 233   @ 032 372 364 340 323   > 372   / 214
000de20   f 237 227 304   T   Y 357 322   H 364  \a 231   I   `   Y 031
000de30 307 335 224 321 300 301   l 177   x   ! 357  \f 353   ;   l 231
000de40 202   K   R   `   8 265   9 202   m 354   R   1   S 276 017 221
000de50   L   I   I   t 217 246   Q 313 204   G   N 035   u   '   n 275
000de60 371 322   \ 363 177 302   l  \v  \t   6 342   d 344 302   7 003
000de70 024 031 325 352   j 224 252 251 333 376 366 232  \b   g 213 357
000de80   + 270 252 027   I 203 257 317 313 274 351 317 352 225   q 260
000de90 264   E 242 314 345 207 252  \n 303   A   :   y   \ 332   P   4
000dea0 235 225   ;   0 202 004 273   0 202 003 243 240 003 002 001 002
000deb0 002 001 002   0  \r 006  \t   * 206   H 206 367  \r 001 001 005
000dec0 005  \0   0   b   1  \v   0  \t 006 003   U 004 006 023 002   U
000ded0   S   1 023   0 021 006 003   U 004  \n 023  \n   A   p   p   l
000dee0   e       I   n   c   .   1   &   0   $ 006 003   U 004  \v 023
000def0 035   A   p   p   l   e       C   e   r   t   i   f   i   c   a
000df00   t   i   o   n       A   u   t   h   o   r   i   t   y   1 026
000df10   0 024 006 003   U 004 003 023  \r   A   p   p   l   e       R
000df20   o   o   t       C   A   0 036 027  \r   0   6   0   4   2   5
000df30   2   1   4   0   3   6   Z 027  \r   3   5   0   2   0   9   2
000df40   1   4   0   3   6   Z   0   b   1  \v   0  \t 006 003   U 004
000df50 006 023 002   U   S   1 023   0 021 006 003   U 004  \n 023  \n
000df60   A   p   p   l   e       I   n   c   .   1   &   0   $ 006 003
000df70   U 004  \v 023 035   A   p   p   l   e       C   e   r   t   i
000df80   f   i   c   a   t   i   o   n       A   u   t   h   o   r   i
000df90   t   y   1 026   0 024 006 003   U 004 003 023  \r   A   p   p
000dfa0   l   e       R   o   o   t       C   A   0 202 001   "   0  \r
000dfb0 006  \t   * 206   H 206 367  \r 001 001 001 005  \0 003 202 001
000dfc0 017  \0   0 202 001  \n 002 202 001 001  \0 344 221 251  \t 037
000dfd0 221 333 036   G   P 353 005 355   ^   y 204   - 353   6 242   W
000dfe0   L   U 354 213 031 211 336 371   K   l 365  \a 253   "   0 002
000dff0 350 030   > 370   P  \t 323 177   A 250 230 371 321 312   f 234
000e000   $   k 021 320 243 273 344 033   * 303 037 225 236   z  \f 244
000e010   G 213   [ 324 026   7   3 313 304 017   M 316 024   i 321 311
000e020 031   r 365   ] 016 325 177   _ 233 362   % 003 272   U 217   M
000e030   ]  \r 361   d   5   # 025   K 025   Y 035 263 224 367 366 234
000e040 236 317   P 272 301   X   P   g 217  \b 264     367 313 254   ,
000e050       o   p 266   ? 001   0 214 267   C 317 017 235   = 363   +
000e060   I   ( 032 310 376 316 265 271 016 331   ^ 034 326 313   = 265
000e070   : 255 364 017 016  \0 222  \v 261   ! 026   .   t 325   <  \r
000e080 333   b 026 253 243   q 222   G   S   U 301 257   /   A 263 370
000e090 373 343   p 315 346 243   L   E   ~ 037   L   k   P 226   A 211
000e0a0 304   t   b  \v 020 203   A 207   3 212 201 261   0   X 354   Z
000e0b0 004   2 214   h 263 217 035 336   e   s 377   g   ^   e 274   I
000e0c0 330   v 237   3 024   e 241   w 224 311   - 002 003 001  \0 001
000e0d0 243 202 001   z   0 202 001   v   0 016 006 003   U 035 017 001
000e0e0 001 377 004 004 003 002 001 006   0 017 006 003   U 035 023 001
000e0f0 001 377 004 005   0 003 001 001 377   0 035 006 003   U 035 016
000e100 004 026 004 024   + 320   i   G 224   v  \t 376 364   k 215   .
000e110   @ 246 367   G   M 177  \b   ^   0 037 006 003   U 035   # 004
000e120 030   0 026 200 024   + 320   i   G 224   v  \t 376 364   k 215
000e130   .   @ 246 367   G   M 177  \b   ^   0 202 001 021 006 003   U
000e140 035     004 202 001  \b   0 202 001 004   0 202 001  \0 006  \t
000e150   * 206   H 206 367   c   d 005 001   0 201 362   0   * 006  \b
000e160   + 006 001 005 005  \a 002 001 026 036   h   t   t   p   s   :
000e170   /   /   w   w   w   .   a   p   p   l   e   .   c   o   m   /
000e180   a   p   p   l   e   c   a   /   0 201 303 006  \b   + 006 001
000e190 005 005  \a 002 002   0 201 266 032 201 263   R   e   l   i   a
000e1a0   n   c   e       o   n       t   h   i   s       c   e   r   t
000e1b0   i   f   i   c   a   t   e       b   y       a   n   y       p
000e1c0   a   r   t   y       a   s   s   u   m   e   s       a   c   c
000e1d0   e   p   t   a   n   c   e       o   f       t   h   e       t
000e1e0   h   e   n       a   p   p   l   i   c   a   b   l   e       s
000e1f0   t   a   n   d   a   r   d       t   e   r   m   s       a   n
000e200   d       c   o   n   d   i   t   i   o   n   s       o   f    
000e210   u   s   e   ,       c   e   r   t   i   f   i   c   a   t   e
000e220       p   o   l   i   c   y       a   n   d       c   e   r   t
000e230   i   f   i   c   a   t   i   o   n       p   r   a   c   t   i
000e240   c   e       s   t   a   t   e   m   e   n   t   s   .   0  \r
000e250 006  \t   * 206   H 206 367  \r 001 001 005 005  \0 003 202 001
000e260 001  \0   \   6 231   L   -   x 267 355 214 233 334 363   w 233
000e270 362   v 322   w   0   O 301 037 205 203 205 033 231   =   G   7
000e280 362 251 233   @ 216   , 324 261 220 022 330 276 364   s 233 356
000e290 322   d 017 313   y   O   4 330 242   > 371   x 377   k 310  \a
000e2a0 354   }   9 203 213   S     323   8 304 261 277 232   O  \n   k
000e2b0 377   + 374   Y 247 005  \t   | 027   @   V 021 036   t 323 267
000e2c0 213   #   ;   G 243 325   o   $ 342 353 321 267   p 337 017   E
000e2d0 341   ' 312 361   m   x 355 347 265 027 027 250 334   ~   "   5
000e2e0 312   % 325 331 017 326   k 324 242   $   # 021 367 241 254 217
000e2f0   s 201   ` 306 033   [  \t   / 222 262 370   D   H 360   `   8
000e300 236 025 365   =   &   g     212   3   j 367  \r 202 317 336 353
000e310 243   / 371   S   j   [   d 300   c   3   w 367   :  \a   ,   V
000e320 353 332 017   ! 016 332 272   s 031   O 265 331   6 177 301 207
000e330   U 331 247 231 271   2   B 373 330 325   q 236   ~ 241   R 267
000e340 033 275 223   B   $ 022   * 307 017 035 266   M 234   ^   c 310
000e350   K 200 027   P 252 212 325 332 344 374 320  \t  \a   7 260   u
000e360   u   !   0 202 005 322   0 202 004 272 240 003 002 001 002 002
000e370 020 177 243 177   1 377  \a 207     306   }   S 243 246  \b   /
000e380 327   0  \r 006  \t   * 206   H 206 367  \r 001 001  \v 005  \0
000e390   0   u   1   D   0   B 006 003   U 004 003  \f   ;   A   p   p
000e3a0   l   e       W   o   r   l   d   w   i   d   e       D   e   v
000e3b0   e   l   o   p   e   r       R   e   l   a   t   i   o   n   s
000e3c0       C   e   r   t   i   f   i   c   a   t   i   o   n       A
000e3d0   u   t   h   o   r   i   t   y   1  \v   0  \t 006 003   U 004
000e3e0  \v  \f 002   G   3   1 023   0 021 006 003   U 004  \n  \f  \n
000e3f0   A   p   p   l   e       I   n   c   .   1  \v   0  \t 006 003
000e400   U 004 006 023 002   U   S   0 036 027  \r   2   2   1   1   1
000e410   3   2   2   1   9   5   1   Z 027  \r   2   3   1   1   1   3
000e420   2   2   1   9   5   0   Z   0 201 230   1 032   0 030 006  \n
000e430  \t 222   & 211 223 362   ,   d 001 001  \f  \n   Y   C   R   5
000e440   2   P   K   E   U   Z   1   ?   0   = 006 003   U 004 003  \f
000e450   6   A   p   p   l   e       D   e   v   e   l   o   p   m   e
000e460   n   t   :       r   a   n   d   y   m   c   m   i   l   l   a
000e470   n   1   @   m   a   c   .   c   o   m       (   6   F   E   9
000e480   9   W   6   T   E   3   )   1 023   0 021 006 003   U 004  \v
000e490  \f  \n   Q   P   9   M   S   C   9   X   7   4   1 027   0 025
000e4a0 006 003   U 004  \n  \f 016   R   a   n   d   y       M   c   M
000e4b0   i   l   l   a   n   1  \v   0  \t 006 003   U 004 006 023 002
000e4c0   U   S   0 202 001   "   0  \r 006  \t   * 206   H 206 367  \r
000e4d0 001 001 001 005  \0 003 202 001 017  \0   0 202 001  \n 002 202
000e4e0 001 001  \0 313 025   P   N   P 212 024   S 243   C 003   & 256
000e4f0   ]   Q   <   A   o 224   _   b   t     316   D   f 337   =   ,
000e500 254 265 207 024   j   {   g 363 024  \b   b   y 255 200   K   f
000e510   _   ]   T   Y   8 250   6 227 343   [   C 004   /   ' 310 325
000e520   7   F 367   }   < 211 001   u   o 342 345   ~   R   n 030 310
000e530   f 201 031   3 210   R 257   {   r   !   E   U   M 231 274 022
000e540 211 206 375 330   F   V 233   H 300 204 250 307 357 035 177 253
000e550 343 256 006 336   g   7 021 032 243 260 300   N 270 037 025 225
000e560 262   7   :   ( 320   9 376 373       j   = 306   5   ! 004   )
000e570 267 313 002   j 201   m 353 234 261 236  \f 360 320   q 272 016
000e580 260   t 357 017 252 350   , 270 023   ;   D 253 307 321 261   k
000e590 330 320 371   o   U 231   } 305 327   w 027 302 200 262 306 030
000e5a0   }   e 346 331   V 277 252 336 211 357   |   ; 216 003 314   w
000e5b0 270 347  \f   # 236 377   u   b 241   e  \f   l 354 321 204   b
000e5c0 255 215 353 265   I   }  \v 004   { 377 243   P 324 217   X   ;
000e5d0   8   =   ) 030   v 374   h   t   R 372   U  \0   " 322   n 363
000e5e0   Q 224 203 002 003 001  \0 001 243 202 002   8   0 202 002   4
000e5f0   0  \f 006 003   U 035 023 001 001 377 004 002   0  \0   0 037
000e600 006 003   U 035   # 004 030   0 026 200 024  \t 376 300 025 220
000e610 371 257   d  \n 222 022 271   &   (   c  \f 227 354 247 262   0
000e620   p 006  \b   + 006 001 005 005  \a 001 001 004   d   0   b   0
000e630   - 006  \b   + 006 001 005 005  \a   0 002 206   !   h   t   t
000e640   p   :   /   /   c   e   r   t   s   .   a   p   p   l   e   .
000e650   c   o   m   /   w   w   d   r   g   3   .   d   e   r   0   1
000e660 006  \b   + 006 001 005 005  \a   0 001 206   %   h   t   t   p
000e670   :   /   /   o   c   s   p   .   a   p   p   l   e   .   c   o
000e680   m   /   o   c   s   p   0   3   -   w   w   d   r   g   3   0
000e690   4   0 202 001 036 006 003   U 035     004 202 001 025   0 202
000e6a0 001 021   0 202 001  \r 006  \t   * 206   H 206 367   c   d 005
000e6b0 001   0 201 377   0 201 303 006  \b   + 006 001 005 005  \a 002
000e6c0 002   0 201 266  \f 201 263   R   e   l   i   a   n   c   e    
000e6d0   o   n       t   h   i   s       c   e   r   t   i   f   i   c
000e6e0   a   t   e       b   y       a   n   y       p   a   r   t   y
000e6f0       a   s   s   u   m   e   s       a   c   c   e   p   t   a
000e700   n   c   e       o   f       t   h   e       t   h   e   n    
000e710   a   p   p   l   i   c   a   b   l   e       s   t   a   n   d
000e720   a   r   d       t   e   r   m   s       a   n   d       c   o
000e730   n   d   i   t   i   o   n   s       o   f       u   s   e   ,
000e740       c   e   r   t   i   f   i   c   a   t   e       p   o   l
000e750   i   c   y       a   n   d       c   e   r   t   i   f   i   c
000e760   a   t   i   o   n       p   r   a   c   t   i   c   e       s
000e770   t   a   t   e   m   e   n   t   s   .   0   7 006  \b   + 006
000e780 001 005 005  \a 002 001 026   +   h   t   t   p   s   :   /   /
000e790   w   w   w   .   a   p   p   l   e   .   c   o   m   /   c   e
000e7a0   r   t   i   f   i   c   a   t   e   a   u   t   h   o   r   i
000e7b0   t   y   /   0 026 006 003   U 035   % 001 001 377 004  \f   0
000e7c0  \n 006  \b   + 006 001 005 005  \a 003 003   0 035 006 003   U
000e7d0 035 016 004 026 004 024 001   { 351   3 204 276 207   z   e 207
000e7e0   x   L 005 340 367   z   8   $ 022 273   0 016 006 003   U 035
000e7f0 017 001 001 377 004 004 003 002  \a 200   0 023 006  \n   * 206
000e800   H 206 367   c   d 006 001 002 001 001 377 004 002 005  \0   0
000e810 023 006  \n   * 206   H 206 367   c   d 006 001  \f 001 001 377
000e820 004 002 005  \0   0  \r 006  \t   * 206   H 206 367  \r 001 001
000e830  \v 005  \0 003 202 001 001  \0 314 305 031 363   } 355 264   k
000e840 216   q   R   % 332   7 026   1   k   m 354 313 251 341 032  \r
000e850 240   o 342 236 225   L 224 024 243   f   c   I   9   r  \b 253
000e860   B   s 003 233 215 262 353 031 031   $ 334 217   < 366 207 372
000e870 260   U 326 237 313 035   '   ?   R 266   l 205 357 217 030 305
000e880   n   m 032 242 363 317 303 333 223   # 365   ` 306 217 342 005
000e890   7 256 361 236 262   P 036 273   P 233 335   J   |   ]   . 234
000e8a0   n  \v 327 247   h 234 335   9   6 357 345   W 313   j 246 312
000e8b0 253 371 022   c   5   o   = 341 254   b 317 237 227   =   T 363
000e8c0 337 306 305   E 233 264 241   , 333   D 216   7 325 017 330   4
000e8d0 356 237 352   {   ~   x   V   H 306   :   Y   3 233 237   $   c
000e8e0 253 375   $   M   u 321 201 016 302 016   2 006 331   = 214   F
000e8f0 032 211  \a   J 342 324 200 215 273   j   G 324   I 314 376 022
000e900 022  \a 344 031   : 332 260 313 221 020 301 327 343   %   @ 214
000e910 306 203 243   { 001   g   p   W   h 353   v   % 003 021 356 275
000e920   J 230   +   Q   o 341 360   u 250   V 310 222 213 030 027   ,
000e930 367 005 340   J   D   A 206 031   1 202 003 215   0 202 003 211
000e940 002 001 001   0 201 211   0   u   1   D   0   B 006 003   U 004
000e950 003  \f   ;   A   p   p   l   e       W   o   r   l   d   w   i
000e960   d   e       D   e   v   e   l   o   p   e   r       R   e   l
000e970   a   t   i   o   n   s       C   e   r   t   i   f   i   c   a
000e980   t   i   o   n       A   u   t   h   o   r   i   t   y   1  \v
000e990   0  \t 006 003   U 004  \v  \f 002   G   3   1 023   0 021 006
000e9a0 003   U 004  \n  \f  \n   A   p   p   l   e       I   n   c   .
000e9b0   1  \v   0  \t 006 003   U 004 006 023 002   U   S 002 020 177
000e9c0 243 177   1 377  \a 207     306   }   S 243 246  \b   / 327   0
000e9d0  \r 006  \t   ` 206   H 001   e 003 004 002 001 005  \0 240 202
000e9e0 001 324   0 030 006  \t   * 206   H 206 367  \r 001  \t 003   1
000e9f0  \v 006  \t   * 206   H 206 367  \r 001  \a 001   0 034 006  \t
000ea00   * 206   H 206 367  \r 001  \t 005   1 017 027  \r   2   3   0
000ea10   5   1   6   2   0   0   7   5   9   Z   0   / 006  \t   * 206
000ea20   H 206 367  \r 001  \t 004   1   " 004       c 361 254   H 256
000ea30 312   0   v   r   $ 306   *   {   G   @ 223 001 224   p   (   ;
000ea40 032 310   e   c 361 257 314   d   f 342 232   0   < 006  \t   *
000ea50 206   H 206 367   c   d  \t 002   1   /   0   - 006  \t   ` 206
000ea60   H 001   e 003 004 002 001 004       c 361 254   H 256 312   0
000ea70   v   r   $ 306   *   {   G   @ 223 001 224   p   (   ; 032 310
000ea80   e   c 361 257 314   d   f 342 232   0 202 001   ) 006  \t   *
000ea90 206   H 206 367   c   d  \t 001   1 202 001 032 004 202 001 026
000eaa0   <   ?   x   m   l       v   e   r   s   i   o   n   =   "   1
000eab0   .   0   "       e   n   c   o   d   i   n   g   =   "   U   T
000eac0   F   -   8   "   ?   >  \n   <   !   D   O   C   T   Y   P   E
000ead0       p   l   i   s   t       P   U   B   L   I   C       "   -
000eae0   /   /   A   p   p   l   e   /   /   D   T   D       P   L   I
000eaf0   S   T       1   .   0   /   /   E   N   "       "   h   t   t
000eb00   p   :   /   /   w   w   w   .   a   p   p   l   e   .   c   o
000eb10   m   /   D   T   D   s   /   P   r   o   p   e   r   t   y   L
000eb20   i   s   t   -   1   .   0   .   d   t   d   "   >  \n   <   p
000eb30   l   i   s   t       v   e   r   s   i   o   n   =   "   1   .
000eb40   0   "   >  \n   <   d   i   c   t   >  \n  \t   <   k   e   y
000eb50   >   c   d   h   a   s   h   e   s   <   /   k   e   y   >  \n
000eb60  \t   <   a   r   r   a   y   >  \n  \t  \t   <   d   a   t   a
000eb70   >  \n  \t  \t   Y   /   G   s   S   K   7   K   M   H   Z   y
000eb80   J   M   Y   q   e   0   d   A   k   w   G   U   c   C   g   =
000eb90  \n  \t  \t   <   /   d   a   t   a   >  \n  \t   <   /   a   r
000eba0   r   a   y   >  \n   <   /   d   i   c   t   >  \n   <   /   p
000ebb0   l   i   s   t   >  \n   0  \r 006  \t   * 206   H 206 367  \r
000ebc0 001 001 001 005  \0 004 202 001  \0 271 345 003     371 320 376
000ebd0   F 203 020   s 251 307   z 035 006   8 366   y 352 361 227 277
000ebe0 006   n   H   , 305 001 233 373 337   j   _ 237  \t   ) 352 300
000ebf0 027   - 354   @ 262   U 206   o 370 312 307   R   s 224   4   .
000ec00   X 241   f   R 027 207   S   S 366 367   _ 347 320 033 303 344
000ec10 333   3   s   P 303 037 237 325 327   Y 020 234 315 226   5   $
000ec20   "   Q 225 212 026 222  \a 254   r 237 031 312 301 202 363 200
000ec30 346 236   G 314 272   @ 331   L   = 230 006 216 030 365 232   (
000ec40   y 257   \ 324 240 335 372   b 023 242 304 367 202 245 200 275
000ec50 345   P 027   g 203       h 313   C   ,   L 035 206   A 271 221
000ec60   9 265   i 373 303 320 216   B 221   T 224   _ 247 260 364 201
000ec70   D 306   H 326 266 217 236   = 002   _ 225 306 202   : 245 310
000ec80 362   X 200   > 353   C   J 317 333   { 335 177   > 216 266   G
000ec90   F 325 321   /   % 302 357   n  \0 275 017 342   Q 370   4 235
000eca0 374 210   k 016   _ 024   M 240 274 240   & 344 362 272 275 325
000ecb0 336   j   R 267 002   w     313 370 275   M   " 271 035   7 234
000ecc0  \a 240   x 244  \0   |   3 220 026  \0  \0  \0  \0  \0  \0  \0
000ecd0  \0  \0  \0  \0  \0  \0  \0  \0  \0  \0  \0  \0  \0  \0  \0  \0
*
0012060
