0000000 312 376 272 276  \0  \0  \0 002 001  \0  \0  \a  \0  \0  \0 003
0000010  \0  \0   @  \0  \0 001 016 260  \0  \0  \0 016 001  \0  \0  \f
0000020  \0  \0  \0  \0  \0 001 200  \0  \0 001 016 240  \0  \0  \0 016
0000030  \0  \0  \0  \0  \0  \0  \0  \0  \0  \0  \0  \0  \0  \0  \0  \0
*
0004000 317 372 355 376  \a  \0  \0 001 003  \0  \0  \0 002  \0  \0  \0
0004010 024  \0  \0  \0  \b  \a  \0  \0 205  \0      \0  \0  \0  \0  \0
0004020 031  \0  \0  \0   H  \0  \0  \0   _   _   P   A   G   E   Z   E
0004030   R   O  \0  \0  \0  \0  \0  \0  \0  \0  \0  \0  \0  \0  \0  \0
0004040  \0  \0  \0  \0 001  \0  \0  \0  \0  \0  \0  \0  \0  \0  \0  \0
0004050  \0  \0  \0  \0  \0  \0  \0  \0  \0  \0  \0  \0  \0  \0  \0  \0
0004060  \0  \0  \0  \0  \0  \0  \0  \0 031  \0  \0  \0 330 001  \0  \0
0004070   _   _   T   E   X   T  \0  \0  \0  \0  \0  \0  \0  \0  \0  \0
0004080  \0  \0  \0  \0 001  \0  \0  \0  \0   @  \0  \0  \0  \0  \0  \0
0004090  \0  \0  \0  \0  \0  \0  \0  \0  \0   @  \0  \0  \0  \0  \0  \0
00040a0 005  \0  \0  \0 005  \0  \0  \0 005  \0  \0  \0  \0  \0  \0  \0
00040b0   _   _   t   e   x   t  \0  \0  \0  \0  \0  \0  \0  \0  \0  \0
00040c0   _   _   T   E   X   T  \0  \0  \0  \0  \0  \0  \0  \0  \0  \0
00040d0       ?  \0  \0 001  \0  \0  \0   A  \0  \0  \0  \0  \0  \0  \0
00040e0       ?  \0  \0 004  \0  \0  \0  \0  \0  \0  \0  \0  \0  \0  \0
00040f0  \0 004  \0 200  \0  \0  \0  \0  \0  \0  \0  \0  \0  \0  \0  \0
0004100   _   _   s   t   u   b   s  \0  \0  \0  \0  \0  \0  \0  \0  \0
0004110   _   _   T   E   X   T  \0  \0  \0  \0  \0  \0  \0  \0  \0  \0
0004120   b   ?  \0  \0 001  \0  \0  \0 022  \0  \0  \0  \0  \0  \0  \0
0004130   b   ?  \0  \0 001  \0  \0  \0  \0  \0  \0  \0  \0  \0  \0  \0
0004140  \b 004  \0 200  \0  \0  \0  \0 006  \0  \0  \0  \0  \0  \0  \0
0004150   _   _   s   t   u   b   _   h   e   l   p   e   r  \0  \0  \0
0004160   _   _   T   E   X   T  \0  \0  \0  \0  \0  \0  \0  \0  \0  \0
0004170   t   ?  \0  \0 001  \0  \0  \0   .  \0  \0  \0  \0  \0  \0  \0
0004180   t   ?  \0  \0 002  \0  \0  \0  \0  \0  \0  \0  \0  \0  \0  \0
0004190  \0 004  \0 200  \0  \0  \0  \0  \0  \0  \0  \0  \0  \0  \0  \0
00041a0   _   _   c   s   t   r   i   n   g  \0  \0  \0  \0  \0  \0  \0
00041b0   _   _   T   E   X   T  \0  \0  \0  \0  \0  \0  \0  \0  \0  \0
00041c0 242   ?  \0  \0 001  \0  \0  \0 016  \0  \0  \0  \0  \0  \0  \0
00041d0 242   ?  \0  \0  \0  \0  \0  \0  \0  \0  \0  \0  \0  \0  \0  \0
00041e0 002  \0  \0  \0  \0  \0  \0  \0  \0  \0  \0  \0  \0  \0  \0  \0
00041f0   _   _   u   n   w   i   n   d   _   i   n   f   o  \0  \0  \0
0004200   _   _   T   E   X   T  \0  \0  \0  \0  \0  \0  \0  \0  \0  \0
0004210 260   ?  \0  \0 001  \0  \0  \0   H  \0  \0  \0  \0  \0  \0  \0
0004220 260   ?  \0  \0 002  \0  \0  \0  \0  \0  \0  \0  \0  \0  \0  \0
0004230  \0  \0  \0  \0  \0  \0  \0  \0  \0  \0  \0  \0  \0  \0  \0  \0
0004240 031  \0  \0  \0   8 001  \0  \0   _   _   D   A   T   A   _   C
0004250   O   N   S   T  \0  \0  \0  \0  \0   @  \0  \0 001  \0  \0  \0
0004260  \0   @  \0  \0  \0  \0  \0  \0  \0   @  \0  \0  \0  \0  \0  \0
0004270  \0   @  \0  \0  \0  \0  \0  \0 003  \0  \0  \0 003  \0  \0  \0
0004280 003  \0  \0  \0 020  \0  \0  \0   _   _   g   o   t  \0  \0  \0
0004290  \0  \0  \0  \0  \0  \0  \0  \0   _   _   D   A   T   A   _   C
00042a0   O   N   S   T  \0  \0  \0  \0  \0   @  \0  \0 001  \0  \0  \0
00042b0  \b  \0  \0  \0  \0  \0  \0  \0  \0   @  \0  \0 003  \0  \0  \0
00042c0  \0  \0  \0  \0  \0  \0  \0  \0 006  \0  \0  \0 003  \0  \0  \0
00042d0  \0  \0  \0  \0  \0  \0  \0  \0   _   _   c   f   s   t   r   i
00042e0   n   g  \0  \0  \0  \0  \0  \0   _   _   D   A   T   A   _   C
00042f0   O   N   S   T  \0  \0  \0  \0  \b   @  \0  \0 001  \0  \0  \0
0004300      \0  \0  \0  \0  \0  \0  \0  \b   @  \0  \0 003  \0  \0  \0
0004310  \0  \0  \0  \0  \0  \0  \0  \0  \0  \0  \0  \0  \0  \0  \0  \0
0004320  \0  \0  \0  \0  \0  \0  \0  \0   _   _   o   b   j   c   _   i
0004330   m   a   g   e   i   n   f   o   _   _   D   A   T   A   _   C
0004340   O   N   S   T  \0  \0  \0  \0   (   @  \0  \0 001  \0  \0  \0
0004350  \b  \0  \0  \0  \0  \0  \0  \0   (   @  \0  \0 002  \0  \0  \0
0004360  \0  \0  \0  \0  \0  \0  \0  \0  \0  \0  \0  \0  \0  \0  \0  \0
0004370  \0  \0  \0  \0  \0  \0  \0  \0 031  \0  \0  \0 350  \0  \0  \0
0004380   _   _   D   A   T   A  \0  \0  \0  \0  \0  \0  \0  \0  \0  \0
0004390  \0 200  \0  \0 001  \0  \0  \0  \0   @  \0  \0  \0  \0  \0  \0
00043a0  \0 200  \0  \0  \0  \0  \0  \0  \0   @  \0  \0  \0  \0  \0  \0
00043b0 003  \0  \0  \0 003  \0  \0  \0 002  \0  \0  \0  \0  \0  \0  \0
00043c0   _   _   l   a   _   s   y   m   b   o   l   _   p   t   r  \0
00043d0   _   _   D   A   T   A  \0  \0  \0  \0  \0  \0  \0  \0  \0  \0
00043e0  \0 200  \0  \0 001  \0  \0  \0 030  \0  \0  \0  \0  \0  \0  \0
00043f0  \0 200  \0  \0 003  \0  \0  \0  \0  \0  \0  \0  \0  \0  \0  \0
0004400  \a  \0  \0  \0 004  \0  \0  \0  \0  \0  \0  \0  \0  \0  \0  \0
0004410   _   _   d   a   t   a  \0  \0  \0  \0  \0  \0  \0  \0  \0  \0
0004420   _   _   D   A   T   A  \0  \0  \0  \0  \0  \0  \0  \0  \0  \0
0004430 030 200  \0  \0 001  \0  \0  \0  \b  \0  \0  \0  \0  \0  \0  \0
0004440 030 200  \0  \0 003  \0  \0  \0  \0  \0  \0  \0  \0  \0  \0  \0
0004450  \0  \0  \0  \0  \0  \0  \0  \0  \0  \0  \0  \0  \0  \0  \0  \0
0004460 031  \0  \0  \0   H  \0  \0  \0   _   _   L   I   N   K   E   D
0004470   I   T  \0  \0  \0  \0  \0  \0  \0 300  \0  \0 001  \0  \0  \0
0004480  \0 200  \0  \0  \0  \0  \0  \0  \0 300  \0  \0  \0  \0  \0  \0
0004490 260   N  \0  \0  \0  \0  \0  \0 001  \0  \0  \0 001  \0  \0  \0
00044a0  \0  \0  \0  \0  \0  \0  \0  \0   "  \0  \0 200   0  \0  \0  \0
00044b0  \0 300  \0  \0  \b  \0  \0  \0  \b 300  \0  \0   @  \0  \0  \0
00044c0  \0  \0  \0  \0  \0  \0  \0  \0   H 300  \0  \0   P  \0  \0  \0
00044d0 230 300  \0  \0   0  \0  \0  \0 002  \0  \0  \0 030  \0  \0  \0
00044e0 320 300  \0  \0 020  \0  \0  \0 360 301  \0  \0   X 001  \0  \0
00044f0  \v  \0  \0  \0   P  \0  \0  \0  \0  \0  \0  \0  \t  \0  \0  \0
0004500  \t  \0  \0  \0 002  \0  \0  \0  \v  \0  \0  \0 005  \0  \0  \0
0004510  \0  \0  \0  \0  \0  \0  \0  \0  \0  \0  \0  \0  \0  \0  \0  \0
0004520  \0  \0  \0  \0  \0  \0  \0  \0 320 301  \0  \0  \a  \0  \0  \0
0004530  \0  \0  \0  \0  \0  \0  \0  \0  \0  \0  \0  \0  \0  \0  \0  \0
0004540 016  \0  \0  \0      \0  \0  \0  \f  \0  \0  \0   /   u   s   r
0004550   /   l   i   b   /   d   y   l   d  \0  \0  \0  \0  \0  \0  \0
0004560 033  \0  \0  \0 030  \0  \0  \0 220   % 267 364 261   U   = 207
0004570 244 025   ~   0 002 016   2   `   2  \0  \0  \0      \0  \0  \0
0004580 001  \0  \0  \0  \0 017  \n  \0  \0 001  \v  \0 001  \0  \0  \0
0004590 003  \0  \0  \0  \0  \b   a 002   *  \0  \0  \0 020  \0  \0  \0
00045a0  \0  \0  \0  \0  \0  \0  \0  \0   (  \0  \0 200 030  \0  \0  \0
00045b0       ?  \0  \0  \0  \0  \0  \0  \0  \0  \0  \0  \0  \0  \0  \0
00045c0  \f  \0  \0  \0   `  \0  \0  \0 030  \0  \0  \0 002  \0  \0  \0
00045d0  \0 377 352 006  \0  \0   , 001   /   S   y   s   t   e   m   /
00045e0   L   i   b   r   a   r   y   /   F   r   a   m   e   w   o   r
00045f0   k   s   /   F   o   u   n   d   a   t   i   o   n   .   f   r
0004600   a   m   e   w   o   r   k   /   V   e   r   s   i   o   n   s
0004610   /   C   /   F   o   u   n   d   a   t   i   o   n  \0  \0  \0
0004620  \f  \0  \0  \0   8  \0  \0  \0 030  \0  \0  \0 002  \0  \0  \0
0004630  \0  \0 344  \0  \0  \0 001  \0   /   u   s   r   /   l   i   b
0004640   /   l   i   b   o   b   j   c   .   A   .   d   y   l   i   b
0004650  \0  \0  \0  \0  \0  \0  \0  \0  \f  \0  \0  \0   8  \0  \0  \0
0004660 030  \0  \0  \0 002  \0  \0  \0 001   <  \f 005  \0  \0 001  \0
0004670   /   u   s   r   /   l   i   b   /   l   i   b   S   y   s   t
0004680   e   m   .   B   .   d   y   l   i   b  \0  \0  \0  \0  \0  \0
0004690  \f  \0  \0  \0   h  \0  \0  \0 030  \0  \0  \0 002  \0  \0  \0
00046a0  \0 377 352 006  \0  \0 226  \0   /   S   y   s   t   e   m   /
00046b0   L   i   b   r   a   r   y   /   F   r   a   m   e   w   o   r
00046c0   k   s   /   C   o   r   e   F   o   u   n   d   a   t   i   o
00046d0   n   .   f   r   a   m   e   w   o   r   k   /   V   e   r   s
00046e0   i   o   n   s   /   A   /   C   o   r   e   F   o   u   n   d
00046f0   a   t   i   o   n  \0  \0  \0   &  \0  \0  \0 020  \0  \0  \0
0004700 310 300  \0  \0  \b  \0  \0  \0   )  \0  \0  \0 020  \0  \0  \0
0004710 320 300  \0  \0  \0  \0  \0  \0 035  \0  \0  \0 020  \0  \0  \0
0004720   P 303  \0  \0   `   K  \0  \0  \0  \0  \0  \0  \0  \0  \0  \0
0004730  \0  \0  \0  \0  \0  \0  \0  \0  \0  \0  \0  \0  \0  \0  \0  \0
*
0007f20   U   H 211 345   H 203 354     307   E 374  \0  \0  \0  \0 211
0007f30   } 370   H 211   u 360 350   3  \0  \0  \0   H 215  \r 306  \0
0007f40  \0  \0   H 211 317   H 211   E 350 260  \0 350 022  \0  \0  \0
0007f50   H 213   } 350 350 017  \0  \0  \0   1 300   H 203 304       ]
0007f60 303 220 377   % 230   @  \0  \0 377   % 232   @  \0  \0 377   %
0007f70 234   @  \0  \0   L 215 035 235   @  \0  \0   A   S 377   %   }
0007f80  \0  \0  \0 220   h  \0  \0  \0  \0 351 346 377 377 377   h  \r
0007f90  \0  \0  \0 351 334 377 377 377   h   ,  \0  \0  \0 351 322 377
0007fa0 377 377   H   e   l   l   o   ,       W   o   r   l   d   !  \0
0007fb0 001  \0  \0  \0 034  \0  \0  \0  \0  \0  \0  \0 034  \0  \0  \0
0007fc0  \0  \0  \0  \0 034  \0  \0  \0 002  \0  \0  \0       ?  \0  \0
0007fd0   4  \0  \0  \0   4  \0  \0  \0   b   ?  \0  \0  \0  \0  \0  \0
0007fe0   4  \0  \0  \0 003  \0  \0  \0  \f  \0 001  \0 020  \0 001  \0
0007ff0  \0  \0  \0  \0  \0  \0  \0 001  \0  \0  \0  \0  \0  \0  \0  \0
0008000  \0  \0  \0  \0  \0  \0  \0  \0  \0  \0  \0  \0  \0  \0  \0  \0
0008010 310  \a  \0  \0  \0  \0  \0  \0 242   ?  \0  \0 001  \0  \0  \0
0008020  \r  \0  \0  \0  \0  \0  \0  \0  \0  \0  \0  \0   @  \0  \0  \0
0008030  \0  \0  \0  \0  \0  \0  \0  \0  \0  \0  \0  \0  \0  \0  \0  \0
*
000c000 204   ?  \0  \0 001  \0  \0  \0 216   ?  \0  \0 001  \0  \0  \0
000c010 230   ?  \0  \0 001  \0  \0  \0  \0  \0  \0  \0  \0  \0  \0  \0
000c020  \0  \0  \0  \0  \0  \0  \0  \0  \0  \0  \0  \0  \0  \0  \0  \0
*
0010000 021   " 030   Q   #  \0   S  \0 023   @   d   y   l   d   _   s
0010010   t   u   b   _   b   i   n   d   e   r  \0   Q   r  \0 220 024
0010020   @   _   _   _   C   F   C   o   n   s   t   a   n   t   S   t
0010030   r   i   n   g   C   l   a   s   s   R   e   f   e   r   e   n
0010040   c   e  \0 220  \0  \0  \0  \0   s  \0 021   @   _   N   S   L
0010050   o   g  \0 220  \0   s  \b 022   @   _   o   b   j   c   _   a
0010060   u   t   o   r   e   l   e   a   s   e   P   o   o   l   P   o
0010070   p  \0 220  \0   s 020 022   @   _   o   b   j   c   _   a   u
0010080   t   o   r   e   l   e   a   s   e   P   o   o   l   P   u   s
0010090   h  \0 220  \0  \0  \0  \0  \0  \0 001   _  \0 005  \0 002   _
00100a0   m   h   _   e   x   e   c   u   t   e   _   h   e   a   d   e
00100b0   r  \0   !   m   a   i   n  \0   % 002  \0  \0  \0 003  \0 240
00100c0   ~  \0  \0  \0  \0  \0  \0  \0 240   ~  \0  \0  \0  \0  \0  \0
00100d0 211  \0  \0  \0 016  \n  \0  \0 030 200  \0  \0 001  \0  \0  \0
00100e0 230  \0  \0  \0   d  \0  \0  \0  \0  \0  \0  \0  \0  \0  \0  \0
00100f0 303  \0  \0  \0   d  \0  \0  \0  \0  \0  \0  \0  \0  \0  \0  \0
0010100 312  \0  \0  \0   f 003 001  \0 270 317   c   d  \0  \0  \0  \0
0010110 001  \0  \0  \0   . 001  \0  \0       ?  \0  \0 001  \0  \0  \0
0010120   K 001  \0  \0   $ 001  \0  \0       ?  \0  \0 001  \0  \0  \0
0010130 001  \0  \0  \0   $  \0  \0  \0   A  \0  \0  \0  \0  \0  \0  \0
0010140 001  \0  \0  \0   N 001  \0  \0   A  \0  \0  \0  \0  \0  \0  \0
0010150 001  \0  \0  \0   d 001  \0  \0  \0  \0  \0  \0  \0  \0  \0  \0
0010160 002  \0  \0  \0 017 001 020  \0  \0  \0  \0  \0 001  \0  \0  \0
0010170 026  \0  \0  \0 017 001  \0  \0       ?  \0  \0 001  \0  \0  \0
0010180 034  \0  \0  \0 001  \0  \0 001  \0  \0  \0  \0  \0  \0  \0  \0
0010190   #  \0  \0  \0 001  \0  \0 004  \0  \0  \0  \0  \0  \0  \0  \0
00101a0   E  \0  \0  \0 001  \0  \0 002  \0  \0  \0  \0  \0  \0  \0  \0
00101b0   ^  \0  \0  \0 001  \0  \0 002  \0  \0  \0  \0  \0  \0  \0  \0
00101c0   x  \0  \0  \0 001  \0  \0 003  \0  \0  \0  \0  \0  \0  \0  \0
00101d0  \v  \0  \0  \0  \r  \0  \0  \0 016  \0  \0  \0 017  \0  \0  \0
00101e0  \v  \0  \0  \0  \r  \0  \0  \0 016  \0  \0  \0  \0  \0  \0  \0
00101f0      \0   _   _   m   h   _   e   x   e   c   u   t   e   _   h
0010200   e   a   d   e   r  \0   _   m   a   i   n  \0   _   N   S   L
0010210   o   g  \0   _   _   _   C   F   C   o   n   s   t   a   n   t
0010220   S   t   r   i   n   g   C   l   a   s   s   R   e   f   e   r
0010230   e   n   c   e  \0   _   o   b   j   c   _   a   u   t   o   r
0010240   e   l   e   a   s   e   P   o   o   l   P   o   p  \0   _   o
0010250   b   j   c   _   a   u   t   o   r   e   l   e   a   s   e   P
0010260   o   o   l   P   u   s   h  \0   d   y   l   d   _   s   t   u
0010270   b   _   b   i   n   d   e   r  \0   _   _   d   y   l   d   _
0010280   p   r   i   v   a   t   e  \0   /   V   o   l   u   m   e   s
0010290   /   g   i   t   /   L   e   d   g   e   r   L   i   v   e   /
00102a0   A   p   p   W   i   t   h   T   o   o   l   /   T   o   o   l
00102b0   X   /  \0   m   a   i   n   .   m  \0   /   V   o   l   u   m
00102c0   e   s   /   g   i   t   /   L   e   d   g   e   r   L   i   v
00102d0   e   /   A   p   p   W   i   t   h   T   o   o   l   /   B   u
00102e0   i   l   d   /   I   n   t   e   r   m   e   d   i   a   t   e
00102f0   s   .   n   o   i   n   d   e   x   /   A   p   p   W   i   t
0010300   h   T   o   o   l   .   b   u   i   l   d   /   D   e   b   u
0010310   g   /   T   o   o   l   X   .   b   u   i   l   d   /   O   b
0010320   j   e   c   t   s   -   n   o   r   m   a   l   /   x   8   6
0010330   _   6   4   /   m   a   i   n   .   o  \0   _   m   a   i   n
0010340  \0  \0  \0  \0  \0  \0  \0  \0  \0  \0  \0  \0  \0  \0  \0  \0
0010350 372 336  \f 300  \0  \0 027 314  \0  \0  \0 004  \0  \0  \0  \0
0010360  \0  \0  \0   ,  \0  \0  \0 002  \0  \0 003  \a  \0  \0  \0 005
0010370  \0  \0 003 343  \0 001  \0  \0  \0  \0 005  \v 372 336  \f 002
0010380  \0  \0 002 333  \0 002 005  \0  \0 001  \0  \0  \0  \0 001   ;
0010390  \0  \0  \0   `  \0  \0  \0 005  \0  \0  \0  \r  \0  \0 303   P
00103a0     002  \0  \f  \0  \0  \0  \0  \0  \0  \0  \0  \0  \0  \0 220
00103b0  \0  \0  \0  \0  \0  \0  \0  \0  \0  \0  \0  \0  \0  \0  \0  \0
*
00103d0  \0  \0  \0 001  \0  \v 001  \0  \0  \0  \0  \0   d   e   v   .
00103e0   b   i   t   c   o   i   n   c   o   r   e   .   a   p   p   -
00103f0   w   i   t   h   -   t   o   o   l   .   A   p   p   W   i   t
0010400   h   T   o   o   l   .   T   o   o   l   X  \0   Q   P   9   M
0010410   S   C   9   X   7   4  \0   n 241   T 350 367 214   [ 335   P
0010420 223   C 201 224  \0 246   Y 372 347 025 214   H   #   ?   $ 002
0010430 211   s 212 331   q 300   ?  \0  \0  \0  \0  \0  \0  \0  \0  \0
0010440  \0  \0  \0  \0  \0  \0  \0  \0  \0  \0  \0  \0  \0  \0  \0  \0
*
0010470  \0  \0  \0  \0  \0  \0  \0 030 226 365 205   _   . 225   Q 024
0010480   $ 374   a 204   c   S 024   ; 343   g 353 343   q   $   o   m
0010490 370   U 371   |   !   W 276  \0  \0  \0  \0  \0  \0  \0  \0  \0
00104a0  \0  \0  \0  \0  \0  \0  \0  \0  \0  \0  \0  \0  \0  \0  \0  \0
00104b0  \0  \0  \0  \0  \0  \0  \0  \a 345 307 240   K 267 030   ! 360
00104c0 260  \r 355 343   9 220 315 032 267 317 006   ;   M 232   z   H
00104d0 024   [   0 257 352   )   - 255 177 254 262   X   o 306 351   f
00104e0 300 004 327 321 321   k 002   O   X 005 377   | 264   |   z 205
00104f0 332 275 213   H 211   , 247 255 177 254 262   X   o 306 351   f
0010500 300 004 327 321 321   k 002   O   X 005 377   | 264   |   z 205
0010510 332 275 213   H 211   , 247 307 027 343   Q 024  \b   5 306 263
0010520 274   m   M 273   U   g   j 220 353   i 207 351 031   h 312   @
0010530 351 366 244 023 254 345   r   b   @   6   v   $   H   h 303  \a
0010540 217   h 321 341   1 205  \f   z 266 202 002 032   "   i   , 315
0010550 227   h 262 346 223   V 205 255 177 254 262   X   o 306 351   f
0010560 300 004 327 321 321   k 002   O   X 005 377   | 264   |   z 205
0010570 332 275 213   H 211   , 247 255 177 254 262   X   o 306 351   f
0010580 300 004 327 321 321   k 002   O   X 005 377   | 264   |   z 205
0010590 332 275 213   H 211   , 247 255 177 254 262   X   o 306 351   f
00105a0 300 004 327 321 321   k 002   O   X 005 377   | 264   |   z 205
00105b0 332 275 213   H 211   , 247   p 002 030   1 266 226  \0 271 005
00105c0   3   W   n 362   B 264 321   ' 033 227   H 345   % 225   ! 235
00105d0 245 221 364 373 373   p 306 255 177 254 262   X   o 306 351   f
00105e0 300 004 327 321 321   k 002   O   X 005 377   | 264   |   z 205
00105f0 332 275 213   H 211   , 247 255 177 254 262   X   o 306 351   f
0010600 300 004 327 321 321   k 002   O   X 005 377   | 264   |   z 205
0010610 332 275 213   H 211   , 247 255 177 254 262   X   o 306 351   f
0010620 300 004 327 321 321   k 002   O   X 005 377   | 264   |   z 205
0010630 332 275 213   H 211   , 247 365   ^ 356 372 366 220 302 243 356
0010640   u   ,   H 307   f   8 202   R 260   z 205   w 005   X 271 265
0010650   6   Z 326 254 037   <   X 372 336  \f 001  \0  \0  \0 334  \0
0010660  \0  \0 001  \0  \0  \0 003  \0  \0  \0 024 372 336  \f  \0  \0
0010670  \0  \0 310  \0  \0  \0 001  \0  \0  \0 006  \0  \0  \0 002  \0
0010680  \0  \0   /   d   e   v   .   b   i   t   c   o   i   n   c   o
0010690   r   e   .   a   p   p   -   w   i   t   h   -   t   o   o   l
00106a0   .   A   p   p   W   i   t   h   T   o   o   l   .   T   o   o
00106b0   l   X  \0  \0  \0  \0 006  \0  \0  \0 017  \0  \0  \0 006  \0
00106c0  \0  \0  \v  \0  \0  \0  \0  \0  \0  \0  \n   s   u   b   j   e
00106d0   c   t   .   C   N  \0  \0  \0  \0  \0 001  \0  \0  \0   6   A
00106e0   p   p   l   e       D   e   v   e   l   o   p   m   e   n   t
00106f0   :       r   a   n   d   y   m   c   m   i   l   l   a   n   1
0010700   @   m   a   c   .   c   o   m       (   6   F   E   9   9   W
0010710   6   T   E   3   )  \0  \0  \0  \0  \0 016  \0  \0  \0 001  \0
0010720  \0  \0  \n   * 206   H 206 367   c   d 006 002 001  \0  \0  \0
0010730  \0  \0  \0 372 336   q   q  \0  \0 001   (   <   ?   x   m   l
0010740       v   e   r   s   i   o   n   =   "   1   .   0   "       e
0010750   n   c   o   d   i   n   g   =   "   U   T   F   -   8   "   ?
0010760   >  \n   <   !   D   O   C   T   Y   P   E       p   l   i   s
0010770   t       P   U   B   L   I   C       "   -   /   /   A   p   p
0010780   l   e   /   /   D   T   D       P   L   I   S   T       1   .
0010790   0   /   /   E   N   "       "   h   t   t   p   :   /   /   w
00107a0   w   w   .   a   p   p   l   e   .   c   o   m   /   D   T   D
00107b0   s   /   P   r   o   p   e   r   t   y   L   i   s   t   -   1
00107c0   .   0   .   d   t   d   "   >  \n   <   p   l   i   s   t    
00107d0   v   e   r   s   i   o   n   =   "   1   .   0   "   >  \n   <
00107e0   d   i   c   t   >  \n  \t   <   k   e   y   >   c   o   m   .
00107f0   a   p   p   l   e   .   s   e   c   u   r   i   t   y   .   a
0010800   p   p   -   s   a   n   d   b   o   x   <   /   k   e   y   >
0010810  \n  \t   <   t   r   u   e   /   >  \n  \t   <   k   e   y   >
0010820   c   o   m   .   a   p   p   l   e   .   s   e   c   u   r   i
0010830   t   y   .   i   n   h   e   r   i   t   <   /   k   e   y   >
0010840  \n  \t   <   t   r   u   e   /   >  \n   <   /   d   i   c   t
0010850   >  \n   <   /   p   l   i   s   t   >  \n 372 336  \v 001  \0
0010860  \0 022 301   0 200 006  \t   * 206   H 206 367  \r 001  \a 002
0010870 240 200   0 200 002 001 001   1 017   0  \r 006  \t   ` 206   H
0010880 001   e 003 004 002 001 005  \0   0 200 006  \t   * 206   H 206
0010890 367  \r 001  \a 001  \0  \0 240 202 016 352   0 202 004   Q   0
00108a0 202 003   9 240 003 002 001 002 002 020   | 257   i  \n   % 267
00108b0   9 376   { 233   D   z 301   x 305 356   0  \r 006  \t   * 206
00108c0   H 206 367  \r 001 001  \v 005  \0   0   b   1  \v   0  \t 006
00108d0 003   U 004 006 023 002   U   S   1 023   0 021 006 003   U 004
00108e0  \n 023  \n   A   p   p   l   e       I   n   c   .   1   &   0
00108f0   $ 006 003   U 004  \v 023 035   A   p   p   l   e       C   e
0010900   r   t   i   f   i   c   a   t   i   o   n       A   u   t   h
0010910   o   r   i   t   y   1 026   0 024 006 003   U 004 003 023  \r
0010920   A   p   p   l   e       R   o   o   t       C   A   0 036 027
0010930  \r   2   0   0   2   1   9   1   8   1   3   4   7   Z 027  \r
0010940   3   0   0   2   2   0   0   0   0   0   0   0   Z   0   u   1
0010950   D   0   B 006 003   U 004 003  \f   ;   A   p   p   l   e    
0010960   W   o   r   l   d   w   i   d   e       D   e   v   e   l   o
0010970   p   e   r       R   e   l   a   t   i   o   n   s       C   e
0010980   r   t   i   f   i   c   a   t   i   o   n       A   u   t   h
0010990   o   r   i   t   y   1  \v   0  \t 006 003   U 004  \v  \f 002
00109a0   G   3   1 023   0 021 006 003   U 004  \n  \f  \n   A   p   p
00109b0   l   e       I   n   c   .   1  \v   0  \t 006 003   U 004 006
00109c0 023 002   U   S   0 202 001   "   0  \r 006  \t   * 206   H 206
00109d0 367  \r 001 001 001 005  \0 003 202 001 017  \0   0 202 001  \n
00109e0 002 202 001 001  \0 330 365 211 374 250   Y  \v 207 307   L 221
00109f0   .   -   V 220 323   x 035 244   0 351 245   H 357  \v   C 277
0010a00   - 204 373   $   ]   E 033 345 353   Y   6 022   \   T   d 236
0010a10   l   b   - 264 306 227 312 314   < 366 326 006 221 374 345 002
0010a20 246 034   j 264   y 325   g 313 254 351   ?  \a 021 341 204 274
0010a30   G 035   f 216   9 242 350 264   I 355   : 322 341 020   `   z
0010a40 216 223 214 312 300 332  \f 300 203 320 343 371 221 326 247 214
0010a50 310 301   s 342 256   F 321   b 235 222 250 220   `   7   }   h
0010a60 226 315 215 340 374 233 372   x 273 343   { 257   - 027 335   [
0010a70 376 200   Y   #   u 027 270 022 301 355 033 345   4 316 376   "
0010a80 265 236   I 260 345   U 277 217 204 242   < 250 272 305 206 225
0010a90 026 344  \0 311 237 003 320 314 263   : 026   { 326 005   \ 235
0010aa0 353   G 256  \r 265   - 214 016   i   M   @ 320   K   L   ; 004
0010ab0 236 215   ! 261 254   .   C   T   0 316 301 212 206 224 230   K
0010ac0 337   j  \r   ? 376 373 034 256 227 027 302   x  \n   0 340   _
0010ad0 037   T   ;   I 267   %  \0 032   7 202 322   V 227 245   R   I
0010ae0   |   `   8 233 357 002 003 001  \0 001 243 201 357   0 201 354
0010af0   0 022 006 003   U 035 023 001 001 377 004  \b   0 006 001 001
0010b00 377 002 001  \0   0 037 006 003   U 035   # 004 030   0 026 200
0010b10 024   + 320   i   G 224   v  \t 376 364   k 215   .   @ 246 367
0010b20   G   M 177  \b   ^   0   D 006  \b   + 006 001 005 005  \a 001
0010b30 001 004   8   0   6   0   4 006  \b   + 006 001 005 005  \a   0
0010b40 001 206   (   h   t   t   p   :   /   /   o   c   s   p   .   a
0010b50   p   p   l   e   .   c   o   m   /   o   c   s   p   0   3   -
0010b60   a   p   p   l   e   r   o   o   t   c   a   0   . 006 003   U
0010b70 035 037 004   '   0   %   0   # 240   ! 240 037 206 035   h   t
0010b80   t   p   :   /   /   c   r   l   .   a   p   p   l   e   .   c
0010b90   o   m   /   r   o   o   t   .   c   r   l   0 035 006 003   U
0010ba0 035 016 004 026 004 024  \t 376 300 025 220 371 257   d  \n 222
0010bb0 022 271   &   (   c  \f 227 354 247 262   0 016 006 003   U 035
0010bc0 017 001 001 377 004 004 003 002 001 006   0 020 006  \n   * 206
0010bd0   H 206 367   c   d 006 002 001 004 002 005  \0   0  \r 006  \t
0010be0   * 206   H 206 367  \r 001 001  \v 005  \0 003 202 001 001  \0
0010bf0 255   e 023 350 366 340 201   w   D 002   G   B 276   _ 245   9
0010c00     352   b 251 375 305 220 311   s 023 325 236 233 320 252 017
0010c10 215 215 313 355 001 317   l   (   @   [ 307   U   $   A 370 374
0010c20 317 301 265   # 351 334 354 361   o 312 200 035   w 302 304   a
0010c30   I   %   g 257 017 312   9   % 255 323 343   z 314   3   (  \r
0010c40 016   . 241   W   @   s 372 346   \ 256 006   Q   ) 355 343 205
0010c50  \f   O   a 334   2 026 213   w 320   D 312   ]   r 003   1   F
0010c60 234 256 233   @ 032 372 364 340 323   > 372   / 214   f 237 227
0010c70 304   T   Y 357 322   H 364  \a 231   I   `   Y 031 307 335 224
0010c80 321 300 301   l 177   x   ! 357  \f 353   ;   l 231 202   K   R
0010c90   `   8 265   9 202   m 354   R   1   S 276 017 221   L   I   I
0010ca0   t 217 246   Q 313 204   G   N 035   u   '   n 275 371 322   \
0010cb0 363 177 302   l  \v  \t   6 342   d 344 302   7 003 024 031 325
0010cc0 352   j 224 252 251 333 376 366 232  \b   g 213 357   + 270 252
0010cd0 027   I 203 257 317 313 274 351 317 352 225   q 260 264   E 242
0010ce0 314 345 207 252  \n 303   A   :   y   \ 332   P   4 235 225   ;
0010cf0   0 202 004 273   0 202 003 243 240 003 002 001 002 002 001 002
0010d00   0  \r 006  \t   * 206   H 206 367  \r 001 001 005 005  \0   0
0010d10   b   1  \v   0  \t 006 003   U 004 006 023 002   U   S   1 023
0010d20   0 021 006 003   U 004  \n 023  \n   A   p   p   l   e       I
0010d30   n   c   .   1   &   0   $ 006 003   U 004  \v 023 035   A   p
0010d40   p   l   e       C   e   r   t   i   f   i   c   a   t   i   o
0010d50   n       A   u   t   h   o   r   i   t   y   1 026   0 024 006
0010d60 003   U 004 003 023  \r   A   p   p   l   e       R   o   o   t
0010d70       C   A   0 036 027  \r   0   6   0   4   2   5   2   1   4
0010d80   0   3   6   Z 027  \r   3   5   0   2   0   9   2   1   4   0
0010d90   3   6   Z   0   b   1  \v   0  \t 006 003   U 004 006 023 002
0010da0   U   S   1 023   0 021 006 003   U 004  \n 023  \n   A   p   p
0010db0   l   e       I   n   c   .   1   &   0   $ 006 003   U 004  \v
0010dc0 023 035   A   p   p   l   e       C   e   r   t   i   f   i   c
0010dd0   a   t   i   o   n       A   u   t   h   o   r   i   t   y   1
0010de0 026   0 024 006 003   U 004 003 023  \r   A   p   p   l   e    
0010df0   R   o   o   t       C   A   0 202 001   "   0  \r 006  \t   *
0010e00 206   H 206 367  \r 001 001 001 005  \0 003 202 001 017  \0   0
0010e10 202 001  \n 002 202 001 001  \0 344 221 251  \t 037 221 333 036
0010e20   G   P 353 005 355   ^   y 204   - 353   6 242   W   L   U 354
0010e30 213 031 211 336 371   K   l 365  \a 253   "   0 002 350 030   >
0010e40 370   P  \t 323 177   A 250 230 371 321 312   f 234   $   k 021
0010e50 320 243 273 344 033   * 303 037 225 236   z  \f 244   G 213   [
0010e60 324 026   7   3 313 304 017   M 316 024   i 321 311 031   r 365
0010e70   ] 016 325 177   _ 233 362   % 003 272   U 217   M   ]  \r 361
0010e80   d   5   # 025   K 025   Y 035 263 224 367 366 234 236 317   P
0010e90 272 301   X   P   g 217  \b 264     367 313 254   ,       o   p
0010ea0 266   ? 001   0 214 267   C 317 017 235   = 363   +   I   ( 032
0010eb0 310 376 316 265 271 016 331   ^ 034 326 313   = 265   : 255 364
0010ec0 017 016  \0 222  \v 261   ! 026   .   t 325   <  \r 333   b 026
0010ed0 253 243   q 222   G   S   U 301 257   /   A 263 370 373 343   p
0010ee0 315 346 243   L   E   ~ 037   L   k   P 226   A 211 304   t   b
0010ef0  \v 020 203   A 207   3 212 201 261   0   X 354   Z 004   2 214
0010f00   h 263 217 035 336   e   s 377   g   ^   e 274   I 330   v 237
0010f10   3 024   e 241   w 224 311   - 002 003 001  \0 001 243 202 001
0010f20   z   0 202 001   v   0 016 006 003   U 035 017 001 001 377 004
0010f30 004 003 002 001 006   0 017 006 003   U 035 023 001 001 377 004
0010f40 005   0 003 001 001 377   0 035 006 003   U 035 016 004 026 004
0010f50 024   + 320   i   G 224   v  \t 376 364   k 215   .   @ 246 367
0010f60   G   M 177  \b   ^   0 037 006 003   U 035   # 004 030   0 026
0010f70 200 024   + 320   i   G 224   v  \t 376 364   k 215   .   @ 246
0010f80 367   G   M 177  \b   ^   0 202 001 021 006 003   U 035     004
0010f90 202 001  \b   0 202 001 004   0 202 001  \0 006  \t   * 206   H
0010fa0 206 367   c   d 005 001   0 201 362   0   * 006  \b   + 006 001
0010fb0 005 005  \a 002 001 026 036   h   t   t   p   s   :   /   /   w
0010fc0   w   w   .   a   p   p   l   e   .   c   o   m   /   a   p   p
0010fd0   l   e   c   a   /   0 201 303 006  \b   + 006 001 005 005  \a
0010fe0 002 002   0 201 266 032 201 263   R   e   l   i   a   n   c   e
0010ff0       o   n       t   h   i   s       c   e   r   t   i   f   i
0011000   c   a   t   e       b   y       a   n   y       p   a   r   t
0011010   y       a   s   s   u   m   e   s       a   c   c   e   p   t
0011020   a   n   c   e       o   f       t   h   e       t   h   e   n
0011030       a   p   p   l   i   c   a   b   l   e       s   t   a   n
0011040   d   a   r   d       t   e   r   m   s       a   n   d       c
0011050   o   n   d   i   t   i   o   n   s       o   f       u   s   e
0011060   ,       c   e   r   t   i   f   i   c   a   t   e       p   o
0011070   l   i   c   y       a   n   d       c   e   r   t   i   f   i
0011080   c   a   t   i   o   n       p   r   a   c   t   i   c   e    
0011090   s   t   a   t   e   m   e   n   t   s   .   0  \r 006  \t   *
00110a0 206   H 206 367  \r 001 001 005 005  \0 003 202 001 001  \0   \
00110b0   6 231   L   -   x 267 355 214 233 334 363   w 233 362   v 322
00110c0   w   0   O 301 037 205 203 205 033 231   =   G   7 362 251 233
00110d0   @ 216   , 324 261 220 022 330 276 364   s 233 356 322   d 017
00110e0 313   y   O   4 330 242   > 371   x 377   k 310  \a 354   }   9
00110f0 203 213   S     323   8 304 261 277 232   O  \n   k 377   + 374
0011100   Y 247 005  \t   | 027   @   V 021 036   t 323 267 213   #   ;
0011110   G 243 325   o   $ 342 353 321 267   p 337 017   E 341   ' 312
0011120 361   m   x 355 347 265 027 027 250 334   ~   "   5 312   % 325
0011130 331 017 326   k 324 242   $   # 021 367 241 254 217   s 201   `
0011140 306 033   [  \t   / 222 262 370   D   H 360   `   8 236 025 365
0011150   =   &   g     212   3   j 367  \r 202 317 336 353 243   / 371
0011160   S   j   [   d 300   c   3   w 367   :  \a   ,   V 353 332 017
0011170   ! 016 332 272   s 031   O 265 331   6 177 301 207   U 331 247
0011180 231 271   2   B 373 330 325   q 236   ~ 241   R 267 033 275 223
0011190   B   $ 022   * 307 017 035 266   M 234   ^   c 310   K 200 027
00111a0   P 252 212 325 332 344 374 320  \t  \a   7 260   u   u   !   0
00111b0 202 005 322   0 202 004 272 240 003 002 001 002 002 020 177 243
00111c0 177   1 377  \a 207     306   }   S 243 246  \b   / 327   0  \r
00111d0 006  \t   * 206   H 206 367  \r 001 001  \v 005  \0   0   u   1
00111e0   D   0   B 006 003   U 004 003  \f   ;   A   p   p   l   e    
00111f0   W   o   r   l   d   w   i   d   e       D   e   v   e   l   o
0011200   p   e   r       R   e   l   a   t   i   o   n   s       C   e
0011210   r   t   i   f   i   c   a   t   i   o   n       A   u   t   h
0011220   o   r   i   t   y   1  \v   0  \t 006 003   U 004  \v  \f 002
0011230   G   3   1 023   0 021 006 003   U 004  \n  \f  \n   A   p   p
0011240   l   e       I   n   c   .   1  \v   0  \t 006 003   U 004 006
0011250 023 002   U   S   0 036 027  \r   2   2   1   1   1   3   2   2
0011260   1   9   5   1   Z 027  \r   2   3   1   1   1   3   2   2   1
0011270   9   5   0   Z   0 201 230   1 032   0 030 006  \n  \t 222   &
0011280 211 223 362   ,   d 001 001  \f  \n   Y   C   R   5   2   P   K
0011290   E   U   Z   1   ?   0   = 006 003   U 004 003  \f   6   A   p
00112a0   p   l   e       D   e   v   e   l   o   p   m   e   n   t   :
00112b0       r   a   n   d   y   m   c   m   i   l   l   a   n   1   @
00112c0   m   a   c   .   c   o   m       (   6   F   E   9   9   W   6
00112d0   T   E   3   )   1 023   0 021 006 003   U 004  \v  \f  \n   Q
00112e0   P   9   M   S   C   9   X   7   4   1 027   0 025 006 003   U
00112f0 004  \n  \f 016   R   a   n   d   y       M   c   M   i   l   l
0011300   a   n   1  \v   0  \t 006 003   U 004 006 023 002   U   S   0
0011310 202 001   "   0  \r 006  \t   * 206   H 206 367  \r 001 001 001
0011320 005  \0 003 202 001 017  \0   0 202 001  \n 002 202 001 001  \0
0011330 313 025   P   N   P 212 024   S 243   C 003   & 256   ]   Q   <
0011340   A   o 224   _   b   t     316   D   f 337   =   , 254 265 207
0011350 024   j   {   g 363 024  \b   b   y 255 200   K   f   _   ]   T
0011360   Y   8 250   6 227 343   [   C 004   /   ' 310 325   7   F 367
0011370   }   < 211 001   u   o 342 345   ~   R   n 030 310   f 201 031
0011380   3 210   R 257   {   r   !   E   U   M 231 274 022 211 206 375
0011390 330   F   V 233   H 300 204 250 307 357 035 177 253 343 256 006
00113a0 336   g   7 021 032 243 260 300   N 270 037 025 225 262   7   :
00113b0   ( 320   9 376 373       j   = 306   5   ! 004   ) 267 313 002
00113c0   j 201   m 353 234 261 236  \f 360 320   q 272 016 260   t 357
00113d0 017 252 350   , 270 023   ;   D 253 307 321 261   k 330 320 371
00113e0   o   U 231   } 305 327   w 027 302 200 262 306 030   }   e 346
00113f0 331   V 277 252 336 211 357   |   ; 216 003 314   w 270 347  \f
0011400   # 236 377   u   b 241   e  \f   l 354 321 204   b 255 215 353
0011410 265   I   }  \v 004   { 377 243   P 324 217   X   ;   8   =   )
0011420 030   v 374   h   t   R 372   U  \0   " 322   n 363   Q 224 203
0011430 002 003 001  \0 001 243 202 002   8   0 202 002   4   0  \f 006
0011440 003   U 035 023 001 001 377 004 002   0  \0   0 037 006 003   U
0011450 035   # 004 030   0 026 200 024  \t 376 300 025 220 371 257   d
0011460  \n 222 022 271   &   (   c  \f 227 354 247 262   0   p 006  \b
0011470   + 006 001 005 005  \a 001 001 004   d   0   b   0   - 006  \b
0011480   + 006 001 005 005  \a   0 002 206   !   h   t   t   p   :   /
0011490   /   c   e   r   t   s   .   a   p   p   l   e   .   c   o   m
00114a0   /   w   w   d   r   g   3   .   d   e   r   0   1 006  \b   +
00114b0 006 001 005 005  \a   0 001 206   %   h   t   t   p   :   /   /
00114c0   o   c   s   p   .   a   p   p   l   e   .   c   o   m   /   o
00114d0   c   s   p   0   3   -   w   w   d   r   g   3   0   4   0 202
00114e0 001 036 006 003   U 035     004 202 001 025   0 202 001 021   0
00114f0 202 001  \r 006  \t   * 206   H 206 367   c   d 005 001   0 201
0011500 377   0 201 303 006  \b   + 006 001 005 005  \a 002 002   0 201
0011510 266  \f 201 263   R   e   l   i   a   n   c   e       o   n    
0011520   t   h   i   s       c   e   r   t   i   f   i   c   a   t   e
0011530       b   y       a   n   y       p   a   r   t   y       a   s
0011540   s   u   m   e   s       a   c   c   e   p   t   a   n   c   e
0011550       o   f       t   h   e       t   h   e   n       a   p   p
0011560   l   i   c   a   b   l   e       s   t   a   n   d   a   r   d
0011570       t   e   r   m   s       a   n   d       c   o   n   d   i
0011580   t   i   o   n   s       o   f       u   s   e   ,       c   e
0011590   r   t   i   f   i   c   a   t   e       p   o   l   i   c   y
00115a0       a   n   d       c   e   r   t   i   f   i   c   a   t   i
00115b0   o   n       p   r   a   c   t   i   c   e       s   t   a   t
00115c0   e   m   e   n   t   s   .   0   7 006  \b   + 006 001 005 005
00115d0  \a 002 001 026   +   h   t   t   p   s   :   /   /   w   w   w
00115e0   .   a   p   p   l   e   .   c   o   m   /   c   e   r   t   i
00115f0   f   i   c   a   t   e   a   u   t   h   o   r   i   t   y   /
0011600   0 026 006 003   U 035   % 001 001 377 004  \f   0  \n 006  \b
0011610   + 006 001 005 005  \a 003 003   0 035 006 003   U 035 016 004
0011620 026 004 024 001   { 351   3 204 276 207   z   e 207   x   L 005
0011630 340 367   z   8   $ 022 273   0 016 006 003   U 035 017 001 001
0011640 377 004 004 003 002  \a 200   0 023 006  \n   * 206   H 206 367
0011650   c   d 006 001 002 001 001 377 004 002 005  \0   0 023 006  \n
0011660   * 206   H 206 367   c   d 006 001  \f 001 001 377 004 002 005
0011670  \0   0  \r 006  \t   * 206   H 206 367  \r 001 001  \v 005  \0
0011680 003 202 001 001  \0 314 305 031 363   } 355 264   k 216   q   R
0011690   % 332   7 026   1   k   m 354 313 251 341 032  \r 240   o 342
00116a0 236 225   L 224 024 243   f   c   I   9   r  \b 253   B   s 003
00116b0 233 215 262 353 031 031   $ 334 217   < 366 207 372 260   U 326
00116c0 237 313 035   '   ?   R 266   l 205 357 217 030 305   n   m 032
00116d0 242 363 317 303 333 223   # 365   ` 306 217 342 005   7 256 361
00116e0 236 262   P 036 273   P 233 335   J   |   ]   . 234   n  \v 327
00116f0 247   h 234 335   9   6 357 345   W 313   j 246 312 253 371 022
0011700   c   5   o   = 341 254   b 317 237 227   =   T 363 337 306 305
0011710   E 233 264 241   , 333   D 216   7 325 017 330   4 356 237 352
0011720   {   ~   x   V   H 306   :   Y   3 233 237   $   c 253 375   $
0011730   M   u 321 201 016 302 016   2 006 331   = 214   F 032 211  \a
0011740   J 342 324 200 215 273   j   G 324   I 314 376 022 022  \a 344
0011750 031   : 332 260 313 221 020 301 327 343   %   @ 214 306 203 243
0011760   { 001   g   p   W   h 353   v   % 003 021 356 275   J 230   +
0011770   Q   o 341 360   u 250   V 310 222 213 030 027   , 367 005 340
0011780   J   D   A 206 031   1 202 003 215   0 202 003 211 002 001 001
0011790   0 201 211   0   u   1   D   0   B 006 003   U 004 003  \f   ;
00117a0   A   p   p   l   e       W   o   r   l   d   w   i   d   e    
00117b0   D   e   v   e   l   o   p   e   r       R   e   l   a   t   i
00117c0   o   n   s       C   e   r   t   i   f   i   c   a   t   i   o
00117d0   n       A   u   t   h   o   r   i   t   y   1  \v   0  \t 006
00117e0 003   U 004  \v  \f 002   G   3   1 023   0 021 006 003   U 004
00117f0  \n  \f  \n   A   p   p   l   e       I   n   c   .   1  \v   0
0011800  \t 006 003   U 004 006 023 002   U   S 002 020 177 243 177   1
0011810 377  \a 207     306   }   S 243 246  \b   / 327   0  \r 006  \t
0011820   ` 206   H 001   e 003 004 002 001 005  \0 240 202 001 324   0
0011830 030 006  \t   * 206   H 206 367  \r 001  \t 003   1  \v 006  \t
0011840   * 206   H 206 367  \r 001  \a 001   0 034 006  \t   * 206   H
0011850 206 367  \r 001  \t 005   1 017 027  \r   2   3   0   5   1   6
0011860   1   9   0   0   0   6   Z   0   / 006  \t   * 206   H 206 367
0011870  \r 001  \t 004   1   " 004       _  \f   > 233 177   ,   U  \n
0011880 263 355 004 275 203 255 320 215 344   G 340 354 275   ,   ] 266
0011890 260   u 247   u 276 336 333   f   0   < 006  \t   * 206   H 206
00118a0 367   c   d  \t 002   1   /   0   - 006  \t   ` 206   H 001   e
00118b0 003 004 002 001 004       _  \f   > 233 177   ,   U  \n 263 355
00118c0 004 275 203 255 320 215 344   G 340 354 275   ,   ] 266 260   u
00118d0 247   u 276 336 333   f   0 202 001   ) 006  \t   * 206   H 206
00118e0 367   c   d  \t 001   1 202 001 032 004 202 001 026   <   ?   x
00118f0   m   l       v   e   r   s   i   o   n   =   "   1   .   0   "
0011900       e   n   c   o   d   i   n   g   =   "   U   T   F   -   8
0011910   "   ?   >  \n   <   !   D   O   C   T   Y   P   E       p   l
0011920   i   s   t       P   U   B   L   I   C       "   -   /   /   A
0011930   p   p   l   e   /   /   D   T   D       P   L   I   S   T    
0011940   1   .   0   /   /   E   N   "       "   h   t   t   p   :   /
0011950   /   w   w   w   .   a   p   p   l   e   .   c   o   m   /   D
0011960   T   D   s   /   P   r   o   p   e   r   t   y   L   i   s   t
0011970   -   1   .   0   .   d   t   d   "   >  \n   <   p   l   i   s
0011980   t       v   e   r   s   i   o   n   =   "   1   .   0   "   >
0011990  \n   <   d   i   c   t   >  \n  \t   <   k   e   y   >   c   d
00119a0   h   a   s   h   e   s   <   /   k   e   y   >  \n  \t   <   a
00119b0   r   r   a   y   >  \n  \t  \t   <   d   a   t   a   >  \n  \t
00119c0  \t   X   w   w   +   m   3   8   s   V   Q   q   z   7   Q   S
00119d0   9   g   6   3   Q   j   e   R   H   4   O   w   =  \n  \t  \t
00119e0   <   /   d   a   t   a   >  \n  \t   <   /   a   r   r   a   y
00119f0   >  \n   <   /   d   i   c   t   >  \n   <   /   p   l   i   s
0011a00   t   >  \n   0  \r 006  \t   * 206   H 206 367  \r 001 001 001
0011a10 005  \0 004 202 001  \0   6 231 361 246 205   z 246 346 301   {
0011a20   - 363  \t   F     350   = 206 247   }   k 024 003 215 206 323
0011a30   - 035 252 360 211   > 361   ~   i 271   | 337   T   ^ 212 327
0011a40 266 237   S   \ 315   V   1 221   !   [   ,   [ 245 221 230   R
0011a50   X 231 327   6   .   " 024   " 267 302   .   h 266 361   _  \n
0011a60  \b 372   | 216 352   A  \r 226 203   a 312   2 327   2 236 353
0011a70 374   3   d   T 246   % 363   l 226   ^ 017 231       2 304 356
0011a80 270 030 346 027 205   d   z 247 023 215 221   r 006 247 330 017
0011a90   =   9   j   5 315 332 025 254   g 370 200   V 320   ! 003  \a
0011aa0 030 212 373   % 032 310 261 260  \b   M 023 214   Y   h 332 247
0011ab0 207 310   6   \ 362 005 277 227 347 363   /   +   Z   ] 205   $
0011ac0 233   |   ~ 375 206   +   1   * 270 262   0   ^   Z 373   q   =
0011ad0 204 364 350   :   . 303   8 345 241 352 006 037 336 270 020 373
0011ae0 250   s   w 305   q   T 275 266 217 361 342 212 273 227 246   o
0011af0 310 241 363   4   V 311   s  \v 327 343 323 341 360   L   [   O
0011b00 226  \v 205 275 232 231 017 277  \0   a 257 306 256   F 232   U
0011b10 235 322 357 324   k   W  \0  \0  \0  \0  \0  \0  \0  \0  \0  \0
0011b20  \0  \0  \0  \0  \0  \0  \0  \0  \0  \0  \0  \0  \0  \0  \0  \0
*
0018000 317 372 355 376  \f  \0  \0 001  \0  \0  \0  \0 002  \0  \0  \0
0018010 024  \0  \0  \0  \b  \a  \0  \0 205  \0      \0  \0  \0  \0  \0
0018020 031  \0  \0  \0   H  \0  \0  \0   _   _   P   A   G   E   Z   E
0018030   R   O  \0  \0  \0  \0  \0  \0  \0  \0  \0  \0  \0  \0  \0  \0
0018040  \0  \0  \0  \0 001  \0  \0  \0  \0  \0  \0  \0  \0  \0  \0  \0
0018050  \0  \0  \0  \0  \0  \0  \0  \0  \0  \0  \0  \0  \0  \0  \0  \0
0018060  \0  \0  \0  \0  \0  \0  \0  \0 031  \0  \0  \0 330 001  \0  \0
0018070   _   _   T   E   X   T  \0  \0  \0  \0  \0  \0  \0  \0  \0  \0
0018080  \0  \0  \0  \0 001  \0  \0  \0  \0   @  \0  \0  \0  \0  \0  \0
0018090  \0  \0  \0  \0  \0  \0  \0  \0  \0   @  \0  \0  \0  \0  \0  \0
00180a0 005  \0  \0  \0 005  \0  \0  \0 005  \0  \0  \0  \0  \0  \0  \0
00180b0   _   _   t   e   x   t  \0  \0  \0  \0  \0  \0  \0  \0  \0  \0
00180c0   _   _   T   E   X   T  \0  \0  \0  \0  \0  \0  \0  \0  \0  \0
00180d0 370   >  \0  \0 001  \0  \0  \0   P  \0  \0  \0  \0  \0  \0  \0
00180e0 370   >  \0  \0 002  \0  \0  \0  \0  \0  \0  \0  \0  \0  \0  \0
00180f0  \0 004  \0 200  \0  \0  \0  \0  \0  \0  \0  \0  \0  \0  \0  \0
0018100   _   _   s   t   u   b   s  \0  \0  \0  \0  \0  \0  \0  \0  \0
0018110   _   _   T   E   X   T  \0  \0  \0  \0  \0  \0  \0  \0  \0  \0
0018120   H   ?  \0  \0 001  \0  \0  \0   $  \0  \0  \0  \0  \0  \0  \0
0018130   H   ?  \0  \0 002  \0  \0  \0  \0  \0  \0  \0  \0  \0  \0  \0
0018140  \b 004  \0 200  \0  \0  \0  \0  \f  \0  \0  \0  \0  \0  \0  \0
0018150   _   _   s   t   u   b   _   h   e   l   p   e   r  \0  \0  \0
0018160   _   _   T   E   X   T  \0  \0  \0  \0  \0  \0  \0  \0  \0  \0
0018170   l   ?  \0  \0 001  \0  \0  \0   <  \0  \0  \0  \0  \0  \0  \0
0018180   l   ?  \0  \0 002  \0  \0  \0  \0  \0  \0  \0  \0  \0  \0  \0
0018190  \0 004  \0 200  \0  \0  \0  \0  \0  \0  \0  \0  \0  \0  \0  \0
00181a0   _   _   c   s   t   r   i   n   g  \0  \0  \0  \0  \0  \0  \0
00181b0   _   _   T   E   X   T  \0  \0  \0  \0  \0  \0  \0  \0  \0  \0
00181c0 250   ?  \0  \0 001  \0  \0  \0 016  \0  \0  \0  \0  \0  \0  \0
00181d0 250   ?  \0  \0  \0  \0  \0  \0  \0  \0  \0  \0  \0  \0  \0  \0
00181e0 002  \0  \0  \0  \0  \0  \0  \0  \0  \0  \0  \0  \0  \0  \0  \0
00181f0   _   _   u   n   w   i   n   d   _   i   n   f   o  \0  \0  \0
0018200   _   _   T   E   X   T  \0  \0  \0  \0  \0  \0  \0  \0  \0  \0
0018210 270   ?  \0  \0 001  \0  \0  \0   H  \0  \0  \0  \0  \0  \0  \0
0018220 270   ?  \0  \0 002  \0  \0  \0  \0  \0  \0  \0  \0  \0  \0  \0
0018230  \0  \0  \0  \0  \0  \0  \0  \0  \0  \0  \0  \0  \0  \0  \0  \0
0018240 031  \0  \0  \0   8 001  \0  \0   _   _   D   A   T   A   _   C
0018250   O   N   S   T  \0  \0  \0  \0  \0   @  \0  \0 001  \0  \0  \0
0018260  \0   @  \0  \0  \0  \0  \0  \0  \0   @  \0  \0  \0  \0  \0  \0
0018270  \0   @  \0  \0  \0  \0  \0  \0 003  \0  \0  \0 003  \0  \0  \0
0018280 003  \0  \0  \0 020  \0  \0  \0   _   _   g   o   t  \0  \0  \0
0018290  \0  \0  \0  \0  \0  \0  \0  \0   _   _   D   A   T   A   _   C
00182a0   O   N   S   T  \0  \0  \0  \0  \0   @  \0  \0 001  \0  \0  \0
00182b0  \b  \0  \0  \0  \0  \0  \0  \0  \0   @  \0  \0 003  \0  \0  \0
00182c0  \0  \0  \0  \0  \0  \0  \0  \0 006  \0  \0  \0 003  \0  \0  \0
00182d0  \0  \0  \0  \0  \0  \0  \0  \0   _   _   c   f   s   t   r   i
00182e0   n   g  \0  \0  \0  \0  \0  \0   _   _   D   A   T   A   _   C
00182f0   O   N   S   T  \0  \0  \0  \0  \b   @  \0  \0 001  \0  \0  \0
0018300      \0  \0  \0  \0  \0  \0  \0  \b   @  \0  \0 003  \0  \0  \0
0018310  \0  \0  \0  \0  \0  \0  \0  \0  \0  \0  \0  \0  \0  \0  \0  \0
0018320  \0  \0  \0  \0  \0  \0  \0  \0   _   _   o   b   j   c   _   i
0018330   m   a   g   e   i   n   f   o   _   _   D   A   T   A   _   C
0018340   O   N   S   T  \0  \0  \0  \0   (   @  \0  \0 001  \0  \0  \0
0018350  \b  \0  \0  \0  \0  \0  \0  \0   (   @  \0  \0 002  \0  \0  \0
0018360  \0  \0  \0  \0  \0  \0  \0  \0  \0  \0  \0  \0  \0  \0  \0  \0
0018370  \0  \0  \0  \0  \0  \0  \0  \0 031  \0  \0  \0 350  \0  \0  \0
0018380   _   _   D   A   T   A  \0  \0  \0  \0  \0  \0  \0  \0  \0  \0
0018390  \0 200  \0  \0 001  \0  \0  \0  \0   @  \0  \0  \0  \0  \0  \0
00183a0  \0 200  \0  \0  \0  \0  \0  \0  \0   @  \0  \0  \0  \0  \0  \0
00183b0 003  \0  \0  \0 003  \0  \0  \0 002  \0  \0  \0  \0  \0  \0  \0
00183c0   _   _   l   a   _   s   y   m   b   o   l   _   p   t   r  \0
00183d0   _   _   D   A   T   A  \0  \0  \0  \0  \0  \0  \0  \0  \0  \0
00183e0  \0 200  \0  \0 001  \0  \0  \0 030  \0  \0  \0  \0  \0  \0  \0
00183f0  \0 200  \0  \0 003  \0  \0  \0  \0  \0  \0  \0  \0  \0  \0  \0
0018400  \a  \0  \0  \0 004  \0  \0  \0  \0  \0  \0  \0  \0  \0  \0  \0
0018410   _   _   d   a   t   a  \0  \0  \0  \0  \0  \0  \0  \0  \0  \0
0018420   _   _   D   A   T   A  \0  \0  \0  \0  \0  \0  \0  \0  \0  \0
0018430 030 200  \0  \0 001  \0  \0  \0  \b  \0  \0  \0  \0  \0  \0  \0
0018440 030 200  \0  \0 003  \0  \0  \0  \0  \0  \0  \0  \0  \0  \0  \0
0018450  \0  \0  \0  \0  \0  \0  \0  \0  \0  \0  \0  \0  \0  \0  \0  \0
0018460 031  \0  \0  \0   H  \0  \0  \0   _   _   L   I   N   K   E   D
0018470   I   T  \0  \0  \0  \0  \0  \0  \0 300  \0  \0 001  \0  \0  \0
0018480  \0 200  \0  \0  \0  \0  \0  \0  \0 300  \0  \0  \0  \0  \0  \0
0018490 240   N  \0  \0  \0  \0  \0  \0 001  \0  \0  \0 001  \0  \0  \0
00184a0  \0  \0  \0  \0  \0  \0  \0  \0   "  \0  \0 200   0  \0  \0  \0
00184b0  \0 300  \0  \0  \b  \0  \0  \0  \b 300  \0  \0   @  \0  \0  \0
00184c0  \0  \0  \0  \0  \0  \0  \0  \0   H 300  \0  \0   P  \0  \0  \0
00184d0 230 300  \0  \0   0  \0  \0  \0 002  \0  \0  \0 030  \0  \0  \0
00184e0 320 300  \0  \0 020  \0  \0  \0 360 301  \0  \0   P 001  \0  \0
00184f0  \v  \0  \0  \0   P  \0  \0  \0  \0  \0  \0  \0  \t  \0  \0  \0
0018500  \t  \0  \0  \0 002  \0  \0  \0  \v  \0  \0  \0 005  \0  \0  \0
0018510  \0  \0  \0  \0  \0  \0  \0  \0  \0  \0  \0  \0  \0  \0  \0  \0
0018520  \0  \0  \0  \0  \0  \0  \0  \0 320 301  \0  \0  \a  \0  \0  \0
0018530  \0  \0  \0  \0  \0  \0  \0  \0  \0  \0  \0  \0  \0  \0  \0  \0
0018540 016  \0  \0  \0      \0  \0  \0  \f  \0  \0  \0   /   u   s   r
0018550   /   l   i   b   /   d   y   l   d  \0  \0  \0  \0  \0  \0  \0
0018560 033  \0  \0  \0 030  \0  \0  \0 024 277 027 235 314   E   6 354
0018570 271 022   > 274   %   5 323 373   2  \0  \0  \0      \0  \0  \0
0018580 001  \0  \0  \0  \0  \0  \v  \0  \0 001  \v  \0 001  \0  \0  \0
0018590 003  \0  \0  \0  \0  \b   a 002   *  \0  \0  \0 020  \0  \0  \0
00185a0  \0  \0  \0  \0  \0  \0  \0  \0   (  \0  \0 200 030  \0  \0  \0
00185b0 370   >  \0  \0  \0  \0  \0  \0  \0  \0  \0  \0  \0  \0  \0  \0
00185c0  \f  \0  \0  \0   `  \0  \0  \0 030  \0  \0  \0 002  \0  \0  \0
00185d0  \0 377 352 006  \0  \0   , 001   /   S   y   s   t   e   m   /
00185e0   L   i   b   r   a   r   y   /   F   r   a   m   e   w   o   r
00185f0   k   s   /   F   o   u   n   d   a   t   i   o   n   .   f   r
0018600   a   m   e   w   o   r   k   /   V   e   r   s   i   o   n   s
0018610   /   C   /   F   o   u   n   d   a   t   i   o   n  \0  \0  \0
0018620  \f  \0  \0  \0   8  \0  \0  \0 030  \0  \0  \0 002  \0  \0  \0
0018630  \0  \0 344  \0  \0  \0 001  \0   /   u   s   r   /   l   i   b
0018640   /   l   i   b   o   b   j   c   .   A   .   d   y   l   i   b
0018650  \0  \0  \0  \0  \0  \0  \0  \0  \f  \0  \0  \0   8  \0  \0  \0
0018660 030  \0  \0  \0 002  \0  \0  \0 001   <  \f 005  \0  \0 001  \0
0018670   /   u   s   r   /   l   i   b   /   l   i   b   S   y   s   t
0018680   e   m   .   B   .   d   y   l   i   b  \0  \0  \0  \0  \0  \0
0018690  \f  \0  \0  \0   h  \0  \0  \0 030  \0  \0  \0 002  \0  \0  \0
00186a0  \0 377 352 006  \0  \0 226  \0   /   S   y   s   t   e   m   /
00186b0   L   i   b   r   a   r   y   /   F   r   a   m   e   w   o   r
00186c0   k   s   /   C   o   r   e   F   o   u   n   d   a   t   i   o
00186d0   n   .   f   r   a   m   e   w   o   r   k   /   V   e   r   s
00186e0   i   o   n   s   /   A   /   C   o   r   e   F   o   u   n   d
00186f0   a   t   i   o   n  \0  \0  \0   &  \0  \0  \0 020  \0  \0  \0
0018700 310 300  \0  \0  \b  \0  \0  \0   )  \0  \0  \0 020  \0  \0  \0
0018710 320 300  \0  \0  \0  \0  \0  \0 035  \0  \0  \0 020  \0  \0  \0
0018720   @ 303  \0  \0   `   K  \0  \0  \0  \0  \0  \0  \0  \0  \0  \0
0018730  \0  \0  \0  \0  \0  \0  \0  \0  \0  \0  \0  \0  \0  \0  \0  \0
*
001bef0  \0  \0  \0  \0  \0  \0  \0  \0 377 303  \0 321 375   { 002 251
001bf00 375 203  \0 221  \b  \0 200   R 277 303 037 270 240 203 037 270
001bf10 341  \v  \0 371 350 017  \0 271 022  \0  \0 224  \t  \0  \0 260
001bf20   )   !  \0 221 340 003  \0 371 340 003  \t 252  \a  \0  \0 224
001bf30 340 003   @ 371  \b  \0  \0 224 340 017   @ 271 375   {   B 251
001bf40 377 303  \0 221 300 003   _ 326 037     003 325 260 005 002   X
001bf50  \0 002 037 326 037     003 325 220 005 002   X  \0 002 037 326
001bf60 037     003 325   p 005 002   X  \0 002 037 326   q 005 002 020
001bf70 037     003 325 360   G 277 251 037     003 325   0 004  \0   X
001bf80  \0 002 037 326   P  \0  \0 030 371 377 377 027  \0  \0  \0  \0
001bf90   P  \0  \0 030 366 377 377 027  \r  \0  \0  \0   P  \0  \0 030
001bfa0 363 377 377 027   ,  \0  \0  \0   H   e   l   l   o   ,       W
001bfb0   o   r   l   d   !  \0  \0  \0 001  \0  \0  \0 034  \0  \0  \0
001bfc0  \0  \0  \0  \0 034  \0  \0  \0  \0  \0  \0  \0 034  \0  \0  \0
001bfd0 002  \0  \0  \0 370   >  \0  \0   4  \0  \0  \0   4  \0  \0  \0
001bfe0   I   ?  \0  \0  \0  \0  \0  \0   4  \0  \0  \0 003  \0  \0  \0
001bff0  \f  \0 001  \0 020  \0 001  \0  \0  \0  \0  \0  \0  \0  \0 004
001c000  \0  \0  \0  \0  \0  \0  \0  \0  \0  \0  \0  \0  \0  \0  \0  \0
001c010 310  \a  \0  \0  \0  \0  \0  \0 250   ?  \0  \0 001  \0  \0  \0
001c020  \r  \0  \0  \0  \0  \0  \0  \0  \0  \0  \0  \0   @  \0  \0  \0
001c030  \0  \0  \0  \0  \0  \0  \0  \0  \0  \0  \0  \0  \0  \0  \0  \0
*
0020000 204   ?  \0  \0 001  \0  \0  \0 220   ?  \0  \0 001  \0  \0  \0
0020010 234   ?  \0  \0 001  \0  \0  \0  \0  \0  \0  \0  \0  \0  \0  \0
0020020  \0  \0  \0  \0  \0  \0  \0  \0  \0  \0  \0  \0  \0  \0  \0  \0
*
0024000 021   " 030   Q   #  \0   S  \0 023   @   d   y   l   d   _   s
0024010   t   u   b   _   b   i   n   d   e   r  \0   Q   r  \0 220 024
0024020   @   _   _   _   C   F   C   o   n   s   t   a   n   t   S   t
0024030   r   i   n   g   C   l   a   s   s   R   e   f   e   r   e   n
0024040   c   e  \0 220  \0  \0  \0  \0   s  \0 021   @   _   N   S   L
0024050   o   g  \0 220  \0   s  \b 022   @   _   o   b   j   c   _   a
0024060   u   t   o   r   e   l   e   a   s   e   P   o   o   l   P   o
0024070   p  \0 220  \0   s 020 022   @   _   o   b   j   c   _   a   u
0024080   t   o   r   e   l   e   a   s   e   P   o   o   l   P   u   s
0024090   h  \0 220  \0  \0  \0  \0  \0  \0 001   _  \0 005  \0 002   _
00240a0   m   h   _   e   x   e   c   u   t   e   _   h   e   a   d   e
00240b0   r  \0   !   m   a   i   n  \0   % 002  \0  \0  \0 003  \0 370
00240c0   }  \0  \0  \0  \0  \0  \0  \0 370   }  \0  \0  \0  \0  \0  \0
00240d0 211  \0  \0  \0 016  \n  \0  \0 030 200  \0  \0 001  \0  \0  \0
00240e0 230  \0  \0  \0   d  \0  \0  \0  \0  \0  \0  \0  \0  \0  \0  \0
00240f0 303  \0  \0  \0   d  \0  \0  \0  \0  \0  \0  \0  \0  \0  \0  \0
0024100 312  \0  \0  \0   f  \0 001  \0 263 322   c   d  \0  \0  \0  \0
0024110 001  \0  \0  \0   . 001  \0  \0 370   >  \0  \0 001  \0  \0  \0
0024120   J 001  \0  \0   $ 001  \0  \0 370   >  \0  \0 001  \0  \0  \0
0024130 001  \0  \0  \0   $  \0  \0  \0   P  \0  \0  \0  \0  \0  \0  \0
0024140 001  \0  \0  \0   N 001  \0  \0   P  \0  \0  \0  \0  \0  \0  \0
0024150 001  \0  \0  \0   d 001  \0  \0  \0  \0  \0  \0  \0  \0  \0  \0
0024160 002  \0  \0  \0 017 001 020  \0  \0  \0  \0  \0 001  \0  \0  \0
0024170 026  \0  \0  \0 017 001  \0  \0 370   >  \0  \0 001  \0  \0  \0
0024180 034  \0  \0  \0 001  \0  \0 001  \0  \0  \0  \0  \0  \0  \0  \0
0024190   #  \0  \0  \0 001  \0  \0 004  \0  \0  \0  \0  \0  \0  \0  \0
00241a0   E  \0  \0  \0 001  \0  \0 002  \0  \0  \0  \0  \0  \0  \0  \0
00241b0   ^  \0  \0  \0 001  \0  \0 002  \0  \0  \0  \0  \0  \0  \0  \0
00241c0   x  \0  \0  \0 001  \0  \0 003  \0  \0  \0  \0  \0  \0  \0  \0
00241d0  \v  \0  \0  \0  \r  \0  \0  \0 016  \0  \0  \0 017  \0  \0  \0
00241e0  \v  \0  \0  \0  \r  \0  \0  \0 016  \0  \0  \0  \0  \0  \0  \0
00241f0      \0   _   _   m   h   _   e   x   e   c   u   t   e   _   h
0024200   e   a   d   e   r  \0   _   m   a   i   n  \0   _   N   S   L
0024210   o   g  \0   _   _   _   C   F   C   o   n   s   t   a   n   t
0024220   S   t   r   i   n   g   C   l   a   s   s   R   e   f   e   r
0024230   e   n   c   e  \0   _   o   b   j   c   _   a   u   t   o   r
0024240   e   l   e   a   s   e   P   o   o   l   P   o   p  \0   _   o
0024250   b   j   c   _   a   u   t   o   r   e   l   e   a   s   e   P
0024260   o   o   l   P   u   s   h  \0   d   y   l   d   _   s   t   u
0024270   b   _   b   i   n   d   e   r  \0   _   _   d   y   l   d   _
0024280   p   r   i   v   a   t   e  \0   /   V   o   l   u   m   e   s
0024290   /   g   i   t   /   L   e   d   g   e   r   L   i   v   e   /
00242a0   A   p   p   W   i   t   h   T   o   o   l   /   T   o   o   l
00242b0   X   /  \0   m   a   i   n   .   m  \0   /   V   o   l   u   m
00242c0   e   s   /   g   i   t   /   L   e   d   g   e   r   L   i   v
00242d0   e   /   A   p   p   W   i   t   h   T   o   o   l   /   B   u
00242e0   i   l   d   /   I   n   t   e   r   m   e   d   i   a   t   e
00242f0   s   .   n   o   i   n   d   e   x   /   A   p   p   W   i   t
0024300   h   T   o   o   l   .   b   u   i   l   d   /   D   e   b   u
0024310   g   /   T   o   o   l   X   .   b   u   i   l   d   /   O   b
0024320   j   e   c   t   s   -   n   o   r   m   a   l   /   a   r   m
0024330   6   4   /   m   a   i   n   .   o  \0   _   m   a   i   n  \0
0024340 372 336  \f 300  \0  \0 027 314  \0  \0  \0 004  \0  \0  \0  \0
0024350  \0  \0  \0   ,  \0  \0  \0 002  \0  \0 003  \a  \0  \0  \0 005
0024360  \0  \0 003 343  \0 001  \0  \0  \0  \0 005  \v 372 336  \f 002
0024370  \0  \0 002 333  \0 002 005  \0  \0 001  \0  \0  \0  \0 001   ;
0024380  \0  \0  \0   `  \0  \0  \0 005  \0  \0  \0  \r  \0  \0 303   @
0024390     002  \0  \f  \0  \0  \0  \0  \0  \0  \0  \0  \0  \0  \0 220
00243a0  \0  \0  \0  \0  \0  \0  \0  \0  \0  \0  \0  \0  \0  \0  \0  \0
*
00243c0  \0  \0  \0 001  \0  \v 001  \0  \0  \0  \0  \0   d   e   v   .
00243d0   b   i   t   c   o   i   n   c   o   r   e   .   a   p   p   -
00243e0   w   i   t   h   -   t   o   o   l   .   A   p   p   W   i   t
00243f0   h   T   o   o   l   .   T   o   o   l   X  \0   Q   P   9   M
0024400   S   C   9   X   7   4  \0   n 241   T 350 367 214   [ 335   P
0024410 223   C 201 224  \0 246   Y 372 347 025 214   H   #   ?   $ 002
0024420 211   s 212 331   q 300   ?  \0  \0  \0  \0  \0  \0  \0  \0  \0
0024430  \0  \0  \0  \0  \0  \0  \0  \0  \0  \0  \0  \0  \0  \0  \0  \0
*
0024460  \0  \0  \0  \0  \0  \0  \0 030 226 365 205   _   . 225   Q 024
0024470   $ 374   a 204   c   S 024   ; 343   g 353 343   q   $   o   m
0024480 370   U 371   |   !   W 276  \0  \0  \0  \0  \0  \0  \0  \0  \0
0024490  \0  \0  \0  \0  \0  \0  \0  \0  \0  \0  \0  \0  \0  \0  \0  \0
00244a0  \0  \0  \0  \0  \0  \0  \0 273 231  \r 021 207 270 255   M 212
00244b0 321  \n   `  \a   k 372 315 233 232 266   - 361 247 023 241   !
00244c0   a   | 235 006 352 317 005 255 177 254 262   X   o 306 351   f
00244d0 300 004 327 321 321   k 002   O   X 005 377   | 264   |   z 205
00244e0 332 275 213   H 211   , 247 255 177 254 262   X   o 306 351   f
00244f0 300 004 327 321 321   k 002   O   X 005 377   | 264   |   z 205
0024500 332 275 213   H 211   , 247   2 235 364 262   C 333 034   e 263
0024510 216   A 276   "   o 246   U 317  \t 027 353   o 371 245   . 250
0024520   =   f 215   k 303 372   D 216   o 335 210   e 266   6 207 232
0024530   S 037 257 237 016   _ 260 270   W 207   ) 032 277 342 330 302
0024540   = 302 211 231   B 347 357 255 177 254 262   X   o 306 351   f
0024550 300 004 327 321 321   k 002   O   X 005 377   | 264   |   z 205
0024560 332 275 213   H 211   , 247 255 177 254 262   X   o 306 351   f
0024570 300 004 327 321 321   k 002   O   X 005 377   | 264   |   z 205
0024580 332 275 213   H 211   , 247 255 177 254 262   X   o 306 351   f
0024590 300 004 327 321 321   k 002   O   X 005 377   | 264   |   z 205
00245a0 332 275 213   H 211   , 247   ) 326   M 221   j 262 254  \t 361
00245b0   W 276   r   %   , 034 210 276 321   d   { 345 205   g   J   e
00245c0   % 377   \ 260 344   m 356 255 177 254 262   X   o 306 351   f
00245d0 300 004 327 321 321   k 002   O   X 005 377   | 264   |   z 205
00245e0 332 275 213   H 211   , 247 255 177 254 262   X   o 306 351   f
00245f0 300 004 327 321 321   k 002   O   X 005 377   | 264   |   z 205
0024600 332 275 213   H 211   , 247 255 177 254 262   X   o 306 351   f
0024610 300 004 327 321 321   k 002   O   X 005 377   | 264   |   z 205
0024620 332 275 213   H 211   , 247   ! 274   : 367 224   % 356   Q 366
0024630   N   |   [ 226 304   6   W 026 327   8   x   *   3 035   G   0
0024640   j 313 255 002 252   x   y 372 336  \f 001  \0  \0  \0 334  \0
0024650  \0  \0 001  \0  \0  \0 003  \0  \0  \0 024 372 336  \f  \0  \0
0024660  \0  \0 310  \0  \0  \0 001  \0  \0  \0 006  \0  \0  \0 002  \0
0024670  \0  \0   /   d   e   v   .   b   i   t   c   o   i   n   c   o
0024680   r   e   .   a   p   p   -   w   i   t   h   -   t   o   o   l
0024690   .   A   p   p   W   i   t   h   T   o   o   l   .   T   o   o
00246a0   l   X  \0  \0  \0  \0 006  \0  \0  \0 017  \0  \0  \0 006  \0
00246b0  \0  \0  \v  \0  \0  \0  \0  \0  \0  \0  \n   s   u   b   j   e
00246c0   c   t   .   C   N  \0  \0  \0  \0  \0 001  \0  \0  \0   6   A
00246d0   p   p   l   e       D   e   v   e   l   o   p   m   e   n   t
00246e0   :       r   a   n   d   y   m   c   m   i   l   l   a   n   1
00246f0   @   m   a   c   .   c   o   m       (   6   F   E   9   9   W
0024700   6   T   E   3   )  \0  \0  \0  \0  \0 016  \0  \0  \0 001  \0
0024710  \0  \0  \n   * 206   H 206 367   c   d 006 002 001  \0  \0  \0
0024720  \0  \0  \0 372 336   q   q  \0  \0 001   (   <   ?   x   m   l
0024730       v   e   r   s   i   o   n   =   "   1   .   0   "       e
0024740   n   c   o   d   i   n   g   =   "   U   T   F   -   8   "   ?
0024750   >  \n   <   !   D   O   C   T   Y   P   E       p   l   i   s
0024760   t       P   U   B   L   I   C       "   -   /   /   A   p   p
0024770   l   e   /   /   D   T   D       P   L   I   S   T       1   .
0024780   0   /   /   E   N   "       "   h   t   t   p   :   /   /   w
0024790   w   w   .   a   p   p   l   e   .   c   o   m   /   D   T   D
00247a0   s   /   P   r   o   p   e   r   t   y   L   i   s   t   -   1
00247b0   .   0   .   d   t   d   "   >  \n   <   p   l   i   s   t    
00247c0   v   e   r   s   i   o   n   =   "   1   .   0   "   >  \n   <
00247d0   d   i   c   t   >  \n  \t   <   k   e   y   >   c   o   m   .
00247e0   a   p   p   l   e   .   s   e   c   u   r   i   t   y   .   a
00247f0   p   p   -   s   a   n   d   b   o   x   <   /   k   e   y   >
0024800  \n  \t   <   t   r   u   e   /   >  \n  \t   <   k   e   y   >
0024810   c   o   m   .   a   p   p   l   e   .   s   e   c   u   r   i
0024820   t   y   .   i   n   h   e   r   i   t   <   /   k   e   y   >
0024830  \n  \t   <   t   r   u   e   /   >  \n   <   /   d   i   c   t
0024840   >  \n   <   /   p   l   i   s   t   >  \n 372 336  \v 001  \0
0024850  \0 022 301   0 200 006  \t   * 206   H 206 367  \r 001  \a 002
0024860 240 200   0 200 002 001 001   1 017   0  \r 006  \t   ` 206   H
0024870 001   e 003 004 002 001 005  \0   0 200 006  \t   * 206   H 206
0024880 367  \r 001  \a 001  \0  \0 240 202 016 352   0 202 004   Q   0
0024890 202 003   9 240 003 002 001 002 002 020   | 257   i  \n   % 267
00248a0   9 376   { 233   D   z 301   x 305 356   0  \r 006  \t   * 206
00248b0   H 206 367  \r 001 001  \v 005  \0   0   b   1  \v   0  \t 006
00248c0 003   U 004 006 023 002   U   S   1 023   0 021 006 003   U 004
00248d0  \n 023  \n   A   p   p   l   e       I   n   c   .   1   &   0
00248e0   $ 006 003   U 004  \v 023 035   A   p   p   l   e       C   e
00248f0   r   t   i   f   i   c   a   t   i   o   n       A   u   t   h
0024900   o   r   i   t   y   1 026   0 024 006 003   U 004 003 023  \r
0024910   A   p   p   l   e       R   o   o   t       C   A   0 036 027
0024920  \r   2   0   0   2   1   9   1   8   1   3   4   7   Z 027  \r
0024930   3   0   0   2   2   0   0   0   0   0   0   0   Z   0   u   1
0024940   D   0   B 006 003   U 004 003  \f   ;   A   p   p   l   e    
0024950   W   o   r   l   d   w   i   d   e       D   e   v   e   l   o
0024960   p   e   r       R   e   l   a   t   i   o   n   s       C   e
0024970   r   t   i   f   i   c   a   t   i   o   n       A   u   t   h
0024980   o   r   i   t   y   1  \v   0  \t 006 003   U 004  \v  \f 002
0024990   G   3   1 023   0 021 006 003   U 004  \n  \f  \n   A   p   p
00249a0   l   e       I   n   c   .   1  \v   0  \t 006 003   U 004 006
00249b0 023 002   U   S   0 202 001   "   0  \r 006  \t   * 206   H 206
00249c0 367  \r 001 001 001 005  \0 003 202 001 017  \0   0 202 001  \n
00249d0 002 202 001 001  \0 330 365 211 374 250   Y  \v 207 307   L 221
00249e0   .   -   V 220 323   x 035 244   0 351 245   H 357  \v   C 277
00249f0   - 204 373   $   ]   E 033 345 353   Y   6 022   \   T   d 236
0024a00   l   b   - 264 306 227 312 314   < 366 326 006 221 374 345 002
0024a10 246 034   j 264   y 325   g 313 254 351   ?  \a 021 341 204 274
0024a20   G 035   f 216   9 242 350 264   I 355   : 322 341 020   `   z
0024a30 216 223 214 312 300 332  \f 300 203 320 343 371 221 326 247 214
0024a40 310 301   s 342 256   F 321   b 235 222 250 220   `   7   }   h
0024a50 226 315 215 340 374 233 372   x 273 343   { 257   - 027 335   [
0024a60 376 200   Y   #   u 027 270 022 301 355 033 345   4 316 376   "
0024a70 265 236   I 260 345   U 277 217 204 242   < 250 272 305 206 225
0024a80 026 344  \0 311 237 003 320 314 263   : 026   { 326 005   \ 235
0024a90 353   G 256  \r 265   - 214 016   i   M   @ 320   K   L   ; 004
0024aa0 236 215   ! 261 254   .   C   T   0 316 301 212 206 224 230   K
0024ab0 337   j  \r   ? 376 373 034 256 227 027 302   x  \n   0 340   _
0024ac0 037   T   ;   I 267   %  \0 032   7 202 322   V 227 245   R   I
0024ad0   |   `   8 233 357 002 003 001  \0 001 243 201 357   0 201 354
0024ae0   0 022 006 003   U 035 023 001 001 377 004  \b   0 006 001 001
0024af0 377 002 001  \0   0 037 006 003   U 035   # 004 030   0 026 200
0024b00 024   + 320   i   G 224   v  \t 376 364   k 215   .   @ 246 367
0024b10   G   M 177  \b   ^   0   D 006  \b   + 006 001 005 005  \a 001
0024b20 001 004   8   0   6   0   4 006  \b   + 006 001 005 005  \a   0
0024b30 001 206   (   h   t   t   p   :   /   /   o   c   s   p   .   a
0024b40   p   p   l   e   .   c   o   m   /   o   c   s   p   0   3   -
0024b50   a   p   p   l   e   r   o   o   t   c   a   0   . 006 003   U
0024b60 035 037 004   '   0   %   0   # 240   ! 240 037 206 035   h   t
0024b70   t   p   :   /   /   c   r   l   .   a   p   p   l   e   .   c
0024b80   o   m   /   r   o   o   t   .   c   r   l   0 035 006 003   U
0024b90 035 016 004 026 004 024  \t 376 300 025 220 371 257   d  \n 222
0024ba0 022 271   &   (   c  \f 227 354 247 262   0 016 006 003   U 035
0024bb0 017 001 001 377 004 004 003 002 001 006   0 020 006  \n   * 206
0024bc0   H 206 367   c   d 006 002 001 004 002 005  \0   0  \r 006  \t
0024bd0   * 206   H 206 367  \r 001 001  \v 005  \0 003 202 001 001  \0
0024be0 255   e 023 350 366 340 201   w   D 002   G   B 276   _ 245   9
0024bf0     352   b 251 375 305 220 311   s 023 325 236 233 320 252 017
0024c00 215 215 313 355 001 317   l   (   @   [ 307   U   $   A 370 374
0024c10 317 301 265   # 351 334 354 361   o 312 200 035   w 302 304   a
0024c20   I   %   g 257 017 312   9   % 255 323 343   z 314   3   (  \r
0024c30 016   . 241   W   @   s 372 346   \ 256 006   Q   ) 355 343 205
0024c40  \f   O   a 334   2 026 213   w 320   D 312   ]   r 003   1   F
0024c50 234 256 233   @ 032 372 364 340 323   > 372   / 214   f 237 227
0024c60 304   T   Y 357 322   H 364  \a 231   I   `   Y 031 307 335 224
0024c70 321 300 301   l 177   x   ! 357  \f 353   ;   l 231 202   K   R
0024c80   `   8 265   9 202   m 354   R   1   S 276 017 221   L   I   I
0024c90   t 217 246   Q 313 204   G   N 035   u   '   n 275 371 322   \
0024ca0 363 177 302   l  \v  \t   6 342   d 344 302   7 003 024 031 325
0024cb0 352   j 224 252 251 333 376 366 232  \b   g 213 357   + 270 252
0024cc0 027   I 203 257 317 313 274 351 317 352 225   q 260 264   E 242
0024cd0 314 345 207 252  \n 303   A   :   y   \ 332   P   4 235 225   ;
0024ce0   0 202 004 273   0 202 003 243 240 003 002 001 002 002 001 002
0024cf0   0  \r 006  \t   * 206   H 206 367  \r 001 001 005 005  \0   0
0024d00   b   1  \v   0  \t 006 003   U 004 006 023 002   U   S   1 023
0024d10   0 021 006 003   U 004  \n 023  \n   A   p   p   l   e       I
0024d20   n   c   .   1   &   0   $ 006 003   U 004  \v 023 035   A   p
0024d30   p   l   e       C   e   r   t   i   f   i   c   a   t   i   o
0024d40   n       A   u   t   h   o   r   i   t   y   1 026   0 024 006
0024d50 003   U 004 003 023  \r   A   p   p   l   e       R   o   o   t
0024d60       C   A   0 036 027  \r   0   6   0   4   2   5   2   1   4
0024d70   0   3   6   Z 027  \r   3   5   0   2   0   9   2   1   4   0
0024d80   3   6   Z   0   b   1  \v   0  \t 006 003   U 004 006 023 002
0024d90   U   S   1 023   0 021 006 003   U 004  \n 023  \n   A   p   p
0024da0   l   e       I   n   c   .   1   &   0   $ 006 003   U 004  \v
0024db0 023 035   A   p   p   l   e       C   e   r   t   i   f   i   c
0024dc0   a   t   i   o   n       A   u   t   h   o   r   i   t   y   1
0024dd0 026   0 024 006 003   U 004 003 023  \r   A   p   p   l   e    
0024de0   R   o   o   t       C   A   0 202 001   "   0  \r 006  \t   *
0024df0 206   H 206 367  \r 001 001 001 005  \0 003 202 001 017  \0   0
0024e00 202 001  \n 002 202 001 001  \0 344 221 251  \t 037 221 333 036
0024e10   G   P 353 005 355   ^   y 204   - 353   6 242   W   L   U 354
0024e20 213 031 211 336 371   K   l 365  \a 253   "   0 002 350 030   >
0024e30 370   P  \t 323 177   A 250 230 371 321 312   f 234   $   k 021
0024e40 320 243 273 344 033   * 303 037 225 236   z  \f 244   G 213   [
0024e50 324 026   7   3 313 304 017   M 316 024   i 321 311 031   r 365
0024e60   ] 016 325 177   _ 233 362   % 003 272   U 217   M   ]  \r 361
0024e70   d   5   # 025   K 025   Y 035 263 224 367 366 234 236 317   P
0024e80 272 301   X   P   g 217  \b 264     367 313 254   ,       o   p
0024e90 266   ? 001   0 214 267   C 317 017 235   = 363   +   I   ( 032
0024ea0 310 376 316 265 271 016 331   ^ 034 326 313   = 265   : 255 364
0024eb0 017 016  \0 222  \v 261   ! 026   .   t 325   <  \r 333   b 026
0024ec0 253 243   q 222   G   S   U 301 257   /   A 263 370 373 343   p
0024ed0 315 346 243   L   E   ~ 037   L   k   P 226   A 211 304   t   b
0024ee0  \v 020 203   A 207   3 212 201 261   0   X 354   Z 004   2 214
0024ef0   h 263 217 035 336   e   s 377   g   ^   e 274   I 330   v 237
0024f00   3 024   e 241   w 224 311   - 002 003 001  \0 001 243 202 001
0024f10   z   0 202 001   v   0 016 006 003   U 035 017 001 001 377 004
0024f20 004 003 002 001 006   0 017 006 003   U 035 023 001 001 377 004
0024f30 005   0 003 001 001 377   0 035 006 003   U 035 016 004 026 004
0024f40 024   + 320   i   G 224   v  \t 376 364   k 215   .   @ 246 367
0024f50   G   M 177  \b   ^   0 037 006 003   U 035   # 004 030   0 026
0024f60 200 024   + 320   i   G 224   v  \t 376 364   k 215   .   @ 246
0024f70 367   G   M 177  \b   ^   0 202 001 021 006 003   U 035     004
0024f80 202 001  \b   0 202 001 004   0 202 001  \0 006  \t   * 206   H
0024f90 206 367   c   d 005 001   0 201 362   0   * 006  \b   + 006 001
0024fa0 005 005  \a 002 001 026 036   h   t   t   p   s   :   /   /   w
0024fb0   w   w   .   a   p   p   l   e   .   c   o   m   /   a   p   p
0024fc0   l   e   c   a   /   0 201 303 006  \b   + 006 001 005 005  \a
0024fd0 002 002   0 201 266 032 201 263   R   e   l   i   a   n   c   e
0024fe0       o   n       t   h   i   s       c   e   r   t   i   f   i
0024ff0   c   a   t   e       b   y       a   n   y       p   a   r   t
0025000   y       a   s   s   u   m   e   s       a   c   c   e   p   t
0025010   a   n   c   e       o   f       t   h   e       t   h   e   n
0025020       a   p   p   l   i   c   a   b   l   e       s   t   a   n
0025030   d   a   r   d       t   e   r   m   s       a   n   d       c
0025040   o   n   d   i   t   i   o   n   s       o   f       u   s   e
0025050   ,       c   e   r   t   i   f   i   c   a   t   e       p   o
0025060   l   i   c   y       a   n   d       c   e   r   t   i   f   i
0025070   c   a   t   i   o   n       p   r   a   c   t   i   c   e    
0025080   s   t   a   t   e   m   e   n   t   s   .   0  \r 006  \t   *
0025090 206   H 206 367  \r 001 001 005 005  \0 003 202 001 001  \0   \
00250a0   6 231   L   -   x 267 355 214 233 334 363   w 233 362   v 322
00250b0   w   0   O 301 037 205 203 205 033 231   =   G   7 362 251 233
00250c0   @ 216   , 324 261 220 022 330 276 364   s 233 356 322   d 017
00250d0 313   y   O   4 330 242   > 371   x 377   k 310  \a 354   }   9
00250e0 203 213   S     323   8 304 261 277 232   O  \n   k 377   + 374
00250f0   Y 247 005  \t   | 027   @   V 021 036   t 323 267 213   #   ;
0025100   G 243 325   o   $ 342 353 321 267   p 337 017   E 341   ' 312
0025110 361   m   x 355 347 265 027 027 250 334   ~   "   5 312   % 325
0025120 331 017 326   k 324 242   $   # 021 367 241 254 217   s 201   `
0025130 306 033   [  \t   / 222 262 370   D   H 360   `   8 236 025 365
0025140   =   &   g     212   3   j 367  \r 202 317 336 353 243   / 371
0025150   S   j   [   d 300   c   3   w 367   :  \a   ,   V 353 332 017
0025160   ! 016 332 272   s 031   O 265 331   6 177 301 207   U 331 247
0025170 231 271   2   B 373 330 325   q 236   ~ 241   R 267 033 275 223
0025180   B   $ 022   * 307 017 035 266   M 234   ^   c 310   K 200 027
0025190   P 252 212 325 332 344 374 320  \t  \a   7 260   u   u   !   0
00251a0 202 005 322   0 202 004 272 240 003 002 001 002 002 020 177 243
00251b0 177   1 377  \a 207     306   }   S 243 246  \b   / 327   0  \r
00251c0 006  \t   * 206   H 206 367  \r 001 001  \v 005  \0   0   u   1
00251d0   D   0   B 006 003   U 004 003  \f   ;   A   p   p   l   e    
00251e0   W   o   r   l   d   w   i   d   e       D   e   v   e   l   o
00251f0   p   e   r       R   e   l   a   t   i   o   n   s       C   e
0025200   r   t   i   f   i   c   a   t   i   o   n       A   u   t   h
0025210   o   r   i   t   y   1  \v   0  \t 006 003   U 004  \v  \f 002
0025220   G   3   1 023   0 021 006 003   U 004  \n  \f  \n   A   p   p
0025230   l   e       I   n   c   .   1  \v   0  \t 006 003   U 004 006
0025240 023 002   U   S   0 036 027  \r   2   2   1   1   1   3   2   2
0025250   1   9   5   1   Z 027  \r   2   3   1   1   1   3   2   2   1
0025260   9   5   0   Z   0 201 230   1 032   0 030 006  \n  \t 222   &
0025270 211 223 362   ,   d 001 001  \f  \n   Y   C   R   5   2   P   K
0025280   E   U   Z   1   ?   0   = 006 003   U 004 003  \f   6   A   p
0025290   p   l   e       D   e   v   e   l   o   p   m   e   n   t   :
00252a0       r   a   n   d   y   m   c   m   i   l   l   a   n   1   @
00252b0   m   a   c   .   c   o   m       (   6   F   E   9   9   W   6
00252c0   T   E   3   )   1 023   0 021 006 003   U 004  \v  \f  \n   Q
00252d0   P   9   M   S   C   9   X   7   4   1 027   0 025 006 003   U
00252e0 004  \n  \f 016   R   a   n   d   y       M   c   M   i   l   l
00252f0   a   n   1  \v   0  \t 006 003   U 004 006 023 002   U   S   0
0025300 202 001   "   0  \r 006  \t   * 206   H 206 367  \r 001 001 001
0025310 005  \0 003 202 001 017  \0   0 202 001  \n 002 202 001 001  \0
0025320 313 025   P   N   P 212 024   S 243   C 003   & 256   ]   Q   <
0025330   A   o 224   _   b   t     316   D   f 337   =   , 254 265 207
0025340 024   j   {   g 363 024  \b   b   y 255 200   K   f   _   ]   T
0025350   Y   8 250   6 227 343   [   C 004   /   ' 310 325   7   F 367
0025360   }   < 211 001   u   o 342 345   ~   R   n 030 310   f 201 031
0025370   3 210   R 257   {   r   !   E   U   M 231 274 022 211 206 375
0025380 330   F   V 233   H 300 204 250 307 357 035 177 253 343 256 006
0025390 336   g   7 021 032 243 260 300   N 270 037 025 225 262   7   :
00253a0   ( 320   9 376 373       j   = 306   5   ! 004   ) 267 313 002
00253b0   j 201   m 353 234 261 236  \f 360 320   q 272 016 260   t 357
00253c0 017 252 350   , 270 023   ;   D 253 307 321 261   k 330 320 371
00253d0   o   U 231   } 305 327   w 027 302 200 262 306 030   }   e 346
00253e0 331   V 277 252 336 211 357   |   ; 216 003 314   w 270 347  \f
00253f0   # 236 377   u   b 241   e  \f   l 354 321 204   b 255 215 353
0025400 265   I   }  \v 004   { 377 243   P 324 217   X   ;   8   =   )
0025410 030   v 374   h   t   R 372   U  \0   " 322   n 363   Q 224 203
0025420 002 003 001  \0 001 243 202 002   8   0 202 002   4   0  \f 006
0025430 003   U 035 023 001 001 377 004 002   0  \0   0 037 006 003   U
0025440 035   # 004 030   0 026 200 024  \t 376 300 025 220 371 257   d
0025450  \n 222 022 271   &   (   c  \f 227 354 247 262   0   p 006  \b
0025460   + 006 001 005 005  \a 001 001 004   d   0   b   0   - 006  \b
0025470   + 006 001 005 005  \a   0 002 206   !   h   t   t   p   :   /
0025480   /   c   e   r   t   s   .   a   p   p   l   e   .   c   o   m
0025490   /   w   w   d   r   g   3   .   d   e   r   0   1 006  \b   +
00254a0 006 001 005 005  \a   0 001 206   %   h   t   t   p   :   /   /
00254b0   o   c   s   p   .   a   p   p   l   e   .   c   o   m   /   o
00254c0   c   s   p   0   3   -   w   w   d   r   g   3   0   4   0 202
00254d0 001 036 006 003   U 035     004 202 001 025   0 202 001 021   0
00254e0 202 001  \r 006  \t   * 206   H 206 367   c   d 005 001   0 201
00254f0 377   0 201 303 006  \b   + 006 001 005 005  \a 002 002   0 201
0025500 266  \f 201 263   R   e   l   i   a   n   c   e       o   n    
0025510   t   h   i   s       c   e   r   t   i   f   i   c   a   t   e
0025520       b   y       a   n   y       p   a   r   t   y       a   s
0025530   s   u   m   e   s       a   c   c   e   p   t   a   n   c   e
0025540       o   f       t   h   e       t   h   e   n       a   p   p
0025550   l   i   c   a   b   l   e       s   t   a   n   d   a   r   d
0025560       t   e   r   m   s       a   n   d       c   o   n   d   i
0025570   t   i   o   n   s       o   f       u   s   e   ,       c   e
0025580   r   t   i   f   i   c   a   t   e       p   o   l   i   c   y
0025590       a   n   d       c   e   r   t   i   f   i   c   a   t   i
00255a0   o   n       p   r   a   c   t   i   c   e       s   t   a   t
00255b0   e   m   e   n   t   s   .   0   7 006  \b   + 006 001 005 005
00255c0  \a 002 001 026   +   h   t   t   p   s   :   /   /   w   w   w
00255d0   .   a   p   p   l   e   .   c   o   m   /   c   e   r   t   i
00255e0   f   i   c   a   t   e   a   u   t   h   o   r   i   t   y   /
00255f0   0 026 006 003   U 035   % 001 001 377 004  \f   0  \n 006  \b
0025600   + 006 001 005 005  \a 003 003   0 035 006 003   U 035 016 004
0025610 026 004 024 001   { 351   3 204 276 207   z   e 207   x   L 005
0025620 340 367   z   8   $ 022 273   0 016 006 003   U 035 017 001 001
0025630 377 004 004 003 002  \a 200   0 023 006  \n   * 206   H 206 367
0025640   c   d 006 001 002 001 001 377 004 002 005  \0   0 023 006  \n
0025650   * 206   H 206 367   c   d 006 001  \f 001 001 377 004 002 005
0025660  \0   0  \r 006  \t   * 206   H 206 367  \r 001 001  \v 005  \0
0025670 003 202 001 001  \0 314 305 031 363   } 355 264   k 216   q   R
0025680   % 332   7 026   1   k   m 354 313 251 341 032  \r 240   o 342
0025690 236 225   L 224 024 243   f   c   I   9   r  \b 253   B   s 003
00256a0 233 215 262 353 031 031   $ 334 217   < 366 207 372 260   U 326
00256b0 237 313 035   '   ?   R 266   l 205 357 217 030 305   n   m 032
00256c0 242 363 317 303 333 223   # 365   ` 306 217 342 005   7 256 361
00256d0 236 262   P 036 273   P 233 335   J   |   ]   . 234   n  \v 327
00256e0 247   h 234 335   9   6 357 345   W 313   j 246 312 253 371 022
00256f0   c   5   o   = 341 254   b 317 237 227   =   T 363 337 306 305
0025700   E 233 264 241   , 333   D 216   7 325 017 330   4 356 237 352
0025710   {   ~   x   V   H 306   :   Y   3 233 237   $   c 253 375   $
0025720   M   u 321 201 016 302 016   2 006 331   = 214   F 032 211  \a
0025730   J 342 324 200 215 273   j   G 324   I 314 376 022 022  \a 344
0025740 031   : 332 260 313 221 020 301 327 343   %   @ 214 306 203 243
0025750   { 001   g   p   W   h 353   v   % 003 021 356 275   J 230   +
0025760   Q   o 341 360   u 250   V 310 222 213 030 027   , 367 005 340
0025770   J   D   A 206 031   1 202 003 215   0 202 003 211 002 001 001
0025780   0 201 211   0   u   1   D   0   B 006 003   U 004 003  \f   ;
0025790   A   p   p   l   e       W   o   r   l   d   w   i   d   e    
00257a0   D   e   v   e   l   o   p   e   r       R   e   l   a   t   i
00257b0   o   n   s       C   e   r   t   i   f   i   c   a   t   i   o
00257c0   n       A   u   t   h   o   r   i   t   y   1  \v   0  \t 006
00257d0 003   U 004  \v  \f 002   G   3   1 023   0 021 006 003   U 004
00257e0  \n  \f  \n   A   p   p   l   e       I   n   c   .   1  \v   0
00257f0  \t 006 003   U 004 006 023 002   U   S 002 020 177 243 177   1
0025800 377  \a 207     306   }   S 243 246  \b   / 327   0  \r 006  \t
0025810   ` 206   H 001   e 003 004 002 001 005  \0 240 202 001 324   0
0025820 030 006  \t   * 206   H 206 367  \r 001  \t 003   1  \v 006  \t
0025830   * 206   H 206 367  \r 001  \a 001   0 034 006  \t   * 206   H
0025840 206 367  \r 001  \t 005   1 017 027  \r   2   3   0   5   1   6
0025850   1   9   0   0   0   6   Z   0   / 006  \t   * 206   H 206 367
0025860  \r 001  \t 004   1   " 004       } 206 031 327   ~ 207   E   Q
0025870   `   D 274 212 363 367 364 355 275 327 201   5   ^ 331 361 364
0025880   a 202 325   ,   d   g 233   M   0   < 006  \t   * 206   H 206
0025890 367   c   d  \t 002   1   /   0   - 006  \t   ` 206   H 001   e
00258a0 003 004 002 001 004       } 206 031 327   ~ 207   E   Q   `   D
00258b0 274 212 363 367 364 355 275 327 201   5   ^ 331 361 364   a 202
00258c0 325   ,   d   g 233   M   0 202 001   ) 006  \t   * 206   H 206
00258d0 367   c   d  \t 001   1 202 001 032 004 202 001 026   <   ?   x
00258e0   m   l       v   e   r   s   i   o   n   =   "   1   .   0   "
00258f0       e   n   c   o   d   i   n   g   =   "   U   T   F   -   8
0025900   "   ?   >  \n   <   !   D   O   C   T   Y   P   E       p   l
0025910   i   s   t       P   U   B   L   I   C       "   -   /   /   A
0025920   p   p   l   e   /   /   D   T   D       P   L   I   S   T    
0025930   1   .   0   /   /   E   N   "       "   h   t   t   p   :   /
0025940   /   w   w   w   .   a   p   p   l   e   .   c   o   m   /   D
0025950   T   D   s   /   P   r   o   p   e   r   t   y   L   i   s   t
0025960   -   1   .   0   .   d   t   d   "   >  \n   <   p   l   i   s
0025970   t       v   e   r   s   i   o   n   =   "   1   .   0   "   >
0025980  \n   <   d   i   c   t   >  \n  \t   <   k   e   y   >   c   d
0025990   h   a   s   h   e   s   <   /   k   e   y   >  \n  \t   <   a
00259a0   r   r   a   y   >  \n  \t  \t   <   d   a   t   a   >  \n  \t
00259b0  \t   f   Y   Y   Z   1   3   6   H   R   V   F   g   R   L   y
00259c0   K   8   /   f   0   7   b   3   X   g   T   U   =  \n  \t  \t
00259d0   <   /   d   a   t   a   >  \n  \t   <   /   a   r   r   a   y
00259e0   >  \n   <   /   d   i   c   t   >  \n   <   /   p   l   i   s
00259f0   t   >  \n   0  \r 006  \t   * 206   H 206 367  \r 001 001 001
0025a00 005  \0 004 202 001  \0 202   5 211 211 316 355   # 243 226 250
0025a10 234   R 353 216   }   }   % 361   S 006   h 321 361 306 361   !
0025a20   - 025   J   O 362 210   e   "   ;   U  \v   s   " 246 024 273
0025a30 274 214 340   m   F   h 330 355   '   r 241   g 227   |   g 352
0025a40 027 270 366 317 221   a 235   w   w   [   !   1 314  \f 253 353
0025a50 032 024 342  \n 352   N 241 333   * 002 003 264 350 020   ` 203
0025a60 232 311 214   ] 307   )  \n  \b 220   C   2 204   \   '  \f 237
0025a70   -   A   6 303 233 330   >   J 214 330   (   g   z 350 222   i
0025a80   n 271   #   - 230 323 240 376   i   5 261 212 037   m   M   P
0025a90   C   3 276 003 212 214 343 267 275   _   : 266   w 030 030 275
0025aa0 321   0 251 303 311   ! 363   N   9   L 240   x 365 213 202 375
0025ab0 340  \n  \v   ) 312 327   D   m 222 225 350   Z   ?   ! 274   %
0025ac0 253 263   ' 242   E 331   ]   p   ^ 034 304 223 030 250   r   c
0025ad0 226   g   y  \f 033   x 215 316   w 033     351 250 341 245 362
0025ae0 200 212 026 312 364 305   T   5 340 362 370 374 327 231 241   #
0025af0 333 177 237     255 343 031   7 233 211   q   } 377   ( 307   )
0025b00   |   %   o 340   0  \a  \0  \0  \0  \0  \0  \0  \0  \0  \0  \0
0025b10  \0  \0  \0  \0  \0  \0  \0  \0  \0  \0  \0  \0  \0  \0  \0  \0
*
0028ea0
